<?xml version="1.0" encoding="UTF-8"?>
<coverage generated="1723919629345" clover="3.2.0">
  <project timestamp="1723919629345" name="All files">
    <metrics statements="638" coveredstatements="368" conditionals="160" coveredconditionals="24" methods="124" coveredmethods="42" elements="922" coveredelements="434" complexity="0" loc="638" ncloc="638" packages="8" files="29" classes="29"/>
    <package name="src">
      <metrics statements="32" coveredstatements="26" conditionals="3" coveredconditionals="2" methods="6" coveredmethods="2"/>
      <file name="server.ts" path="C:\Users\hp\Desktop\E-commerce-Backend-G2\src\server.ts">
        <metrics statements="32" coveredstatements="26" conditionals="3" coveredconditionals="2" methods="6" coveredmethods="2"/>
        <line num="1" count="1" type="stmt"/>
        <line num="2" count="1" type="stmt"/>
        <line num="3" count="1" type="stmt"/>
        <line num="4" count="1" type="stmt"/>
        <line num="5" count="1" type="stmt"/>
        <line num="6" count="1" type="stmt"/>
        <line num="7" count="1" type="stmt"/>
        <line num="8" count="1" type="stmt"/>
        <line num="9" count="1" type="stmt"/>
        <line num="12" count="1" type="stmt"/>
        <line num="13" count="1" type="stmt"/>
        <line num="14" count="1" type="stmt"/>
        <line num="15" count="1" type="stmt"/>
        <line num="16" count="1" type="stmt"/>
        <line num="19" count="1" type="cond" truecount="2" falsecount="0"/>
        <line num="20" count="1" type="stmt"/>
        <line num="21" count="1" type="stmt"/>
        <line num="22" count="1" type="stmt"/>
        <line num="23" count="1" type="stmt"/>
        <line num="24" count="1" type="stmt"/>
        <line num="25" count="1" type="stmt"/>
        <line num="26" count="1" type="stmt"/>
        <line num="27" count="1" type="stmt"/>
        <line num="28" count="0" type="stmt"/>
        <line num="31" count="1" type="cond" truecount="0" falsecount="1"/>
        <line num="32" count="0" type="stmt"/>
        <line num="34" count="0" type="stmt"/>
        <line num="35" count="0" type="stmt"/>
        <line num="36" count="0" type="stmt"/>
        <line num="38" count="0" type="stmt"/>
        <line num="40" count="1" type="stmt"/>
        <line num="41" count="1" type="stmt"/>
      </file>
    </package>
    <package name="src.config">
      <metrics statements="7" coveredstatements="4" conditionals="40" coveredconditionals="7" methods="0" coveredmethods="0"/>
      <file name="databaseConfig.ts" path="C:\Users\hp\Desktop\E-commerce-Backend-G2\src\config\databaseConfig.ts">
        <metrics statements="7" coveredstatements="4" conditionals="40" coveredconditionals="7" methods="0" coveredmethods="0"/>
        <line num="1" count="1" type="stmt"/>
        <line num="3" count="1" type="stmt"/>
        <line num="14" count="1" type="cond" truecount="1" falsecount="1"/>
        <line num="15" count="1" type="stmt"/>
        <line num="23" count="0" type="cond" truecount="0" falsecount="2"/>
        <line num="24" count="0" type="stmt"/>
        <line num="33" count="0" type="stmt"/>
      </file>
    </package>
    <package name="src.controllers">
      <metrics statements="145" coveredstatements="58" conditionals="4" coveredconditionals="0" methods="45" coveredmethods="15"/>
      <file name="homePageController.ts" path="C:\Users\hp\Desktop\E-commerce-Backend-G2\src\controllers\homePageController.ts">
        <metrics statements="8" coveredstatements="2" conditionals="0" coveredconditionals="0" methods="2" coveredmethods="0"/>
        <line num="2" count="1" type="stmt"/>
        <line num="3" count="1" type="stmt"/>
        <line num="4" count="0" type="stmt"/>
        <line num="5" count="0" type="stmt"/>
        <line num="6" count="0" type="stmt"/>
        <line num="7" count="0" type="stmt"/>
        <line num="8" count="0" type="stmt"/>
        <line num="10" count="0" type="stmt"/>
      </file>
      <file name="productsController.ts" path="C:\Users\hp\Desktop\E-commerce-Backend-G2\src\controllers\productsController.ts">
        <metrics statements="99" coveredstatements="47" conditionals="0" coveredconditionals="0" methods="34" coveredmethods="14"/>
        <line num="2" count="1" type="stmt"/>
        <line num="4" count="2" type="stmt"/>
        <line num="5" count="2" type="stmt"/>
        <line num="6" count="2" type="stmt"/>
        <line num="7" count="2" type="stmt"/>
        <line num="8" count="1" type="stmt"/>
        <line num="10" count="1" type="stmt"/>
        <line num="14" count="2" type="stmt"/>
        <line num="15" count="2" type="stmt"/>
        <line num="16" count="2" type="stmt"/>
        <line num="17" count="2" type="stmt"/>
        <line num="18" count="1" type="stmt"/>
        <line num="20" count="1" type="stmt"/>
        <line num="24" count="1" type="stmt"/>
        <line num="25" count="0" type="stmt"/>
        <line num="26" count="0" type="stmt"/>
        <line num="27" count="0" type="stmt"/>
        <line num="28" count="0" type="stmt"/>
        <line num="30" count="0" type="stmt"/>
        <line num="33" count="2" type="stmt"/>
        <line num="34" count="2" type="stmt"/>
        <line num="35" count="2" type="stmt"/>
        <line num="36" count="2" type="stmt"/>
        <line num="38" count="0" type="stmt"/>
        <line num="41" count="2" type="stmt"/>
        <line num="42" count="2" type="stmt"/>
        <line num="43" count="2" type="stmt"/>
        <line num="44" count="2" type="stmt"/>
        <line num="46" count="0" type="stmt"/>
        <line num="50" count="2" type="stmt"/>
        <line num="51" count="2" type="stmt"/>
        <line num="52" count="2" type="stmt"/>
        <line num="53" count="2" type="stmt"/>
        <line num="55" count="0" type="stmt"/>
        <line num="58" count="1" type="stmt"/>
        <line num="59" count="0" type="stmt"/>
        <line num="60" count="0" type="stmt"/>
        <line num="61" count="0" type="stmt"/>
        <line num="63" count="0" type="stmt"/>
        <line num="64" count="0" type="stmt"/>
        <line num="67" count="2" type="stmt"/>
        <line num="68" count="2" type="stmt"/>
        <line num="69" count="2" type="stmt"/>
        <line num="70" count="2" type="stmt"/>
        <line num="71" count="1" type="stmt"/>
        <line num="73" count="1" type="stmt"/>
        <line num="76" count="2" type="stmt"/>
        <line num="77" count="2" type="stmt"/>
        <line num="78" count="2" type="stmt"/>
        <line num="79" count="2" type="stmt"/>
        <line num="80" count="1" type="stmt"/>
        <line num="82" count="1" type="stmt"/>
        <line num="85" count="1" type="stmt"/>
        <line num="86" count="0" type="stmt"/>
        <line num="87" count="0" type="stmt"/>
        <line num="88" count="0" type="stmt"/>
        <line num="89" count="0" type="stmt"/>
        <line num="91" count="0" type="stmt"/>
        <line num="94" count="1" type="stmt"/>
        <line num="95" count="0" type="stmt"/>
        <line num="96" count="0" type="stmt"/>
        <line num="97" count="0" type="stmt"/>
        <line num="98" count="0" type="stmt"/>
        <line num="100" count="0" type="stmt"/>
        <line num="103" count="1" type="stmt"/>
        <line num="104" count="0" type="stmt"/>
        <line num="105" count="0" type="stmt"/>
        <line num="106" count="0" type="stmt"/>
        <line num="107" count="0" type="stmt"/>
        <line num="109" count="0" type="stmt"/>
        <line num="112" count="1" type="stmt"/>
        <line num="113" count="0" type="stmt"/>
        <line num="114" count="0" type="stmt"/>
        <line num="115" count="0" type="stmt"/>
        <line num="116" count="0" type="stmt"/>
        <line num="118" count="0" type="stmt"/>
        <line num="121" count="1" type="stmt"/>
        <line num="122" count="0" type="stmt"/>
        <line num="123" count="0" type="stmt"/>
        <line num="124" count="0" type="stmt"/>
        <line num="125" count="0" type="stmt"/>
        <line num="127" count="0" type="stmt"/>
        <line num="130" count="1" type="stmt"/>
        <line num="131" count="0" type="stmt"/>
        <line num="132" count="0" type="stmt"/>
        <line num="133" count="0" type="stmt"/>
        <line num="146" count="0" type="stmt"/>
        <line num="148" count="0" type="stmt"/>
        <line num="151" count="1" type="stmt"/>
        <line num="152" count="0" type="stmt"/>
        <line num="153" count="0" type="stmt"/>
        <line num="154" count="0" type="stmt"/>
        <line num="156" count="0" type="stmt"/>
        <line num="159" count="1" type="stmt"/>
        <line num="160" count="0" type="stmt"/>
        <line num="161" count="0" type="stmt"/>
        <line num="162" count="0" type="stmt"/>
        <line num="163" count="0" type="stmt"/>
        <line num="165" count="0" type="stmt"/>
      </file>
      <file name="userController.ts" path="C:\Users\hp\Desktop\E-commerce-Backend-G2\src\controllers\userController.ts">
        <metrics statements="38" coveredstatements="9" conditionals="4" coveredconditionals="0" methods="9" coveredmethods="1"/>
        <line num="3" count="1" type="stmt"/>
        <line num="4" count="1" type="stmt"/>
        <line num="5" count="1" type="stmt"/>
        <line num="6" count="1" type="stmt"/>
        <line num="7" count="1" type="stmt"/>
        <line num="8" count="2" type="stmt"/>
        <line num="9" count="0" type="stmt"/>
        <line num="10" count="0" type="stmt"/>
        <line num="11" count="0" type="stmt"/>
        <line num="12" count="0" type="stmt"/>
        <line num="13" count="0" type="cond" truecount="0" falsecount="2"/>
        <line num="14" count="0" type="stmt"/>
        <line num="15" count="0" type="stmt"/>
        <line num="16" count="0" type="stmt"/>
        <line num="21" count="0" type="stmt"/>
        <line num="24" count="0" type="stmt"/>
        <line num="29" count="1" type="stmt"/>
        <line num="30" count="0" type="stmt"/>
        <line num="31" count="0" type="stmt"/>
        <line num="32" count="0" type="stmt"/>
        <line num="33" count="0" type="stmt"/>
        <line num="34" count="0" type="cond" truecount="0" falsecount="2"/>
        <line num="35" count="0" type="stmt"/>
        <line num="36" count="0" type="stmt"/>
        <line num="37" count="0" type="stmt"/>
        <line num="42" count="0" type="stmt"/>
        <line num="45" count="0" type="stmt"/>
        <line num="48" count="1" type="stmt"/>
        <line num="49" count="0" type="stmt"/>
        <line num="50" count="0" type="stmt"/>
        <line num="51" count="0" type="stmt"/>
        <line num="52" count="0" type="stmt"/>
        <line num="54" count="0" type="stmt"/>
        <line num="57" count="1" type="stmt"/>
        <line num="58" count="0" type="stmt"/>
        <line num="59" count="0" type="stmt"/>
        <line num="60" count="0" type="stmt"/>
        <line num="62" count="0" type="stmt"/>
      </file>
    </package>
    <package name="src.database">
      <metrics statements="32" coveredstatements="32" conditionals="0" coveredconditionals="0" methods="1" coveredmethods="1"/>
      <file name="connection.ts" path="C:\Users\hp\Desktop\E-commerce-Backend-G2\src\database\connection.ts">
        <metrics statements="4" coveredstatements="4" conditionals="0" coveredconditionals="0" methods="0" coveredmethods="0"/>
        <line num="1" count="1" type="stmt"/>
        <line num="2" count="1" type="stmt"/>
        <line num="3" count="1" type="stmt"/>
        <line num="20" count="1" type="stmt"/>
      </file>
      <file name="index.ts" path="C:\Users\hp\Desktop\E-commerce-Backend-G2\src\database\index.ts">
        <metrics statements="28" coveredstatements="28" conditionals="0" coveredconditionals="0" methods="1" coveredmethods="1"/>
        <line num="1" count="1" type="stmt"/>
        <line num="2" count="1" type="stmt"/>
        <line num="3" count="1" type="stmt"/>
        <line num="4" count="1" type="stmt"/>
        <line num="5" count="1" type="stmt"/>
        <line num="6" count="1" type="stmt"/>
        <line num="7" count="1" type="stmt"/>
        <line num="8" count="1" type="stmt"/>
        <line num="9" count="1" type="stmt"/>
        <line num="10" count="1" type="stmt"/>
        <line num="11" count="1" type="stmt"/>
        <line num="12" count="1" type="stmt"/>
        <line num="13" count="1" type="stmt"/>
        <line num="14" count="1" type="stmt"/>
        <line num="15" count="1" type="stmt"/>
        <line num="16" count="1" type="stmt"/>
        <line num="17" count="1" type="stmt"/>
        <line num="18" count="1" type="stmt"/>
        <line num="19" count="1" type="stmt"/>
        <line num="20" count="1" type="stmt"/>
        <line num="21" count="1" type="stmt"/>
        <line num="22" count="1" type="stmt"/>
        <line num="23" count="1" type="stmt"/>
        <line num="24" count="1" type="stmt"/>
        <line num="25" count="1" type="stmt"/>
        <line num="26" count="1" type="stmt"/>
        <line num="27" count="1" type="stmt"/>
        <line num="29" count="1" type="stmt"/>
      </file>
    </package>
    <package name="src.database.models">
      <metrics statements="120" coveredstatements="120" conditionals="0" coveredconditionals="0" methods="13" coveredmethods="13"/>
      <file name="Coupons.ts" path="C:\Users\hp\Desktop\E-commerce-Backend-G2\src\database\models\Coupons.ts">
        <metrics statements="4" coveredstatements="4" conditionals="0" coveredconditionals="0" methods="1" coveredmethods="1"/>
        <line num="1" count="1" type="stmt"/>
        <line num="2" count="1" type="stmt"/>
        <line num="20" count="1" type="stmt"/>
        <line num="51" count="1" type="stmt"/>
      </file>
      <file name="Images.ts" path="C:\Users\hp\Desktop\E-commerce-Backend-G2\src\database\models\Images.ts">
        <metrics statements="6" coveredstatements="6" conditionals="0" coveredconditionals="0" methods="1" coveredmethods="1"/>
        <line num="1" count="1" type="stmt"/>
        <line num="2" count="1" type="stmt"/>
        <line num="3" count="1" type="stmt"/>
        <line num="18" count="1" type="stmt"/>
        <line num="21" count="1" type="stmt"/>
        <line num="53" count="1" type="stmt"/>
      </file>
      <file name="ProductsCategories.ts" path="C:\Users\hp\Desktop\E-commerce-Backend-G2\src\database\models\ProductsCategories.ts">
        <metrics statements="8" coveredstatements="8" conditionals="0" coveredconditionals="0" methods="1" coveredmethods="1"/>
        <line num="1" count="1" type="stmt"/>
        <line num="2" count="1" type="stmt"/>
        <line num="3" count="1" type="stmt"/>
        <line num="4" count="1" type="stmt"/>
        <line num="19" count="1" type="stmt"/>
        <line num="20" count="1" type="stmt"/>
        <line num="23" count="1" type="stmt"/>
        <line num="57" count="1" type="stmt"/>
      </file>
      <file name="Transactions.ts" path="C:\Users\hp\Desktop\E-commerce-Backend-G2\src\database\models\Transactions.ts">
        <metrics statements="8" coveredstatements="8" conditionals="0" coveredconditionals="0" methods="1" coveredmethods="1"/>
        <line num="1" count="1" type="stmt"/>
        <line num="2" count="1" type="stmt"/>
        <line num="3" count="1" type="stmt"/>
        <line num="4" count="1" type="stmt"/>
        <line num="26" count="1" type="stmt"/>
        <line num="27" count="1" type="stmt"/>
        <line num="30" count="1" type="stmt"/>
        <line num="71" count="1" type="stmt"/>
      </file>
      <file name="address.ts" path="C:\Users\hp\Desktop\E-commerce-Backend-G2\src\database\models\address.ts">
        <metrics statements="8" coveredstatements="8" conditionals="0" coveredconditionals="0" methods="1" coveredmethods="1"/>
        <line num="1" count="1" type="stmt"/>
        <line num="2" count="1" type="stmt"/>
        <line num="3" count="1" type="stmt"/>
        <line num="4" count="1" type="stmt"/>
        <line num="30" count="1" type="stmt"/>
        <line num="31" count="1" type="stmt"/>
        <line num="34" count="1" type="stmt"/>
        <line num="86" count="1" type="stmt"/>
      </file>
      <file name="brands.ts" path="C:\Users\hp\Desktop\E-commerce-Backend-G2\src\database\models\brands.ts">
        <metrics statements="6" coveredstatements="6" conditionals="0" coveredconditionals="0" methods="1" coveredmethods="1"/>
        <line num="1" count="1" type="stmt"/>
        <line num="2" count="1" type="stmt"/>
        <line num="3" count="1" type="stmt"/>
        <line num="19" count="1" type="stmt"/>
        <line num="22" count="1" type="stmt"/>
        <line num="52" count="1" type="stmt"/>
      </file>
      <file name="cart.ts" path="C:\Users\hp\Desktop\E-commerce-Backend-G2\src\database\models\cart.ts">
        <metrics statements="8" coveredstatements="8" conditionals="0" coveredconditionals="0" methods="1" coveredmethods="1"/>
        <line num="1" count="1" type="stmt"/>
        <line num="2" count="1" type="stmt"/>
        <line num="3" count="1" type="stmt"/>
        <line num="4" count="1" type="stmt"/>
        <line num="19" count="1" type="stmt"/>
        <line num="20" count="1" type="stmt"/>
        <line num="23" count="1" type="stmt"/>
        <line num="56" count="1" type="stmt"/>
      </file>
      <file name="categories.ts" path="C:\Users\hp\Desktop\E-commerce-Backend-G2\src\database\models\categories.ts">
        <metrics statements="8" coveredstatements="8" conditionals="0" coveredconditionals="0" methods="1" coveredmethods="1"/>
        <line num="1" count="1" type="stmt"/>
        <line num="2" count="1" type="stmt"/>
        <line num="3" count="1" type="stmt"/>
        <line num="4" count="1" type="stmt"/>
        <line num="20" count="1" type="stmt"/>
        <line num="21" count="1" type="stmt"/>
        <line num="25" count="1" type="stmt"/>
        <line num="54" count="1" type="stmt"/>
      </file>
      <file name="orders.ts" path="C:\Users\hp\Desktop\E-commerce-Backend-G2\src\database\models\orders.ts">
        <metrics statements="12" coveredstatements="12" conditionals="0" coveredconditionals="0" methods="1" coveredmethods="1"/>
        <line num="1" count="1" type="stmt"/>
        <line num="2" count="1" type="stmt"/>
        <line num="3" count="1" type="stmt"/>
        <line num="4" count="1" type="stmt"/>
        <line num="5" count="1" type="stmt"/>
        <line num="6" count="1" type="stmt"/>
        <line num="26" count="1" type="stmt"/>
        <line num="27" count="1" type="stmt"/>
        <line num="28" count="1" type="stmt"/>
        <line num="29" count="1" type="stmt"/>
        <line num="33" count="1" type="stmt"/>
        <line num="78" count="1" type="stmt"/>
      </file>
      <file name="products.ts" path="C:\Users\hp\Desktop\E-commerce-Backend-G2\src\database\models\products.ts">
        <metrics statements="20" coveredstatements="20" conditionals="0" coveredconditionals="0" methods="1" coveredmethods="1"/>
        <line num="1" count="1" type="stmt"/>
        <line num="2" count="1" type="stmt"/>
        <line num="3" count="1" type="stmt"/>
        <line num="4" count="1" type="stmt"/>
        <line num="5" count="1" type="stmt"/>
        <line num="6" count="1" type="stmt"/>
        <line num="7" count="1" type="stmt"/>
        <line num="8" count="1" type="stmt"/>
        <line num="9" count="1" type="stmt"/>
        <line num="10" count="1" type="stmt"/>
        <line num="49" count="1" type="stmt"/>
        <line num="50" count="1" type="stmt"/>
        <line num="51" count="1" type="stmt"/>
        <line num="52" count="1" type="stmt"/>
        <line num="53" count="1" type="stmt"/>
        <line num="54" count="1" type="stmt"/>
        <line num="55" count="1" type="stmt"/>
        <line num="56" count="1" type="stmt"/>
        <line num="59" count="1" type="stmt"/>
        <line num="128" count="1" type="stmt"/>
      </file>
      <file name="ratings.ts" path="C:\Users\hp\Desktop\E-commerce-Backend-G2\src\database\models\ratings.ts">
        <metrics statements="8" coveredstatements="8" conditionals="0" coveredconditionals="0" methods="1" coveredmethods="1"/>
        <line num="1" count="1" type="stmt"/>
        <line num="2" count="1" type="stmt"/>
        <line num="3" count="1" type="stmt"/>
        <line num="4" count="1" type="stmt"/>
        <line num="26" count="1" type="stmt"/>
        <line num="27" count="1" type="stmt"/>
        <line num="30" count="1" type="stmt"/>
        <line num="71" count="1" type="stmt"/>
      </file>
      <file name="users.ts" path="C:\Users\hp\Desktop\E-commerce-Backend-G2\src\database\models\users.ts">
        <metrics statements="16" coveredstatements="16" conditionals="0" coveredconditionals="0" methods="1" coveredmethods="1"/>
        <line num="1" count="1" type="stmt"/>
        <line num="2" count="1" type="stmt"/>
        <line num="3" count="1" type="stmt"/>
        <line num="4" count="1" type="stmt"/>
        <line num="5" count="1" type="stmt"/>
        <line num="6" count="1" type="stmt"/>
        <line num="7" count="1" type="stmt"/>
        <line num="8" count="1" type="stmt"/>
        <line num="35" count="1" type="stmt"/>
        <line num="36" count="1" type="stmt"/>
        <line num="37" count="1" type="stmt"/>
        <line num="38" count="1" type="stmt"/>
        <line num="39" count="1" type="stmt"/>
        <line num="40" count="1" type="stmt"/>
        <line num="43" count="1" type="stmt"/>
        <line num="99" count="1" type="stmt"/>
      </file>
      <file name="wishlist.ts" path="C:\Users\hp\Desktop\E-commerce-Backend-G2\src\database\models\wishlist.ts">
        <metrics statements="8" coveredstatements="8" conditionals="0" coveredconditionals="0" methods="1" coveredmethods="1"/>
        <line num="1" count="1" type="stmt"/>
        <line num="2" count="1" type="stmt"/>
        <line num="3" count="1" type="stmt"/>
        <line num="4" count="1" type="stmt"/>
        <line num="20" count="1" type="stmt"/>
        <line num="21" count="1" type="stmt"/>
        <line num="24" count="1" type="stmt"/>
        <line num="57" count="1" type="stmt"/>
      </file>
    </package>
    <package name="src.middleware">
      <metrics statements="80" coveredstatements="30" conditionals="20" coveredconditionals="4" methods="21" coveredmethods="3"/>
      <file name="customError.ts" path="C:\Users\hp\Desktop\E-commerce-Backend-G2\src\middleware\customError.ts">
        <metrics statements="11" coveredstatements="8" conditionals="3" coveredconditionals="1" methods="2" coveredmethods="1"/>
        <line num="3" count="1" type="stmt"/>
        <line num="8" count="4" type="stmt"/>
        <line num="9" count="4" type="stmt"/>
        <line num="10" count="4" type="stmt"/>
        <line num="11" count="4" type="stmt"/>
        <line num="14" count="4" type="cond" truecount="1" falsecount="0"/>
        <line num="15" count="4" type="stmt"/>
        <line num="20" count="1" type="stmt"/>
        <line num="21" count="0" type="cond" truecount="0" falsecount="2"/>
        <line num="23" count="0" type="stmt"/>
        <line num="32" count="0" type="stmt"/>
      </file>
      <file name="errorHandler.ts" path="C:\Users\hp\Desktop\E-commerce-Backend-G2\src\middleware\errorHandler.ts">
        <metrics statements="4" coveredstatements="3" conditionals="1" coveredconditionals="1" methods="1" coveredmethods="1"/>
        <line num="2" count="1" type="stmt"/>
        <line num="4" count="1" type="stmt"/>
        <line num="5" count="4" type="cond" truecount="1" falsecount="0"/>
        <line num="6" count="0" type="stmt"/>
      </file>
      <file name="validateProduct.ts" path="C:\Users\hp\Desktop\E-commerce-Backend-G2\src\middleware\validateProduct.ts">
        <metrics statements="32" coveredstatements="12" conditionals="10" coveredconditionals="2" methods="6" coveredmethods="1"/>
        <line num="1" count="1" type="stmt"/>
        <line num="3" count="1" type="stmt"/>
        <line num="4" count="1" type="stmt"/>
        <line num="7" count="12" type="stmt"/>
        <line num="8" count="12" type="cond" truecount="2" falsecount="0"/>
        <line num="9" count="4" type="stmt"/>
        <line num="11" count="8" type="stmt"/>
        <line num="15" count="1" type="stmt"/>
        <line num="18" count="0" type="stmt"/>
        <line num="19" count="0" type="cond" truecount="0" falsecount="2"/>
        <line num="20" count="0" type="stmt"/>
        <line num="22" count="0" type="stmt"/>
        <line num="27" count="1" type="stmt"/>
        <line num="30" count="0" type="stmt"/>
        <line num="31" count="0" type="cond" truecount="0" falsecount="2"/>
        <line num="32" count="0" type="stmt"/>
        <line num="34" count="0" type="stmt"/>
        <line num="38" count="1" type="stmt"/>
        <line num="43" count="0" type="stmt"/>
        <line num="44" count="0" type="cond" truecount="0" falsecount="2"/>
        <line num="45" count="0" type="stmt"/>
        <line num="47" count="0" type="stmt"/>
        <line num="51" count="1" type="stmt"/>
        <line num="94" count="0" type="stmt"/>
        <line num="95" count="0" type="cond" truecount="0" falsecount="1"/>
        <line num="96" count="0" type="stmt"/>
        <line num="98" count="0" type="stmt"/>
        <line num="101" count="1" type="stmt"/>
        <line num="139" count="0" type="stmt"/>
        <line num="140" count="0" type="cond" truecount="0" falsecount="1"/>
        <line num="141" count="0" type="stmt"/>
        <line num="143" count="0" type="stmt"/>
      </file>
      <file name="validateUser.ts" path="C:\Users\hp\Desktop\E-commerce-Backend-G2\src\middleware\validateUser.ts">
        <metrics statements="33" coveredstatements="7" conditionals="6" coveredconditionals="0" methods="12" coveredmethods="0"/>
        <line num="1" count="1" type="stmt"/>
        <line num="3" count="1" type="stmt"/>
        <line num="4" count="1" type="stmt"/>
        <line num="6" count="1" type="stmt"/>
        <line num="18" count="0" type="stmt"/>
        <line num="19" count="0" type="cond" truecount="0" falsecount="1"/>
        <line num="20" count="0" type="stmt"/>
        <line num="28" count="0" type="stmt"/>
        <line num="29" count="0" type="cond" truecount="0" falsecount="1"/>
        <line num="30" count="0" type="stmt"/>
        <line num="34" count="0" type="stmt"/>
        <line num="38" count="0" type="stmt"/>
        <line num="41" count="1" type="stmt"/>
        <line num="59" count="0" type="stmt"/>
        <line num="60" count="0" type="cond" truecount="0" falsecount="1"/>
        <line num="61" count="0" type="stmt"/>
        <line num="65" count="0" type="stmt"/>
        <line num="69" count="0" type="stmt"/>
        <line num="74" count="1" type="stmt"/>
        <line num="85" count="0" type="stmt"/>
        <line num="86" count="0" type="cond" truecount="0" falsecount="1"/>
        <line num="87" count="0" type="stmt"/>
        <line num="91" count="0" type="stmt"/>
        <line num="95" count="0" type="stmt"/>
        <line num="98" count="1" type="stmt"/>
        <line num="108" count="0" type="stmt"/>
        <line num="109" count="0" type="cond" truecount="0" falsecount="1"/>
        <line num="110" count="0" type="stmt"/>
        <line num="115" count="0" type="stmt"/>
        <line num="116" count="0" type="cond" truecount="0" falsecount="1"/>
        <line num="117" count="0" type="stmt"/>
        <line num="120" count="0" type="stmt"/>
        <line num="124" count="0" type="stmt"/>
      </file>
    </package>
    <package name="src.routes">
      <metrics statements="34" coveredstatements="34" conditionals="0" coveredconditionals="0" methods="0" coveredmethods="0"/>
      <file name="productsRoutes.ts" path="C:\Users\hp\Desktop\E-commerce-Backend-G2\src\routes\productsRoutes.ts">
        <metrics statements="23" coveredstatements="23" conditionals="0" coveredconditionals="0" methods="0" coveredmethods="0"/>
        <line num="1" count="1" type="stmt"/>
        <line num="2" count="1" type="stmt"/>
        <line num="3" count="1" type="stmt"/>
        <line num="11" count="1" type="stmt"/>
        <line num="13" count="1" type="stmt"/>
        <line num="15" count="1" type="stmt"/>
        <line num="16" count="1" type="stmt"/>
        <line num="17" count="1" type="stmt"/>
        <line num="18" count="1" type="stmt"/>
        <line num="19" count="1" type="stmt"/>
        <line num="20" count="1" type="stmt"/>
        <line num="23" count="1" type="stmt"/>
        <line num="24" count="1" type="stmt"/>
        <line num="25" count="1" type="stmt"/>
        <line num="27" count="1" type="stmt"/>
        <line num="28" count="1" type="stmt"/>
        <line num="29" count="1" type="stmt"/>
        <line num="31" count="1" type="stmt"/>
        <line num="33" count="1" type="stmt"/>
        <line num="37" count="1" type="stmt"/>
        <line num="38" count="1" type="stmt"/>
        <line num="39" count="1" type="stmt"/>
        <line num="41" count="1" type="stmt"/>
      </file>
      <file name="userRoutes.ts" path="C:\Users\hp\Desktop\E-commerce-Backend-G2\src\routes\userRoutes.ts">
        <metrics statements="11" coveredstatements="11" conditionals="0" coveredconditionals="0" methods="0" coveredmethods="0"/>
        <line num="1" count="1" type="stmt"/>
        <line num="2" count="1" type="stmt"/>
        <line num="3" count="1" type="stmt"/>
        <line num="4" count="1" type="stmt"/>
        <line num="6" count="1" type="stmt"/>
        <line num="9" count="1" type="stmt"/>
        <line num="10" count="1" type="stmt"/>
        <line num="11" count="1" type="stmt"/>
        <line num="12" count="1" type="stmt"/>
        <line num="13" count="1" type="stmt"/>
        <line num="14" count="1" type="stmt"/>
      </file>
    </package>
    <package name="src.utils">
      <metrics statements="188" coveredstatements="64" conditionals="93" coveredconditionals="11" methods="38" coveredmethods="8"/>
      <file name="ProductsUtils.ts" path="C:\Users\hp\Desktop\E-commerce-Backend-G2\src\utils\ProductsUtils.ts">
        <metrics statements="135" coveredstatements="50" conditionals="66" coveredconditionals="11" methods="28" coveredmethods="7"/>
        <line num="1" count="1" type="stmt"/>
        <line num="2" count="1" type="stmt"/>
        <line num="3" count="1" type="stmt"/>
        <line num="4" count="1" type="stmt"/>
        <line num="7" count="1" type="stmt"/>
        <line num="10" count="1" type="stmt"/>
        <line num="22" count="0" type="stmt"/>
        <line num="23" count="0" type="stmt"/>
        <line num="24" count="0" type="cond" truecount="0" falsecount="2"/>
        <line num="25" count="0" type="stmt"/>
        <line num="27" count="0" type="stmt"/>
        <line num="45" count="0" type="stmt"/>
        <line num="48" count="1" type="stmt"/>
        <line num="61" count="0" type="stmt"/>
        <line num="62" count="0" type="stmt"/>
        <line num="64" count="0" type="stmt"/>
        <line num="65" count="0" type="stmt"/>
        <line num="67" count="0" type="stmt"/>
        <line num="68" count="0" type="stmt"/>
        <line num="69" count="0" type="stmt"/>
        <line num="94" count="0" type="stmt"/>
        <line num="97" count="1" type="stmt"/>
        <line num="98" count="0" type="stmt"/>
        <line num="99" count="0" type="stmt"/>
        <line num="100" count="0" type="stmt"/>
        <line num="101" count="0" type="stmt"/>
        <line num="104" count="0" type="stmt"/>
        <line num="109" count="1" type="stmt"/>
        <line num="110" count="2" type="stmt"/>
        <line num="146" count="2" type="cond" truecount="2" falsecount="0"/>
        <line num="147" count="1" type="stmt"/>
        <line num="149" count="1" type="stmt"/>
        <line num="182" count="1" type="stmt"/>
        <line num="183" count="0" type="stmt"/>
        <line num="211" count="0" type="cond" truecount="0" falsecount="2"/>
        <line num="212" count="0" type="stmt"/>
        <line num="214" count="0" type="stmt"/>
        <line num="223" count="1" type="stmt"/>
        <line num="224" count="2" type="stmt"/>
        <line num="248" count="2" type="cond" truecount="1" falsecount="1"/>
        <line num="249" count="2" type="stmt"/>
        <line num="251" count="0" type="stmt"/>
        <line num="254" count="1" type="stmt"/>
        <line num="255" count="2" type="stmt"/>
        <line num="279" count="2" type="cond" truecount="1" falsecount="1"/>
        <line num="280" count="2" type="stmt"/>
        <line num="282" count="0" type="stmt"/>
        <line num="285" count="1" type="stmt"/>
        <line num="286" count="2" type="stmt"/>
        <line num="310" count="2" type="cond" truecount="1" falsecount="1"/>
        <line num="311" count="2" type="stmt"/>
        <line num="313" count="0" type="stmt"/>
        <line num="316" count="1" type="stmt"/>
        <line num="317" count="2" type="stmt"/>
        <line num="341" count="2" type="cond" truecount="2" falsecount="0"/>
        <line num="342" count="1" type="stmt"/>
        <line num="344" count="1" type="stmt"/>
        <line num="347" count="1" type="stmt"/>
        <line num="348" count="2" type="stmt"/>
        <line num="372" count="2" type="cond" truecount="2" falsecount="0"/>
        <line num="373" count="1" type="stmt"/>
        <line num="375" count="1" type="stmt"/>
        <line num="380" count="1" type="stmt"/>
        <line num="381" count="0" type="stmt"/>
        <line num="382" count="0" type="stmt"/>
        <line num="384" count="1" type="stmt"/>
        <line num="385" count="0" type="stmt"/>
        <line num="386" count="0" type="stmt"/>
        <line num="388" count="1" type="stmt"/>
        <line num="389" count="0" type="stmt"/>
        <line num="390" count="0" type="stmt"/>
        <line num="391" count="0" type="stmt"/>
        <line num="415" count="0" type="cond" truecount="0" falsecount="2"/>
        <line num="416" count="0" type="stmt"/>
        <line num="418" count="0" type="stmt"/>
        <line num="421" count="1" type="stmt"/>
        <line num="422" count="0" type="stmt"/>
        <line num="423" count="0" type="stmt"/>
        <line num="424" count="0" type="stmt"/>
        <line num="449" count="0" type="cond" truecount="0" falsecount="2"/>
        <line num="450" count="0" type="stmt"/>
        <line num="452" count="0" type="stmt"/>
        <line num="455" count="1" type="stmt"/>
        <line num="456" count="2" type="stmt"/>
        <line num="481" count="2" type="cond" truecount="2" falsecount="0"/>
        <line num="482" count="1" type="stmt"/>
        <line num="484" count="1" type="stmt"/>
        <line num="489" count="1" type="stmt"/>
        <line num="494" count="0" type="cond" truecount="0" falsecount="3"/>
        <line num="495" count="0" type="stmt"/>
        <line num="496" count="0" type="stmt"/>
        <line num="498" count="0" type="stmt"/>
        <line num="501" count="0" type="cond" truecount="0" falsecount="2"/>
        <line num="503" count="0" type="stmt"/>
        <line num="504" count="0" type="stmt"/>
        <line num="513" count="0" type="stmt"/>
        <line num="517" count="0" type="stmt"/>
        <line num="518" count="0" type="stmt"/>
        <line num="525" count="0" type="stmt"/>
        <line num="529" count="0" type="stmt"/>
        <line num="530" count="0" type="stmt"/>
        <line num="534" count="0" type="stmt"/>
        <line num="538" count="0" type="cond" truecount="0" falsecount="4"/>
        <line num="540" count="0" type="stmt"/>
        <line num="541" count="0" type="stmt"/>
        <line num="546" count="0" type="stmt"/>
        <line num="549" count="0" type="stmt"/>
        <line num="552" count="0" type="cond" truecount="0" falsecount="1"/>
        <line num="553" count="0" type="stmt"/>
        <line num="556" count="0" type="stmt"/>
        <line num="558" count="0" type="cond" truecount="0" falsecount="1"/>
        <line num="559" count="0" type="stmt"/>
        <line num="563" count="1" type="stmt"/>
        <line num="564" count="0" type="stmt"/>
        <line num="565" count="0" type="stmt"/>
        <line num="566" count="0" type="cond" truecount="0" falsecount="2"/>
        <line num="567" count="0" type="stmt"/>
        <line num="569" count="0" type="stmt"/>
        <line num="572" count="0" type="cond" truecount="0" falsecount="1"/>
        <line num="573" count="0" type="stmt"/>
        <line num="576" count="1" type="stmt"/>
        <line num="577" count="0" type="stmt"/>
        <line num="578" count="0" type="stmt"/>
        <line num="580" count="0" type="stmt"/>
        <line num="583" count="1" type="stmt"/>
        <line num="584" count="0" type="stmt"/>
        <line num="585" count="0" type="stmt"/>
        <line num="587" count="0" type="stmt"/>
        <line num="591" count="1" type="stmt"/>
        <line num="592" count="0" type="stmt"/>
        <line num="593" count="0" type="stmt"/>
        <line num="594" count="0" type="cond" truecount="0" falsecount="2"/>
        <line num="595" count="0" type="stmt"/>
        <line num="597" count="0" type="stmt"/>
        <line num="600" count="0" type="stmt"/>
      </file>
      <file name="UsersUtils.ts" path="C:\Users\hp\Desktop\E-commerce-Backend-G2\src\utils\UsersUtils.ts">
        <metrics statements="32" coveredstatements="9" conditionals="15" coveredconditionals="0" methods="6" coveredmethods="0"/>
        <line num="1" count="1" type="stmt"/>
        <line num="2" count="1" type="stmt"/>
        <line num="3" count="1" type="stmt"/>
        <line num="5" count="1" type="stmt"/>
        <line num="6" count="0" type="stmt"/>
        <line num="9" count="0" type="cond" truecount="0" falsecount="2"/>
        <line num="10" count="0" type="stmt"/>
        <line num="12" count="0" type="stmt"/>
        <line num="16" count="1" type="stmt"/>
        <line num="17" count="0" type="stmt"/>
        <line num="18" count="0" type="stmt"/>
        <line num="19" count="0" type="stmt"/>
        <line num="21" count="0" type="stmt"/>
        <line num="25" count="1" type="stmt"/>
        <line num="35" count="0" type="stmt"/>
        <line num="36" count="0" type="stmt"/>
        <line num="46" count="0" type="stmt"/>
        <line num="48" count="0" type="stmt"/>
        <line num="51" count="1" type="stmt"/>
        <line num="52" count="0" type="stmt"/>
        <line num="53" count="0" type="cond" truecount="0" falsecount="1"/>
        <line num="54" count="0" type="stmt"/>
        <line num="56" count="1" type="stmt"/>
        <line num="57" count="0" type="stmt"/>
        <line num="58" count="0" type="stmt"/>
        <line num="59" count="0" type="stmt"/>
        <line num="72" count="0" type="stmt"/>
        <line num="76" count="1" type="stmt"/>
        <line num="77" count="0" type="stmt"/>
        <line num="81" count="0" type="cond" truecount="0" falsecount="2"/>
        <line num="82" count="0" type="stmt"/>
        <line num="84" count="0" type="stmt"/>
      </file>
      <file name="tokenUtils.ts" path="C:\Users\hp\Desktop\E-commerce-Backend-G2\src\utils\tokenUtils.ts">
        <metrics statements="21" coveredstatements="5" conditionals="12" coveredconditionals="0" methods="4" coveredmethods="1"/>
        <line num="2" count="1" type="stmt"/>
        <line num="9" count="1" type="stmt"/>
        <line num="10" count="0" type="stmt"/>
        <line num="12" count="0" type="stmt"/>
        <line num="13" count="0" type="stmt"/>
        <line num="15" count="1" type="stmt"/>
        <line num="16" count="11" type="stmt"/>
        <line num="17" count="0" type="stmt"/>
        <line num="18" count="0" type="cond" truecount="0" falsecount="2"/>
        <line num="19" count="0" type="cond" truecount="0" falsecount="1"/>
        <line num="20" count="0" type="stmt"/>
        <line num="22" count="0" type="stmt"/>
        <line num="23" count="0" type="cond" truecount="0" falsecount="3"/>
        <line num="24" count="0" type="stmt"/>
        <line num="26" count="0" type="stmt"/>
        <line num="27" count="0" type="cond" truecount="0" falsecount="2"/>
        <line num="28" count="0" type="stmt"/>
        <line num="29" count="0" type="cond" truecount="0" falsecount="4"/>
        <line num="30" count="0" type="stmt"/>
        <line num="32" count="0" type="stmt"/>
        <line num="38" count="1" type="stmt"/>
      </file>
    </package>
  </project>
</coverage>
