{"C:\\Users\\hp\\Desktop\\E-commerce-Backend-G2\\src\\server.ts": {"path":"C:\\Users\\hp\\Desktop\\E-commerce-Backend-G2\\src\\server.ts","statementMap":{"0":{"start":{"line":1,"column":0},"end":{"line":1,"column":62}},"1":{"start":{"line":2,"column":0},"end":{"line":2,"column":24}},"2":{"start":{"line":3,"column":0},"end":{"line":3,"column":46}},"3":{"start":{"line":4,"column":0},"end":{"line":4,"column":42}},"4":{"start":{"line":5,"column":0},"end":{"line":5,"column":45}},"5":{"start":{"line":6,"column":0},"end":{"line":6,"column":52}},"6":{"start":{"line":7,"column":0},"end":{"line":7,"column":70}},"7":{"start":{"line":8,"column":0},"end":{"line":8,"column":57}},"8":{"start":{"line":9,"column":0},"end":{"line":9,"column":36}},"9":{"start":{"line":12,"column":0},"end":{"line":12,"column":15}},"10":{"start":{"line":13,"column":13},"end":{"line":13,"column":38}},"11":{"start":{"line":14,"column":15},"end":{"line":14,"column":32}},"12":{"start":{"line":15,"column":24},"end":{"line":17,"column":1}},"13":{"start":{"line":16,"column":4},"end":{"line":16,"column":19}},"14":{"start":{"line":15,"column":13},"end":{"line":15,"column":24}},"15":{"start":{"line":19,"column":30},"end":{"line":19,"column":54}},"16":{"start":{"line":20,"column":0},"end":{"line":20,"column":24}},"17":{"start":{"line":21,"column":0},"end":{"line":21,"column":16}},"18":{"start":{"line":22,"column":0},"end":{"line":22,"column":48}},"19":{"start":{"line":23,"column":0},"end":{"line":23,"column":29}},"20":{"start":{"line":24,"column":0},"end":{"line":24,"column":36}},"21":{"start":{"line":25,"column":0},"end":{"line":25,"column":41}},"22":{"start":{"line":26,"column":0},"end":{"line":26,"column":22}},"23":{"start":{"line":27,"column":0},"end":{"line":29,"column":3}},"24":{"start":{"line":28,"column":4},"end":{"line":28,"column":31}},"25":{"start":{"line":31,"column":0},"end":{"line":39,"column":1}},"26":{"start":{"line":32,"column":4},"end":{"line":38,"column":69}},"27":{"start":{"line":34,"column":25},"end":{"line":37,"column":10}},"28":{"start":{"line":35,"column":12},"end":{"line":35,"column":50}},"29":{"start":{"line":36,"column":12},"end":{"line":36,"column":53}},"30":{"start":{"line":38,"column":21},"end":{"line":38,"column":67}},"31":{"start":{"line":40,"column":0},"end":{"line":42,"column":3}},"32":{"start":{"line":41,"column":4},"end":{"line":41,"column":55}}},"fnMap":{"0":{"name":"(anonymous_8)","decl":{"start":{"line":15,"column":24},"end":{"line":15,"column":27}},"loc":{"start":{"line":15,"column":29},"end":{"line":17,"column":1}}},"1":{"name":"(anonymous_9)","decl":{"start":{"line":27,"column":13},"end":{"line":27,"column":14}},"loc":{"start":{"line":27,"column":55},"end":{"line":29,"column":1}}},"2":{"name":"(anonymous_10)","decl":{"start":{"line":34,"column":14},"end":{"line":34,"column":23}},"loc":{"start":{"line":34,"column":25},"end":{"line":37,"column":10}}},"3":{"name":"(anonymous_11)","decl":{"start":{"line":34,"column":25},"end":{"line":34,"column":null}},"loc":{"start":{"line":34,"column":25},"end":{"line":37,"column":9}}},"4":{"name":"(anonymous_12)","decl":{"start":{"line":38,"column":15},"end":{"line":38,"column":18}},"loc":{"start":{"line":38,"column":21},"end":{"line":38,"column":67}}},"5":{"name":"(anonymous_13)","decl":{"start":{"line":40,"column":20},"end":{"line":40,"column":23}},"loc":{"start":{"line":40,"column":25},"end":{"line":42,"column":1}}}},"branchMap":{"0":{"loc":{"start":{"line":19,"column":30},"end":{"line":19,"column":54}},"type":"binary-expr","locations":[{"start":{"line":19,"column":30},"end":{"line":19,"column":46}},{"start":{"line":19,"column":50},"end":{"line":19,"column":54}}]},"1":{"loc":{"start":{"line":31,"column":0},"end":{"line":39,"column":1}},"type":"if","locations":[{"start":{"line":31,"column":0},"end":{"line":39,"column":1}}]}},"s":{"0":1,"1":1,"2":1,"3":1,"4":1,"5":1,"6":1,"7":1,"8":1,"9":1,"10":1,"11":1,"12":1,"13":1,"14":1,"15":1,"16":1,"17":1,"18":1,"19":1,"20":1,"21":1,"22":1,"23":1,"24":0,"25":1,"26":0,"27":0,"28":0,"29":0,"30":0,"31":1,"32":1},"f":{"0":1,"1":0,"2":0,"3":0,"4":0,"5":1},"b":{"0":[1,1],"1":[0]}}
,"C:\\Users\\hp\\Desktop\\E-commerce-Backend-G2\\src\\config\\databaseConfig.ts": {"path":"C:\\Users\\hp\\Desktop\\E-commerce-Backend-G2\\src\\config\\databaseConfig.ts","statementMap":{"0":{"start":{"line":1,"column":0},"end":{"line":1,"column":33}},"1":{"start":{"line":3,"column":0},"end":{"line":3,"column":16}},"2":{"start":{"line":14,"column":0},"end":{"line":41,"column":1}},"3":{"start":{"line":15,"column":4},"end":{"line":22,"column":6}},"4":{"start":{"line":23,"column":7},"end":{"line":41,"column":1}},"5":{"start":{"line":24,"column":4},"end":{"line":31,"column":6}},"6":{"start":{"line":33,"column":4},"end":{"line":40,"column":6}}},"fnMap":{},"branchMap":{"0":{"loc":{"start":{"line":14,"column":0},"end":{"line":41,"column":1}},"type":"if","locations":[{"start":{"line":14,"column":0},"end":{"line":41,"column":1}},{"start":{"line":23,"column":7},"end":{"line":41,"column":1}}]},"1":{"loc":{"start":{"line":16,"column":18},"end":{"line":16,"column":63}},"type":"binary-expr","locations":[{"start":{"line":16,"column":18},"end":{"line":16,"column":49}},{"start":{"line":16,"column":53},"end":{"line":16,"column":63}}]},"2":{"loc":{"start":{"line":17,"column":18},"end":{"line":17,"column":60}},"type":"binary-expr","locations":[{"start":{"line":17,"column":18},"end":{"line":17,"column":49}},{"start":{"line":17,"column":53},"end":{"line":17,"column":60}}]},"3":{"loc":{"start":{"line":18,"column":18},"end":{"line":18,"column":69}},"type":"binary-expr","locations":[{"start":{"line":18,"column":18},"end":{"line":18,"column":49}},{"start":{"line":18,"column":53},"end":{"line":18,"column":69}}]},"4":{"loc":{"start":{"line":19,"column":18},"end":{"line":19,"column":74}},"type":"binary-expr","locations":[{"start":{"line":19,"column":18},"end":{"line":19,"column":60}},{"start":{"line":19,"column":64},"end":{"line":19,"column":74}}]},"5":{"loc":{"start":{"line":20,"column":14},"end":{"line":20,"column":56}},"type":"binary-expr","locations":[{"start":{"line":20,"column":14},"end":{"line":20,"column":41}},{"start":{"line":20,"column":45},"end":{"line":20,"column":56}}]},"6":{"loc":{"start":{"line":21,"column":14},"end":{"line":21,"column":51}},"type":"binary-expr","locations":[{"start":{"line":21,"column":14},"end":{"line":21,"column":41}},{"start":{"line":21,"column":45},"end":{"line":21,"column":51}}]},"7":{"loc":{"start":{"line":23,"column":7},"end":{"line":41,"column":1}},"type":"if","locations":[{"start":{"line":23,"column":7},"end":{"line":41,"column":1}},{"start":{"line":32,"column":7},"end":{"line":41,"column":1}}]},"8":{"loc":{"start":{"line":25,"column":18},"end":{"line":25,"column":66}},"type":"binary-expr","locations":[{"start":{"line":25,"column":18},"end":{"line":25,"column":52}},{"start":{"line":25,"column":56},"end":{"line":25,"column":66}}]},"9":{"loc":{"start":{"line":26,"column":18},"end":{"line":26,"column":63}},"type":"binary-expr","locations":[{"start":{"line":26,"column":18},"end":{"line":26,"column":52}},{"start":{"line":26,"column":56},"end":{"line":26,"column":63}}]},"10":{"loc":{"start":{"line":27,"column":18},"end":{"line":27,"column":71}},"type":"binary-expr","locations":[{"start":{"line":27,"column":18},"end":{"line":27,"column":52}},{"start":{"line":27,"column":56},"end":{"line":27,"column":71}}]},"11":{"loc":{"start":{"line":28,"column":18},"end":{"line":28,"column":77}},"type":"binary-expr","locations":[{"start":{"line":28,"column":18},"end":{"line":28,"column":63}},{"start":{"line":28,"column":67},"end":{"line":28,"column":77}}]},"12":{"loc":{"start":{"line":29,"column":14},"end":{"line":29,"column":59}},"type":"binary-expr","locations":[{"start":{"line":29,"column":14},"end":{"line":29,"column":44}},{"start":{"line":29,"column":48},"end":{"line":29,"column":59}}]},"13":{"loc":{"start":{"line":30,"column":14},"end":{"line":30,"column":54}},"type":"binary-expr","locations":[{"start":{"line":30,"column":14},"end":{"line":30,"column":44}},{"start":{"line":30,"column":48},"end":{"line":30,"column":54}}]},"14":{"loc":{"start":{"line":34,"column":18},"end":{"line":34,"column":55}},"type":"binary-expr","locations":[{"start":{"line":34,"column":18},"end":{"line":34,"column":41}},{"start":{"line":34,"column":45},"end":{"line":34,"column":55}}]},"15":{"loc":{"start":{"line":35,"column":18},"end":{"line":35,"column":52}},"type":"binary-expr","locations":[{"start":{"line":35,"column":18},"end":{"line":35,"column":41}},{"start":{"line":35,"column":45},"end":{"line":35,"column":52}}]},"16":{"loc":{"start":{"line":36,"column":18},"end":{"line":36,"column":60}},"type":"binary-expr","locations":[{"start":{"line":36,"column":18},"end":{"line":36,"column":41}},{"start":{"line":36,"column":45},"end":{"line":36,"column":60}}]},"17":{"loc":{"start":{"line":37,"column":18},"end":{"line":37,"column":74}},"type":"binary-expr","locations":[{"start":{"line":37,"column":18},"end":{"line":37,"column":60}},{"start":{"line":37,"column":64},"end":{"line":37,"column":74}}]},"18":{"loc":{"start":{"line":38,"column":14},"end":{"line":38,"column":48}},"type":"binary-expr","locations":[{"start":{"line":38,"column":14},"end":{"line":38,"column":33}},{"start":{"line":38,"column":37},"end":{"line":38,"column":48}}]},"19":{"loc":{"start":{"line":39,"column":14},"end":{"line":39,"column":43}},"type":"binary-expr","locations":[{"start":{"line":39,"column":14},"end":{"line":39,"column":33}},{"start":{"line":39,"column":37},"end":{"line":39,"column":43}}]}},"s":{"0":1,"1":1,"2":1,"3":1,"4":0,"5":0,"6":0},"f":{},"b":{"0":[1,0],"1":[1,0],"2":[1,0],"3":[1,0],"4":[1,0],"5":[1,0],"6":[1,0],"7":[0,0],"8":[0,0],"9":[0,0],"10":[0,0],"11":[0,0],"12":[0,0],"13":[0,0],"14":[0,0],"15":[0,0],"16":[0,0],"17":[0,0],"18":[0,0],"19":[0,0]}}
,"C:\\Users\\hp\\Desktop\\E-commerce-Backend-G2\\src\\controllers\\homePageController.ts": {"path":"C:\\Users\\hp\\Desktop\\E-commerce-Backend-G2\\src\\controllers\\homePageController.ts","statementMap":{"0":{"start":{"line":2,"column":0},"end":{"line":2,"column":108}},"1":{"start":{"line":3,"column":34},"end":{"line":12,"column":2}},"2":{"start":{"line":3,"column":92},"end":{"line":12,"column":2}},"3":{"start":{"line":4,"column":4},"end":{"line":11,"column":5}},"4":{"start":{"line":5,"column":27},"end":{"line":5,"column":51}},"5":{"start":{"line":6,"column":23},"end":{"line":6,"column":43}},"6":{"start":{"line":7,"column":28},"end":{"line":7,"column":54}},"7":{"start":{"line":8,"column":8},"end":{"line":8,"column":61}},"8":{"start":{"line":10,"column":8},"end":{"line":10,"column":20}},"9":{"start":{"line":3,"column":13},"end":{"line":3,"column":34}}},"fnMap":{"0":{"name":"(anonymous_7)","decl":{"start":{"line":3,"column":34},"end":{"line":3,"column":41}},"loc":{"start":{"line":3,"column":92},"end":{"line":12,"column":2}}},"1":{"name":"(anonymous_8)","decl":{"start":{"line":3,"column":92},"end":{"line":3,"column":null}},"loc":{"start":{"line":3,"column":92},"end":{"line":12,"column":1}}}},"branchMap":{},"s":{"0":1,"1":1,"2":0,"3":0,"4":0,"5":0,"6":0,"7":0,"8":0,"9":1},"f":{"0":0,"1":0},"b":{}}
,"C:\\Users\\hp\\Desktop\\E-commerce-Backend-G2\\src\\controllers\\productsController.ts": {"path":"C:\\Users\\hp\\Desktop\\E-commerce-Backend-G2\\src\\controllers\\productsController.ts","statementMap":{"0":{"start":{"line":2,"column":0},"end":{"line":2,"column":46}},"1":{"start":{"line":4,"column":31},"end":{"line":12,"column":2}},"2":{"start":{"line":4,"column":115},"end":{"line":12,"column":2}},"3":{"start":{"line":5,"column":4},"end":{"line":11,"column":5}},"4":{"start":{"line":6,"column":27},"end":{"line":6,"column":47}},"5":{"start":{"line":7,"column":23},"end":{"line":7,"column":55}},"6":{"start":{"line":8,"column":8},"end":{"line":8,"column":32}},"7":{"start":{"line":10,"column":8},"end":{"line":10,"column":20}},"8":{"start":{"line":4,"column":13},"end":{"line":4,"column":31}},"9":{"start":{"line":14,"column":35},"end":{"line":22,"column":2}},"10":{"start":{"line":14,"column":119},"end":{"line":22,"column":2}},"11":{"start":{"line":15,"column":4},"end":{"line":21,"column":5}},"12":{"start":{"line":16,"column":27},"end":{"line":16,"column":47}},"13":{"start":{"line":17,"column":23},"end":{"line":17,"column":60}},"14":{"start":{"line":18,"column":8},"end":{"line":18,"column":32}},"15":{"start":{"line":20,"column":8},"end":{"line":20,"column":20}},"16":{"start":{"line":14,"column":13},"end":{"line":14,"column":35}},"17":{"start":{"line":24,"column":29},"end":{"line":32,"column":2}},"18":{"start":{"line":24,"column":113},"end":{"line":32,"column":2}},"19":{"start":{"line":25,"column":4},"end":{"line":31,"column":5}},"20":{"start":{"line":26,"column":36},"end":{"line":26,"column":67}},"21":{"start":{"line":27,"column":18},"end":{"line":27,"column":50}},"22":{"start":{"line":28,"column":8},"end":{"line":28,"column":27}},"23":{"start":{"line":30,"column":8},"end":{"line":30,"column":20}},"24":{"start":{"line":24,"column":13},"end":{"line":24,"column":29}},"25":{"start":{"line":33,"column":28},"end":{"line":40,"column":2}},"26":{"start":{"line":33,"column":112},"end":{"line":40,"column":2}},"27":{"start":{"line":34,"column":4},"end":{"line":39,"column":5}},"28":{"start":{"line":35,"column":18},"end":{"line":35,"column":48}},"29":{"start":{"line":36,"column":8},"end":{"line":36,"column":27}},"30":{"start":{"line":38,"column":8},"end":{"line":38,"column":20}},"31":{"start":{"line":33,"column":13},"end":{"line":33,"column":28}},"32":{"start":{"line":41,"column":28},"end":{"line":48,"column":2}},"33":{"start":{"line":41,"column":112},"end":{"line":48,"column":2}},"34":{"start":{"line":42,"column":4},"end":{"line":47,"column":5}},"35":{"start":{"line":43,"column":18},"end":{"line":43,"column":48}},"36":{"start":{"line":44,"column":8},"end":{"line":44,"column":27}},"37":{"start":{"line":46,"column":8},"end":{"line":46,"column":20}},"38":{"start":{"line":41,"column":13},"end":{"line":41,"column":28}},"39":{"start":{"line":50,"column":30},"end":{"line":57,"column":2}},"40":{"start":{"line":50,"column":114},"end":{"line":57,"column":2}},"41":{"start":{"line":51,"column":4},"end":{"line":56,"column":5}},"42":{"start":{"line":52,"column":18},"end":{"line":52,"column":50}},"43":{"start":{"line":53,"column":8},"end":{"line":53,"column":27}},"44":{"start":{"line":55,"column":8},"end":{"line":55,"column":20}},"45":{"start":{"line":50,"column":13},"end":{"line":50,"column":30}},"46":{"start":{"line":58,"column":35},"end":{"line":66,"column":2}},"47":{"start":{"line":58,"column":119},"end":{"line":66,"column":2}},"48":{"start":{"line":59,"column":4},"end":{"line":65,"column":5}},"49":{"start":{"line":60,"column":18},"end":{"line":60,"column":44}},"50":{"start":{"line":61,"column":8},"end":{"line":61,"column":27}},"51":{"start":{"line":63,"column":8},"end":{"line":63,"column":27}},"52":{"start":{"line":64,"column":8},"end":{"line":64,"column":20}},"53":{"start":{"line":58,"column":13},"end":{"line":58,"column":35}},"54":{"start":{"line":67,"column":32},"end":{"line":75,"column":2}},"55":{"start":{"line":67,"column":116},"end":{"line":75,"column":2}},"56":{"start":{"line":68,"column":4},"end":{"line":74,"column":5}},"57":{"start":{"line":69,"column":27},"end":{"line":69,"column":47}},"58":{"start":{"line":70,"column":18},"end":{"line":70,"column":52}},"59":{"start":{"line":71,"column":8},"end":{"line":71,"column":27}},"60":{"start":{"line":73,"column":8},"end":{"line":73,"column":20}},"61":{"start":{"line":67,"column":13},"end":{"line":67,"column":32}},"62":{"start":{"line":76,"column":44},"end":{"line":84,"column":2}},"63":{"start":{"line":76,"column":128},"end":{"line":84,"column":2}},"64":{"start":{"line":77,"column":4},"end":{"line":83,"column":5}},"65":{"start":{"line":78,"column":27},"end":{"line":78,"column":47}},"66":{"start":{"line":79,"column":18},"end":{"line":79,"column":56}},"67":{"start":{"line":80,"column":8},"end":{"line":80,"column":27}},"68":{"start":{"line":82,"column":8},"end":{"line":82,"column":20}},"69":{"start":{"line":76,"column":13},"end":{"line":76,"column":44}},"70":{"start":{"line":85,"column":29},"end":{"line":93,"column":2}},"71":{"start":{"line":85,"column":113},"end":{"line":93,"column":2}},"72":{"start":{"line":86,"column":4},"end":{"line":92,"column":5}},"73":{"start":{"line":87,"column":30},"end":{"line":87,"column":38}},"74":{"start":{"line":88,"column":18},"end":{"line":88,"column":73}},"75":{"start":{"line":89,"column":8},"end":{"line":89,"column":27}},"76":{"start":{"line":91,"column":8},"end":{"line":91,"column":20}},"77":{"start":{"line":85,"column":13},"end":{"line":85,"column":29}},"78":{"start":{"line":94,"column":34},"end":{"line":102,"column":2}},"79":{"start":{"line":94,"column":118},"end":{"line":102,"column":2}},"80":{"start":{"line":95,"column":4},"end":{"line":101,"column":5}},"81":{"start":{"line":96,"column":30},"end":{"line":96,"column":38}},"82":{"start":{"line":97,"column":18},"end":{"line":97,"column":78}},"83":{"start":{"line":98,"column":8},"end":{"line":98,"column":27}},"84":{"start":{"line":100,"column":8},"end":{"line":100,"column":20}},"85":{"start":{"line":94,"column":13},"end":{"line":94,"column":34}},"86":{"start":{"line":103,"column":34},"end":{"line":111,"column":2}},"87":{"start":{"line":103,"column":118},"end":{"line":111,"column":2}},"88":{"start":{"line":104,"column":4},"end":{"line":110,"column":5}},"89":{"start":{"line":105,"column":30},"end":{"line":105,"column":38}},"90":{"start":{"line":106,"column":18},"end":{"line":106,"column":78}},"91":{"start":{"line":107,"column":8},"end":{"line":107,"column":27}},"92":{"start":{"line":109,"column":8},"end":{"line":109,"column":20}},"93":{"start":{"line":103,"column":13},"end":{"line":103,"column":34}},"94":{"start":{"line":112,"column":36},"end":{"line":120,"column":2}},"95":{"start":{"line":112,"column":120},"end":{"line":120,"column":2}},"96":{"start":{"line":113,"column":4},"end":{"line":119,"column":5}},"97":{"start":{"line":114,"column":30},"end":{"line":114,"column":38}},"98":{"start":{"line":115,"column":18},"end":{"line":115,"column":78}},"99":{"start":{"line":116,"column":8},"end":{"line":116,"column":35}},"100":{"start":{"line":118,"column":8},"end":{"line":118,"column":20}},"101":{"start":{"line":112,"column":13},"end":{"line":112,"column":36}},"102":{"start":{"line":121,"column":40},"end":{"line":129,"column":2}},"103":{"start":{"line":121,"column":124},"end":{"line":129,"column":2}},"104":{"start":{"line":122,"column":4},"end":{"line":128,"column":5}},"105":{"start":{"line":123,"column":52},"end":{"line":123,"column":60}},"106":{"start":{"line":124,"column":8},"end":{"line":124,"column":104}},"107":{"start":{"line":125,"column":8},"end":{"line":125,"column":35}},"108":{"start":{"line":127,"column":8},"end":{"line":127,"column":20}},"109":{"start":{"line":121,"column":13},"end":{"line":121,"column":40}},"110":{"start":{"line":130,"column":32},"end":{"line":150,"column":2}},"111":{"start":{"line":130,"column":116},"end":{"line":150,"column":2}},"112":{"start":{"line":131,"column":4},"end":{"line":149,"column":5}},"113":{"start":{"line":132,"column":132},"end":{"line":132,"column":140}},"114":{"start":{"line":133,"column":8},"end":{"line":145,"column":10}},"115":{"start":{"line":146,"column":8},"end":{"line":146,"column":28}},"116":{"start":{"line":148,"column":8},"end":{"line":148,"column":20}},"117":{"start":{"line":130,"column":13},"end":{"line":130,"column":32}},"118":{"start":{"line":151,"column":29},"end":{"line":158,"column":2}},"119":{"start":{"line":151,"column":113},"end":{"line":158,"column":2}},"120":{"start":{"line":152,"column":4},"end":{"line":157,"column":5}},"121":{"start":{"line":153,"column":8},"end":{"line":153,"column":56}},"122":{"start":{"line":154,"column":8},"end":{"line":154,"column":35}},"123":{"start":{"line":156,"column":8},"end":{"line":156,"column":20}},"124":{"start":{"line":151,"column":13},"end":{"line":151,"column":29}},"125":{"start":{"line":159,"column":29},"end":{"line":167,"column":2}},"126":{"start":{"line":159,"column":113},"end":{"line":167,"column":2}},"127":{"start":{"line":160,"column":4},"end":{"line":166,"column":5}},"128":{"start":{"line":161,"column":102},"end":{"line":161,"column":110}},"129":{"start":{"line":162,"column":8},"end":{"line":162,"column":119}},"130":{"start":{"line":163,"column":8},"end":{"line":163,"column":35}},"131":{"start":{"line":165,"column":8},"end":{"line":165,"column":20}},"132":{"start":{"line":159,"column":13},"end":{"line":159,"column":29}}},"fnMap":{"0":{"name":"(anonymous_13)","decl":{"start":{"line":4,"column":31},"end":{"line":4,"column":38}},"loc":{"start":{"line":4,"column":115},"end":{"line":12,"column":2}}},"1":{"name":"(anonymous_14)","decl":{"start":{"line":4,"column":115},"end":{"line":4,"column":null}},"loc":{"start":{"line":4,"column":115},"end":{"line":12,"column":1}}},"2":{"name":"(anonymous_15)","decl":{"start":{"line":14,"column":35},"end":{"line":14,"column":42}},"loc":{"start":{"line":14,"column":119},"end":{"line":22,"column":2}}},"3":{"name":"(anonymous_16)","decl":{"start":{"line":14,"column":119},"end":{"line":14,"column":null}},"loc":{"start":{"line":14,"column":119},"end":{"line":22,"column":1}}},"4":{"name":"(anonymous_17)","decl":{"start":{"line":24,"column":29},"end":{"line":24,"column":36}},"loc":{"start":{"line":24,"column":113},"end":{"line":32,"column":2}}},"5":{"name":"(anonymous_18)","decl":{"start":{"line":24,"column":113},"end":{"line":24,"column":null}},"loc":{"start":{"line":24,"column":113},"end":{"line":32,"column":1}}},"6":{"name":"(anonymous_19)","decl":{"start":{"line":33,"column":28},"end":{"line":33,"column":35}},"loc":{"start":{"line":33,"column":112},"end":{"line":40,"column":2}}},"7":{"name":"(anonymous_20)","decl":{"start":{"line":33,"column":112},"end":{"line":33,"column":null}},"loc":{"start":{"line":33,"column":112},"end":{"line":40,"column":1}}},"8":{"name":"(anonymous_21)","decl":{"start":{"line":41,"column":28},"end":{"line":41,"column":35}},"loc":{"start":{"line":41,"column":112},"end":{"line":48,"column":2}}},"9":{"name":"(anonymous_22)","decl":{"start":{"line":41,"column":112},"end":{"line":41,"column":null}},"loc":{"start":{"line":41,"column":112},"end":{"line":48,"column":1}}},"10":{"name":"(anonymous_23)","decl":{"start":{"line":50,"column":30},"end":{"line":50,"column":37}},"loc":{"start":{"line":50,"column":114},"end":{"line":57,"column":2}}},"11":{"name":"(anonymous_24)","decl":{"start":{"line":50,"column":114},"end":{"line":50,"column":null}},"loc":{"start":{"line":50,"column":114},"end":{"line":57,"column":1}}},"12":{"name":"(anonymous_25)","decl":{"start":{"line":58,"column":35},"end":{"line":58,"column":42}},"loc":{"start":{"line":58,"column":119},"end":{"line":66,"column":2}}},"13":{"name":"(anonymous_26)","decl":{"start":{"line":58,"column":119},"end":{"line":58,"column":null}},"loc":{"start":{"line":58,"column":119},"end":{"line":66,"column":1}}},"14":{"name":"(anonymous_27)","decl":{"start":{"line":67,"column":32},"end":{"line":67,"column":39}},"loc":{"start":{"line":67,"column":116},"end":{"line":75,"column":2}}},"15":{"name":"(anonymous_28)","decl":{"start":{"line":67,"column":116},"end":{"line":67,"column":null}},"loc":{"start":{"line":67,"column":116},"end":{"line":75,"column":1}}},"16":{"name":"(anonymous_29)","decl":{"start":{"line":76,"column":44},"end":{"line":76,"column":51}},"loc":{"start":{"line":76,"column":128},"end":{"line":84,"column":2}}},"17":{"name":"(anonymous_30)","decl":{"start":{"line":76,"column":128},"end":{"line":76,"column":null}},"loc":{"start":{"line":76,"column":128},"end":{"line":84,"column":1}}},"18":{"name":"(anonymous_31)","decl":{"start":{"line":85,"column":29},"end":{"line":85,"column":36}},"loc":{"start":{"line":85,"column":113},"end":{"line":93,"column":2}}},"19":{"name":"(anonymous_32)","decl":{"start":{"line":85,"column":113},"end":{"line":85,"column":null}},"loc":{"start":{"line":85,"column":113},"end":{"line":93,"column":1}}},"20":{"name":"(anonymous_33)","decl":{"start":{"line":94,"column":34},"end":{"line":94,"column":41}},"loc":{"start":{"line":94,"column":118},"end":{"line":102,"column":2}}},"21":{"name":"(anonymous_34)","decl":{"start":{"line":94,"column":118},"end":{"line":94,"column":null}},"loc":{"start":{"line":94,"column":118},"end":{"line":102,"column":1}}},"22":{"name":"(anonymous_35)","decl":{"start":{"line":103,"column":34},"end":{"line":103,"column":41}},"loc":{"start":{"line":103,"column":118},"end":{"line":111,"column":2}}},"23":{"name":"(anonymous_36)","decl":{"start":{"line":103,"column":118},"end":{"line":103,"column":null}},"loc":{"start":{"line":103,"column":118},"end":{"line":111,"column":1}}},"24":{"name":"(anonymous_37)","decl":{"start":{"line":112,"column":36},"end":{"line":112,"column":43}},"loc":{"start":{"line":112,"column":120},"end":{"line":120,"column":2}}},"25":{"name":"(anonymous_38)","decl":{"start":{"line":112,"column":120},"end":{"line":112,"column":null}},"loc":{"start":{"line":112,"column":120},"end":{"line":120,"column":1}}},"26":{"name":"(anonymous_39)","decl":{"start":{"line":121,"column":40},"end":{"line":121,"column":47}},"loc":{"start":{"line":121,"column":124},"end":{"line":129,"column":2}}},"27":{"name":"(anonymous_40)","decl":{"start":{"line":121,"column":124},"end":{"line":121,"column":null}},"loc":{"start":{"line":121,"column":124},"end":{"line":129,"column":1}}},"28":{"name":"(anonymous_41)","decl":{"start":{"line":130,"column":32},"end":{"line":130,"column":39}},"loc":{"start":{"line":130,"column":116},"end":{"line":150,"column":2}}},"29":{"name":"(anonymous_42)","decl":{"start":{"line":130,"column":116},"end":{"line":130,"column":null}},"loc":{"start":{"line":130,"column":116},"end":{"line":150,"column":1}}},"30":{"name":"(anonymous_43)","decl":{"start":{"line":151,"column":29},"end":{"line":151,"column":36}},"loc":{"start":{"line":151,"column":113},"end":{"line":158,"column":2}}},"31":{"name":"(anonymous_44)","decl":{"start":{"line":151,"column":113},"end":{"line":151,"column":null}},"loc":{"start":{"line":151,"column":113},"end":{"line":158,"column":1}}},"32":{"name":"(anonymous_45)","decl":{"start":{"line":159,"column":29},"end":{"line":159,"column":36}},"loc":{"start":{"line":159,"column":113},"end":{"line":167,"column":2}}},"33":{"name":"(anonymous_46)","decl":{"start":{"line":159,"column":113},"end":{"line":159,"column":null}},"loc":{"start":{"line":159,"column":113},"end":{"line":167,"column":1}}}},"branchMap":{},"s":{"0":1,"1":1,"2":2,"3":2,"4":2,"5":2,"6":1,"7":1,"8":1,"9":1,"10":2,"11":2,"12":2,"13":2,"14":1,"15":1,"16":1,"17":1,"18":0,"19":0,"20":0,"21":0,"22":0,"23":0,"24":1,"25":1,"26":2,"27":2,"28":2,"29":2,"30":0,"31":1,"32":1,"33":2,"34":2,"35":2,"36":2,"37":0,"38":1,"39":1,"40":2,"41":2,"42":2,"43":2,"44":0,"45":1,"46":1,"47":0,"48":0,"49":0,"50":0,"51":0,"52":0,"53":1,"54":1,"55":2,"56":2,"57":2,"58":2,"59":1,"60":1,"61":1,"62":1,"63":2,"64":2,"65":2,"66":2,"67":1,"68":1,"69":1,"70":1,"71":0,"72":0,"73":0,"74":0,"75":0,"76":0,"77":1,"78":1,"79":0,"80":0,"81":0,"82":0,"83":0,"84":0,"85":1,"86":1,"87":0,"88":0,"89":0,"90":0,"91":0,"92":0,"93":1,"94":1,"95":0,"96":0,"97":0,"98":0,"99":0,"100":0,"101":1,"102":1,"103":0,"104":0,"105":0,"106":0,"107":0,"108":0,"109":1,"110":1,"111":0,"112":0,"113":0,"114":0,"115":0,"116":0,"117":1,"118":1,"119":0,"120":0,"121":0,"122":0,"123":0,"124":1,"125":1,"126":0,"127":0,"128":0,"129":0,"130":0,"131":0,"132":1},"f":{"0":2,"1":2,"2":2,"3":2,"4":0,"5":0,"6":2,"7":2,"8":2,"9":2,"10":2,"11":2,"12":0,"13":0,"14":2,"15":2,"16":2,"17":2,"18":0,"19":0,"20":0,"21":0,"22":0,"23":0,"24":0,"25":0,"26":0,"27":0,"28":0,"29":0,"30":0,"31":0,"32":0,"33":0},"b":{}}
,"C:\\Users\\hp\\Desktop\\E-commerce-Backend-G2\\src\\controllers\\userController.ts": {"path":"C:\\Users\\hp\\Desktop\\E-commerce-Backend-G2\\src\\controllers\\userController.ts","statementMap":{"0":{"start":{"line":3,"column":0},"end":{"line":3,"column":56}},"1":{"start":{"line":4,"column":0},"end":{"line":4,"column":52}},"2":{"start":{"line":5,"column":0},"end":{"line":5,"column":100}},"3":{"start":{"line":6,"column":0},"end":{"line":6,"column":28}},"4":{"start":{"line":7,"column":26},"end":{"line":27,"column":1}},"5":{"start":{"line":8,"column":4},"end":{"line":26,"column":6}},"6":{"start":{"line":8,"column":69},"end":{"line":26,"column":6}},"7":{"start":{"line":9,"column":103},"end":{"line":9,"column":111}},"8":{"start":{"line":10,"column":8},"end":{"line":25,"column":9}},"9":{"start":{"line":11,"column":35},"end":{"line":11,"column":74}},"10":{"start":{"line":12,"column":25},"end":{"line":12,"column":115}},"11":{"start":{"line":13,"column":12},"end":{"line":22,"column":13}},"12":{"start":{"line":14,"column":30},"end":{"line":14,"column":95}},"13":{"start":{"line":15,"column":72},"end":{"line":15,"column":87}},"14":{"start":{"line":15,"column":38},"end":{"line":15,"column":43}},"15":{"start":{"line":15,"column":67},"end":{"line":15,"column":72}},"16":{"start":{"line":16,"column":16},"end":{"line":19,"column":19}},"17":{"start":{"line":21,"column":16},"end":{"line":21,"column":87}},"18":{"start":{"line":24,"column":12},"end":{"line":24,"column":22}},"19":{"start":{"line":7,"column":13},"end":{"line":7,"column":26}},"20":{"start":{"line":29,"column":25},"end":{"line":47,"column":2}},"21":{"start":{"line":29,"column":83},"end":{"line":47,"column":2}},"22":{"start":{"line":30,"column":32},"end":{"line":30,"column":79}},"23":{"start":{"line":31,"column":4},"end":{"line":46,"column":5}},"24":{"start":{"line":32,"column":21},"end":{"line":32,"column":49}},"25":{"start":{"line":33,"column":24},"end":{"line":33,"column":100}},"26":{"start":{"line":34,"column":8},"end":{"line":43,"column":9}},"27":{"start":{"line":35,"column":26},"end":{"line":35,"column":82}},"28":{"start":{"line":36,"column":68},"end":{"line":36,"column":83}},"29":{"start":{"line":36,"column":34},"end":{"line":36,"column":39}},"30":{"start":{"line":36,"column":63},"end":{"line":36,"column":68}},"31":{"start":{"line":37,"column":12},"end":{"line":40,"column":15}},"32":{"start":{"line":42,"column":12},"end":{"line":42,"column":59}},"33":{"start":{"line":45,"column":8},"end":{"line":45,"column":18}},"34":{"start":{"line":29,"column":13},"end":{"line":29,"column":25}},"35":{"start":{"line":48,"column":26},"end":{"line":56,"column":2}},"36":{"start":{"line":48,"column":84},"end":{"line":56,"column":2}},"37":{"start":{"line":49,"column":82},"end":{"line":49,"column":90}},"38":{"start":{"line":50,"column":4},"end":{"line":55,"column":5}},"39":{"start":{"line":51,"column":21},"end":{"line":51,"column":109}},"40":{"start":{"line":52,"column":8},"end":{"line":52,"column":31}},"41":{"start":{"line":54,"column":8},"end":{"line":54,"column":25}},"42":{"start":{"line":48,"column":13},"end":{"line":48,"column":26}},"43":{"start":{"line":57,"column":27},"end":{"line":64,"column":2}},"44":{"start":{"line":57,"column":85},"end":{"line":64,"column":2}},"45":{"start":{"line":58,"column":4},"end":{"line":63,"column":5}},"46":{"start":{"line":59,"column":21},"end":{"line":59,"column":66}},"47":{"start":{"line":60,"column":8},"end":{"line":60,"column":30}},"48":{"start":{"line":62,"column":8},"end":{"line":62,"column":18}},"49":{"start":{"line":57,"column":13},"end":{"line":57,"column":27}}},"fnMap":{"0":{"name":"(anonymous_9)","decl":{"start":{"line":7,"column":26},"end":{"line":7,"column":27}},"loc":{"start":{"line":7,"column":43},"end":{"line":27,"column":1}}},"1":{"name":"(anonymous_10)","decl":{"start":{"line":8,"column":11},"end":{"line":8,"column":18}},"loc":{"start":{"line":8,"column":69},"end":{"line":26,"column":6}}},"2":{"name":"(anonymous_11)","decl":{"start":{"line":8,"column":69},"end":{"line":8,"column":null}},"loc":{"start":{"line":8,"column":69},"end":{"line":26,"column":5}}},"3":{"name":"(anonymous_12)","decl":{"start":{"line":29,"column":25},"end":{"line":29,"column":32}},"loc":{"start":{"line":29,"column":83},"end":{"line":47,"column":2}}},"4":{"name":"(anonymous_13)","decl":{"start":{"line":29,"column":83},"end":{"line":29,"column":null}},"loc":{"start":{"line":29,"column":83},"end":{"line":47,"column":1}}},"5":{"name":"(anonymous_14)","decl":{"start":{"line":48,"column":26},"end":{"line":48,"column":33}},"loc":{"start":{"line":48,"column":84},"end":{"line":56,"column":2}}},"6":{"name":"(anonymous_15)","decl":{"start":{"line":48,"column":84},"end":{"line":48,"column":null}},"loc":{"start":{"line":48,"column":84},"end":{"line":56,"column":1}}},"7":{"name":"(anonymous_16)","decl":{"start":{"line":57,"column":27},"end":{"line":57,"column":34}},"loc":{"start":{"line":57,"column":85},"end":{"line":64,"column":2}}},"8":{"name":"(anonymous_17)","decl":{"start":{"line":57,"column":85},"end":{"line":57,"column":null}},"loc":{"start":{"line":57,"column":85},"end":{"line":64,"column":1}}}},"branchMap":{"0":{"loc":{"start":{"line":13,"column":12},"end":{"line":22,"column":13}},"type":"if","locations":[{"start":{"line":13,"column":12},"end":{"line":22,"column":13}},{"start":{"line":20,"column":19},"end":{"line":22,"column":13}}]},"1":{"loc":{"start":{"line":34,"column":8},"end":{"line":43,"column":9}},"type":"if","locations":[{"start":{"line":34,"column":8},"end":{"line":43,"column":9}},{"start":{"line":41,"column":15},"end":{"line":43,"column":9}}]}},"s":{"0":1,"1":1,"2":1,"3":1,"4":1,"5":2,"6":0,"7":0,"8":0,"9":0,"10":0,"11":0,"12":0,"13":0,"14":0,"15":0,"16":0,"17":0,"18":0,"19":1,"20":1,"21":0,"22":0,"23":0,"24":0,"25":0,"26":0,"27":0,"28":0,"29":0,"30":0,"31":0,"32":0,"33":0,"34":1,"35":1,"36":0,"37":0,"38":0,"39":0,"40":0,"41":0,"42":1,"43":1,"44":0,"45":0,"46":0,"47":0,"48":0,"49":1},"f":{"0":2,"1":0,"2":0,"3":0,"4":0,"5":0,"6":0,"7":0,"8":0},"b":{"0":[0,0],"1":[0,0]}}
,"C:\\Users\\hp\\Desktop\\E-commerce-Backend-G2\\src\\database\\connection.ts": {"path":"C:\\Users\\hp\\Desktop\\E-commerce-Backend-G2\\src\\database\\connection.ts","statementMap":{"0":{"start":{"line":1,"column":0},"end":{"line":1,"column":38}},"1":{"start":{"line":2,"column":0},"end":{"line":2,"column":51}},"2":{"start":{"line":3,"column":29},"end":{"line":18,"column":2}},"3":{"start":{"line":20,"column":0},"end":{"line":20,"column":25}}},"fnMap":{},"branchMap":{},"s":{"0":1,"1":1,"2":1,"3":1},"f":{},"b":{}}
,"C:\\Users\\hp\\Desktop\\E-commerce-Backend-G2\\src\\database\\index.ts": {"path":"C:\\Users\\hp\\Desktop\\E-commerce-Backend-G2\\src\\database\\index.ts","statementMap":{"0":{"start":{"line":1,"column":0},"end":{"line":1,"column":39}},"1":{"start":{"line":2,"column":0},"end":{"line":2,"column":37}},"2":{"start":{"line":3,"column":0},"end":{"line":3,"column":39}},"3":{"start":{"line":4,"column":0},"end":{"line":4,"column":33}},"4":{"start":{"line":5,"column":0},"end":{"line":5,"column":45}},"5":{"start":{"line":6,"column":0},"end":{"line":6,"column":39}},"6":{"start":{"line":7,"column":0},"end":{"line":7,"column":37}},"7":{"start":{"line":8,"column":0},"end":{"line":8,"column":37}},"8":{"start":{"line":9,"column":0},"end":{"line":9,"column":41}},"9":{"start":{"line":10,"column":0},"end":{"line":10,"column":61}},"10":{"start":{"line":11,"column":0},"end":{"line":11,"column":48}},"11":{"start":{"line":12,"column":0},"end":{"line":12,"column":35}},"12":{"start":{"line":13,"column":0},"end":{"line":13,"column":41}},"13":{"start":{"line":14,"column":28},"end":{"line":28,"column":1}},"14":{"start":{"line":15,"column":4},"end":{"line":15,"column":24}},"15":{"start":{"line":16,"column":4},"end":{"line":16,"column":23}},"16":{"start":{"line":17,"column":4},"end":{"line":17,"column":24}},"17":{"start":{"line":18,"column":4},"end":{"line":18,"column":21}},"18":{"start":{"line":19,"column":4},"end":{"line":19,"column":27}},"19":{"start":{"line":20,"column":4},"end":{"line":20,"column":24}},"20":{"start":{"line":21,"column":4},"end":{"line":21,"column":23}},"21":{"start":{"line":22,"column":4},"end":{"line":22,"column":23}},"22":{"start":{"line":23,"column":4},"end":{"line":23,"column":25}},"23":{"start":{"line":24,"column":4},"end":{"line":24,"column":35}},"24":{"start":{"line":25,"column":4},"end":{"line":25,"column":28}},"25":{"start":{"line":26,"column":4},"end":{"line":26,"column":22}},"26":{"start":{"line":27,"column":4},"end":{"line":27,"column":25}},"27":{"start":{"line":14,"column":13},"end":{"line":14,"column":28}},"28":{"start":{"line":29,"column":13},"end":{"line":43,"column":2}}},"fnMap":{"0":{"name":"(anonymous_1)","decl":{"start":{"line":14,"column":28},"end":{"line":14,"column":31}},"loc":{"start":{"line":14,"column":33},"end":{"line":28,"column":1}}}},"branchMap":{},"s":{"0":1,"1":1,"2":1,"3":1,"4":1,"5":1,"6":1,"7":1,"8":1,"9":1,"10":1,"11":1,"12":1,"13":1,"14":1,"15":1,"16":1,"17":1,"18":1,"19":1,"20":1,"21":1,"22":1,"23":1,"24":1,"25":1,"26":1,"27":1,"28":1},"f":{"0":1},"b":{}}
,"C:\\Users\\hp\\Desktop\\E-commerce-Backend-G2\\src\\database\\models\\Coupons.ts": {"path":"C:\\Users\\hp\\Desktop\\E-commerce-Backend-G2\\src\\database\\models\\Coupons.ts","statementMap":{"0":{"start":{"line":1,"column":0},"end":{"line":1,"column":45}},"1":{"start":{"line":2,"column":0},"end":{"line":2,"column":38}},"2":{"start":{"line":20,"column":0},"end":{"line":50,"column":2}},"3":{"start":{"line":51,"column":0},"end":{"line":51,"column":23}}},"fnMap":{"0":{"name":"(anonymous_1)","decl":{"start":{"line":17,"column":4},"end":{"line":17,"column":10}},"loc":{"start":{"line":17,"column":20},"end":{"line":17,"column":25}}}},"branchMap":{},"s":{"0":1,"1":1,"2":1,"3":1},"f":{"0":1},"b":{}}
,"C:\\Users\\hp\\Desktop\\E-commerce-Backend-G2\\src\\database\\models\\Images.ts": {"path":"C:\\Users\\hp\\Desktop\\E-commerce-Backend-G2\\src\\database\\models\\Images.ts","statementMap":{"0":{"start":{"line":1,"column":0},"end":{"line":1,"column":45}},"1":{"start":{"line":2,"column":0},"end":{"line":2,"column":38}},"2":{"start":{"line":3,"column":0},"end":{"line":3,"column":34}},"3":{"start":{"line":18,"column":8},"end":{"line":18,"column":64}},"4":{"start":{"line":21,"column":0},"end":{"line":52,"column":2}},"5":{"start":{"line":53,"column":0},"end":{"line":53,"column":22}}},"fnMap":{"0":{"name":"(anonymous_1)","decl":{"start":{"line":17,"column":4},"end":{"line":17,"column":10}},"loc":{"start":{"line":17,"column":20},"end":{"line":19,"column":5}}}},"branchMap":{},"s":{"0":1,"1":1,"2":1,"3":1,"4":1,"5":1},"f":{"0":1},"b":{}}
,"C:\\Users\\hp\\Desktop\\E-commerce-Backend-G2\\src\\database\\models\\ProductsCategories.ts": {"path":"C:\\Users\\hp\\Desktop\\E-commerce-Backend-G2\\src\\database\\models\\ProductsCategories.ts","statementMap":{"0":{"start":{"line":1,"column":0},"end":{"line":1,"column":45}},"1":{"start":{"line":2,"column":0},"end":{"line":2,"column":38}},"2":{"start":{"line":3,"column":0},"end":{"line":3,"column":34}},"3":{"start":{"line":4,"column":0},"end":{"line":4,"column":38}},"4":{"start":{"line":19,"column":8},"end":{"line":19,"column":76}},"5":{"start":{"line":20,"column":8},"end":{"line":20,"column":79}},"6":{"start":{"line":23,"column":0},"end":{"line":56,"column":2}},"7":{"start":{"line":57,"column":0},"end":{"line":57,"column":34}}},"fnMap":{"0":{"name":"(anonymous_1)","decl":{"start":{"line":18,"column":4},"end":{"line":18,"column":10}},"loc":{"start":{"line":18,"column":20},"end":{"line":21,"column":5}}}},"branchMap":{},"s":{"0":1,"1":1,"2":1,"3":1,"4":1,"5":1,"6":1,"7":1},"f":{"0":1},"b":{}}
,"C:\\Users\\hp\\Desktop\\E-commerce-Backend-G2\\src\\database\\models\\Transactions.ts": {"path":"C:\\Users\\hp\\Desktop\\E-commerce-Backend-G2\\src\\database\\models\\Transactions.ts","statementMap":{"0":{"start":{"line":1,"column":0},"end":{"line":1,"column":45}},"1":{"start":{"line":2,"column":0},"end":{"line":2,"column":38}},"2":{"start":{"line":3,"column":0},"end":{"line":3,"column":28}},"3":{"start":{"line":4,"column":0},"end":{"line":4,"column":30}},"4":{"start":{"line":26,"column":8},"end":{"line":26,"column":74}},"5":{"start":{"line":27,"column":8},"end":{"line":27,"column":80}},"6":{"start":{"line":30,"column":0},"end":{"line":69,"column":2}},"7":{"start":{"line":71,"column":0},"end":{"line":71,"column":28}}},"fnMap":{"0":{"name":"(anonymous_1)","decl":{"start":{"line":25,"column":4},"end":{"line":25,"column":10}},"loc":{"start":{"line":25,"column":20},"end":{"line":28,"column":5}}}},"branchMap":{},"s":{"0":1,"1":1,"2":1,"3":1,"4":1,"5":1,"6":1,"7":1},"f":{"0":1},"b":{}}
,"C:\\Users\\hp\\Desktop\\E-commerce-Backend-G2\\src\\database\\models\\address.ts": {"path":"C:\\Users\\hp\\Desktop\\E-commerce-Backend-G2\\src\\database\\models\\address.ts","statementMap":{"0":{"start":{"line":1,"column":0},"end":{"line":1,"column":38}},"1":{"start":{"line":2,"column":0},"end":{"line":2,"column":45}},"2":{"start":{"line":3,"column":0},"end":{"line":3,"column":30}},"3":{"start":{"line":4,"column":0},"end":{"line":4,"column":28}},"4":{"start":{"line":30,"column":8},"end":{"line":30,"column":71}},"5":{"start":{"line":31,"column":8},"end":{"line":31,"column":59}},"6":{"start":{"line":34,"column":0},"end":{"line":85,"column":2}},"7":{"start":{"line":86,"column":0},"end":{"line":86,"column":23}}},"fnMap":{"0":{"name":"(anonymous_1)","decl":{"start":{"line":29,"column":4},"end":{"line":29,"column":10}},"loc":{"start":{"line":29,"column":20},"end":{"line":32,"column":5}}}},"branchMap":{},"s":{"0":1,"1":1,"2":1,"3":1,"4":1,"5":1,"6":1,"7":1},"f":{"0":1},"b":{}}
,"C:\\Users\\hp\\Desktop\\E-commerce-Backend-G2\\src\\database\\models\\brands.ts": {"path":"C:\\Users\\hp\\Desktop\\E-commerce-Backend-G2\\src\\database\\models\\brands.ts","statementMap":{"0":{"start":{"line":1,"column":0},"end":{"line":1,"column":56}},"1":{"start":{"line":2,"column":0},"end":{"line":2,"column":38}},"2":{"start":{"line":3,"column":0},"end":{"line":3,"column":34}},"3":{"start":{"line":19,"column":8},"end":{"line":19,"column":76}},"4":{"start":{"line":22,"column":0},"end":{"line":51,"column":2}},"5":{"start":{"line":52,"column":0},"end":{"line":52,"column":22}}},"fnMap":{"0":{"name":"(anonymous_1)","decl":{"start":{"line":18,"column":4},"end":{"line":18,"column":10}},"loc":{"start":{"line":18,"column":20},"end":{"line":20,"column":5}}}},"branchMap":{},"s":{"0":1,"1":1,"2":1,"3":1,"4":1,"5":1},"f":{"0":1},"b":{}}
,"C:\\Users\\hp\\Desktop\\E-commerce-Backend-G2\\src\\database\\models\\cart.ts": {"path":"C:\\Users\\hp\\Desktop\\E-commerce-Backend-G2\\src\\database\\models\\cart.ts","statementMap":{"0":{"start":{"line":1,"column":0},"end":{"line":1,"column":56}},"1":{"start":{"line":2,"column":0},"end":{"line":2,"column":38}},"2":{"start":{"line":3,"column":0},"end":{"line":3,"column":34}},"3":{"start":{"line":4,"column":0},"end":{"line":4,"column":28}},"4":{"start":{"line":19,"column":8},"end":{"line":19,"column":62}},"5":{"start":{"line":20,"column":8},"end":{"line":20,"column":56}},"6":{"start":{"line":23,"column":0},"end":{"line":55,"column":2}},"7":{"start":{"line":56,"column":0},"end":{"line":56,"column":20}}},"fnMap":{"0":{"name":"(anonymous_1)","decl":{"start":{"line":18,"column":4},"end":{"line":18,"column":10}},"loc":{"start":{"line":18,"column":20},"end":{"line":21,"column":5}}}},"branchMap":{},"s":{"0":1,"1":1,"2":1,"3":1,"4":1,"5":1,"6":1,"7":1},"f":{"0":1},"b":{}}
,"C:\\Users\\hp\\Desktop\\E-commerce-Backend-G2\\src\\database\\models\\categories.ts": {"path":"C:\\Users\\hp\\Desktop\\E-commerce-Backend-G2\\src\\database\\models\\categories.ts","statementMap":{"0":{"start":{"line":1,"column":0},"end":{"line":1,"column":56}},"1":{"start":{"line":2,"column":0},"end":{"line":2,"column":38}},"2":{"start":{"line":3,"column":0},"end":{"line":3,"column":34}},"3":{"start":{"line":4,"column":0},"end":{"line":4,"column":54}},"4":{"start":{"line":20,"column":8},"end":{"line":20,"column":102}},"5":{"start":{"line":21,"column":8},"end":{"line":21,"column":99}},"6":{"start":{"line":25,"column":0},"end":{"line":53,"column":2}},"7":{"start":{"line":54,"column":0},"end":{"line":54,"column":26}}},"fnMap":{"0":{"name":"(anonymous_1)","decl":{"start":{"line":19,"column":4},"end":{"line":19,"column":10}},"loc":{"start":{"line":19,"column":20},"end":{"line":22,"column":5}}}},"branchMap":{},"s":{"0":1,"1":1,"2":1,"3":1,"4":1,"5":1,"6":1,"7":1},"f":{"0":1},"b":{}}
,"C:\\Users\\hp\\Desktop\\E-commerce-Backend-G2\\src\\database\\models\\orders.ts": {"path":"C:\\Users\\hp\\Desktop\\E-commerce-Backend-G2\\src\\database\\models\\orders.ts","statementMap":{"0":{"start":{"line":1,"column":0},"end":{"line":1,"column":56}},"1":{"start":{"line":2,"column":0},"end":{"line":2,"column":38}},"2":{"start":{"line":3,"column":0},"end":{"line":3,"column":34}},"3":{"start":{"line":4,"column":0},"end":{"line":4,"column":28}},"4":{"start":{"line":5,"column":0},"end":{"line":5,"column":42}},"5":{"start":{"line":6,"column":0},"end":{"line":6,"column":32}},"6":{"start":{"line":26,"column":8},"end":{"line":26,"column":64}},"7":{"start":{"line":27,"column":8},"end":{"line":27,"column":58}},"8":{"start":{"line":28,"column":8},"end":{"line":28,"column":72}},"9":{"start":{"line":29,"column":8},"end":{"line":29,"column":63}},"10":{"start":{"line":33,"column":0},"end":{"line":77,"column":2}},"11":{"start":{"line":78,"column":0},"end":{"line":78,"column":22}}},"fnMap":{"0":{"name":"(anonymous_1)","decl":{"start":{"line":25,"column":4},"end":{"line":25,"column":10}},"loc":{"start":{"line":25,"column":20},"end":{"line":30,"column":5}}}},"branchMap":{},"s":{"0":1,"1":1,"2":1,"3":1,"4":1,"5":1,"6":1,"7":1,"8":1,"9":1,"10":1,"11":1},"f":{"0":1},"b":{}}
,"C:\\Users\\hp\\Desktop\\E-commerce-Backend-G2\\src\\database\\models\\products.ts": {"path":"C:\\Users\\hp\\Desktop\\E-commerce-Backend-G2\\src\\database\\models\\products.ts","statementMap":{"0":{"start":{"line":1,"column":0},"end":{"line":1,"column":56}},"1":{"start":{"line":2,"column":0},"end":{"line":2,"column":38}},"2":{"start":{"line":3,"column":0},"end":{"line":3,"column":32}},"3":{"start":{"line":4,"column":0},"end":{"line":4,"column":30}},"4":{"start":{"line":5,"column":0},"end":{"line":5,"column":30}},"5":{"start":{"line":6,"column":0},"end":{"line":6,"column":26}},"6":{"start":{"line":7,"column":0},"end":{"line":7,"column":34}},"7":{"start":{"line":8,"column":0},"end":{"line":8,"column":30}},"8":{"start":{"line":9,"column":0},"end":{"line":9,"column":38}},"9":{"start":{"line":10,"column":0},"end":{"line":10,"column":54}},"10":{"start":{"line":49,"column":8},"end":{"line":49,"column":63}},"11":{"start":{"line":50,"column":8},"end":{"line":50,"column":62}},"12":{"start":{"line":51,"column":8},"end":{"line":51,"column":80}},"13":{"start":{"line":52,"column":8},"end":{"line":52,"column":60}},"14":{"start":{"line":53,"column":8},"end":{"line":53,"column":64}},"15":{"start":{"line":54,"column":8},"end":{"line":54,"column":75}},"16":{"start":{"line":55,"column":8},"end":{"line":55,"column":101}},"17":{"start":{"line":56,"column":8},"end":{"line":56,"column":95}},"18":{"start":{"line":59,"column":0},"end":{"line":127,"column":2}},"19":{"start":{"line":128,"column":0},"end":{"line":128,"column":24}}},"fnMap":{"0":{"name":"(anonymous_1)","decl":{"start":{"line":48,"column":4},"end":{"line":48,"column":10}},"loc":{"start":{"line":48,"column":20},"end":{"line":57,"column":5}}}},"branchMap":{},"s":{"0":1,"1":1,"2":1,"3":1,"4":1,"5":1,"6":1,"7":1,"8":1,"9":1,"10":1,"11":1,"12":1,"13":1,"14":1,"15":1,"16":1,"17":1,"18":1,"19":1},"f":{"0":1},"b":{}}
,"C:\\Users\\hp\\Desktop\\E-commerce-Backend-G2\\src\\database\\models\\ratings.ts": {"path":"C:\\Users\\hp\\Desktop\\E-commerce-Backend-G2\\src\\database\\models\\ratings.ts","statementMap":{"0":{"start":{"line":1,"column":0},"end":{"line":1,"column":45}},"1":{"start":{"line":2,"column":0},"end":{"line":2,"column":38}},"2":{"start":{"line":3,"column":0},"end":{"line":3,"column":34}},"3":{"start":{"line":4,"column":0},"end":{"line":4,"column":28}},"4":{"start":{"line":26,"column":8},"end":{"line":26,"column":65}},"5":{"start":{"line":27,"column":8},"end":{"line":27,"column":59}},"6":{"start":{"line":30,"column":0},"end":{"line":70,"column":2}},"7":{"start":{"line":71,"column":0},"end":{"line":71,"column":23}}},"fnMap":{"0":{"name":"(anonymous_1)","decl":{"start":{"line":25,"column":4},"end":{"line":25,"column":10}},"loc":{"start":{"line":25,"column":20},"end":{"line":28,"column":5}}}},"branchMap":{},"s":{"0":1,"1":1,"2":1,"3":1,"4":1,"5":1,"6":1,"7":1},"f":{"0":1},"b":{}}
,"C:\\Users\\hp\\Desktop\\E-commerce-Backend-G2\\src\\database\\models\\users.ts": {"path":"C:\\Users\\hp\\Desktop\\E-commerce-Backend-G2\\src\\database\\models\\users.ts","statementMap":{"0":{"start":{"line":1,"column":0},"end":{"line":1,"column":56}},"1":{"start":{"line":2,"column":0},"end":{"line":2,"column":38}},"2":{"start":{"line":3,"column":0},"end":{"line":3,"column":32}},"3":{"start":{"line":4,"column":0},"end":{"line":4,"column":32}},"4":{"start":{"line":5,"column":0},"end":{"line":5,"column":26}},"5":{"start":{"line":6,"column":0},"end":{"line":6,"column":30}},"6":{"start":{"line":7,"column":0},"end":{"line":7,"column":41}},"7":{"start":{"line":8,"column":0},"end":{"line":8,"column":34}},"8":{"start":{"line":35,"column":8},"end":{"line":35,"column":57}},"9":{"start":{"line":36,"column":8},"end":{"line":36,"column":57}},"10":{"start":{"line":37,"column":8},"end":{"line":37,"column":54}},"11":{"start":{"line":38,"column":8},"end":{"line":38,"column":61}},"12":{"start":{"line":39,"column":8},"end":{"line":39,"column":56}},"13":{"start":{"line":40,"column":8},"end":{"line":40,"column":58}},"14":{"start":{"line":43,"column":0},"end":{"line":98,"column":2}},"15":{"start":{"line":99,"column":0},"end":{"line":99,"column":21}}},"fnMap":{"0":{"name":"(anonymous_1)","decl":{"start":{"line":34,"column":4},"end":{"line":34,"column":10}},"loc":{"start":{"line":34,"column":20},"end":{"line":41,"column":5}}}},"branchMap":{},"s":{"0":1,"1":1,"2":1,"3":1,"4":1,"5":1,"6":1,"7":1,"8":1,"9":1,"10":1,"11":1,"12":1,"13":1,"14":1,"15":1},"f":{"0":1},"b":{}}
,"C:\\Users\\hp\\Desktop\\E-commerce-Backend-G2\\src\\database\\models\\wishlist.ts": {"path":"C:\\Users\\hp\\Desktop\\E-commerce-Backend-G2\\src\\database\\models\\wishlist.ts","statementMap":{"0":{"start":{"line":1,"column":0},"end":{"line":1,"column":56}},"1":{"start":{"line":2,"column":0},"end":{"line":2,"column":38}},"2":{"start":{"line":3,"column":0},"end":{"line":3,"column":34}},"3":{"start":{"line":4,"column":0},"end":{"line":4,"column":28}},"4":{"start":{"line":20,"column":8},"end":{"line":20,"column":66}},"5":{"start":{"line":21,"column":8},"end":{"line":21,"column":60}},"6":{"start":{"line":24,"column":0},"end":{"line":56,"column":2}},"7":{"start":{"line":57,"column":0},"end":{"line":57,"column":24}}},"fnMap":{"0":{"name":"(anonymous_1)","decl":{"start":{"line":19,"column":4},"end":{"line":19,"column":10}},"loc":{"start":{"line":19,"column":20},"end":{"line":22,"column":5}}}},"branchMap":{},"s":{"0":1,"1":1,"2":1,"3":1,"4":1,"5":1,"6":1,"7":1},"f":{"0":1},"b":{}}
,"C:\\Users\\hp\\Desktop\\E-commerce-Backend-G2\\src\\middleware\\customError.ts": {"path":"C:\\Users\\hp\\Desktop\\E-commerce-Backend-G2\\src\\middleware\\customError.ts","statementMap":{"0":{"start":{"line":8,"column":8},"end":{"line":8,"column":23}},"1":{"start":{"line":9,"column":8},"end":{"line":9,"column":42}},"2":{"start":{"line":10,"column":8},"end":{"line":10,"column":37}},"3":{"start":{"line":11,"column":8},"end":{"line":11,"column":35}},"4":{"start":{"line":14,"column":8},"end":{"line":16,"column":9}},"5":{"start":{"line":15,"column":12},"end":{"line":15,"column":60}},"6":{"start":{"line":3,"column":0},"end":{"line":3,"column":13}},"7":{"start":{"line":20,"column":31},"end":{"line":39,"column":1}},"8":{"start":{"line":21,"column":4},"end":{"line":38,"column":5}},"9":{"start":{"line":23,"column":8},"end":{"line":29,"column":11}},"10":{"start":{"line":32,"column":8},"end":{"line":37,"column":11}},"11":{"start":{"line":20,"column":13},"end":{"line":20,"column":31}}},"fnMap":{"0":{"name":"(anonymous_0)","decl":{"start":{"line":7,"column":4},"end":{"line":7,"column":16}},"loc":{"start":{"line":7,"column":71},"end":{"line":17,"column":5}}},"1":{"name":"(anonymous_1)","decl":{"start":{"line":20,"column":31},"end":{"line":20,"column":32}},"loc":{"start":{"line":20,"column":95},"end":{"line":39,"column":1}}}},"branchMap":{"0":{"loc":{"start":{"line":14,"column":8},"end":{"line":16,"column":9}},"type":"if","locations":[{"start":{"line":14,"column":8},"end":{"line":16,"column":9}}]},"1":{"loc":{"start":{"line":21,"column":4},"end":{"line":38,"column":5}},"type":"if","locations":[{"start":{"line":21,"column":4},"end":{"line":38,"column":5}},{"start":{"line":30,"column":11},"end":{"line":38,"column":5}}]}},"s":{"0":4,"1":4,"2":4,"3":4,"4":4,"5":4,"6":1,"7":1,"8":0,"9":0,"10":0,"11":1},"f":{"0":4,"1":0},"b":{"0":[4],"1":[0,0]}}
,"C:\\Users\\hp\\Desktop\\E-commerce-Backend-G2\\src\\middleware\\errorHandler.ts": {"path":"C:\\Users\\hp\\Desktop\\E-commerce-Backend-G2\\src\\middleware\\errorHandler.ts","statementMap":{"0":{"start":{"line":2,"column":0},"end":{"line":2,"column":44}},"1":{"start":{"line":4,"column":28},"end":{"line":7,"column":1}},"2":{"start":{"line":5,"column":4},"end":{"line":5,"column":88}},"3":{"start":{"line":5,"column":36},"end":{"line":5,"column":88}},"4":{"start":{"line":6,"column":4},"end":{"line":6,"column":60}},"5":{"start":{"line":4,"column":13},"end":{"line":4,"column":28}}},"fnMap":{"0":{"name":"(anonymous_0)","decl":{"start":{"line":4,"column":28},"end":{"line":4,"column":29}},"loc":{"start":{"line":4,"column":92},"end":{"line":7,"column":1}}}},"branchMap":{"0":{"loc":{"start":{"line":5,"column":4},"end":{"line":5,"column":88}},"type":"if","locations":[{"start":{"line":5,"column":4},"end":{"line":5,"column":88}}]}},"s":{"0":1,"1":1,"2":4,"3":4,"4":0,"5":1},"f":{"0":4},"b":{"0":[4]}}
,"C:\\Users\\hp\\Desktop\\E-commerce-Backend-G2\\src\\middleware\\validateProduct.ts": {"path":"C:\\Users\\hp\\Desktop\\E-commerce-Backend-G2\\src\\middleware\\validateProduct.ts","statementMap":{"0":{"start":{"line":1,"column":0},"end":{"line":1,"column":66}},"1":{"start":{"line":3,"column":0},"end":{"line":3,"column":42}},"2":{"start":{"line":4,"column":13},"end":{"line":14,"column":2}},"3":{"start":{"line":7,"column":23},"end":{"line":7,"column":44}},"4":{"start":{"line":8,"column":8},"end":{"line":12,"column":9}},"5":{"start":{"line":9,"column":12},"end":{"line":9,"column":57}},"6":{"start":{"line":11,"column":12},"end":{"line":11,"column":19}},"7":{"start":{"line":15,"column":13},"end":{"line":25,"column":2}},"8":{"start":{"line":18,"column":23},"end":{"line":18,"column":44}},"9":{"start":{"line":19,"column":8},"end":{"line":23,"column":9}},"10":{"start":{"line":20,"column":12},"end":{"line":20,"column":57}},"11":{"start":{"line":22,"column":12},"end":{"line":22,"column":19}},"12":{"start":{"line":27,"column":13},"end":{"line":37,"column":2}},"13":{"start":{"line":30,"column":23},"end":{"line":30,"column":44}},"14":{"start":{"line":31,"column":8},"end":{"line":35,"column":9}},"15":{"start":{"line":32,"column":12},"end":{"line":32,"column":57}},"16":{"start":{"line":34,"column":12},"end":{"line":34,"column":19}},"17":{"start":{"line":38,"column":13},"end":{"line":50,"column":2}},"18":{"start":{"line":43,"column":23},"end":{"line":43,"column":44}},"19":{"start":{"line":44,"column":8},"end":{"line":48,"column":9}},"20":{"start":{"line":45,"column":12},"end":{"line":45,"column":57}},"21":{"start":{"line":47,"column":12},"end":{"line":47,"column":19}},"22":{"start":{"line":51,"column":13},"end":{"line":100,"column":2}},"23":{"start":{"line":94,"column":23},"end":{"line":94,"column":44}},"24":{"start":{"line":95,"column":8},"end":{"line":97,"column":9}},"25":{"start":{"line":96,"column":12},"end":{"line":96,"column":57}},"26":{"start":{"line":98,"column":8},"end":{"line":98,"column":15}},"27":{"start":{"line":101,"column":13},"end":{"line":145,"column":2}},"28":{"start":{"line":139,"column":23},"end":{"line":139,"column":44}},"29":{"start":{"line":140,"column":8},"end":{"line":142,"column":9}},"30":{"start":{"line":141,"column":12},"end":{"line":141,"column":57}},"31":{"start":{"line":143,"column":8},"end":{"line":143,"column":15}}},"fnMap":{"0":{"name":"(anonymous_0)","decl":{"start":{"line":6,"column":4},"end":{"line":6,"column":5}},"loc":{"start":{"line":6,"column":73},"end":{"line":13,"column":5}}},"1":{"name":"(anonymous_1)","decl":{"start":{"line":17,"column":4},"end":{"line":17,"column":5}},"loc":{"start":{"line":17,"column":73},"end":{"line":24,"column":5}}},"2":{"name":"(anonymous_2)","decl":{"start":{"line":29,"column":4},"end":{"line":29,"column":5}},"loc":{"start":{"line":29,"column":73},"end":{"line":36,"column":5}}},"3":{"name":"(anonymous_3)","decl":{"start":{"line":42,"column":4},"end":{"line":42,"column":5}},"loc":{"start":{"line":42,"column":73},"end":{"line":49,"column":5}}},"4":{"name":"(anonymous_4)","decl":{"start":{"line":93,"column":4},"end":{"line":93,"column":5}},"loc":{"start":{"line":93,"column":56},"end":{"line":99,"column":5}}},"5":{"name":"(anonymous_5)","decl":{"start":{"line":138,"column":4},"end":{"line":138,"column":5}},"loc":{"start":{"line":138,"column":56},"end":{"line":144,"column":5}}}},"branchMap":{"0":{"loc":{"start":{"line":8,"column":8},"end":{"line":12,"column":9}},"type":"if","locations":[{"start":{"line":8,"column":8},"end":{"line":12,"column":9}},{"start":{"line":10,"column":15},"end":{"line":12,"column":9}}]},"1":{"loc":{"start":{"line":19,"column":8},"end":{"line":23,"column":9}},"type":"if","locations":[{"start":{"line":19,"column":8},"end":{"line":23,"column":9}},{"start":{"line":21,"column":15},"end":{"line":23,"column":9}}]},"2":{"loc":{"start":{"line":31,"column":8},"end":{"line":35,"column":9}},"type":"if","locations":[{"start":{"line":31,"column":8},"end":{"line":35,"column":9}},{"start":{"line":33,"column":15},"end":{"line":35,"column":9}}]},"3":{"loc":{"start":{"line":44,"column":8},"end":{"line":48,"column":9}},"type":"if","locations":[{"start":{"line":44,"column":8},"end":{"line":48,"column":9}},{"start":{"line":46,"column":15},"end":{"line":48,"column":9}}]},"4":{"loc":{"start":{"line":95,"column":8},"end":{"line":97,"column":9}},"type":"if","locations":[{"start":{"line":95,"column":8},"end":{"line":97,"column":9}}]},"5":{"loc":{"start":{"line":140,"column":8},"end":{"line":142,"column":9}},"type":"if","locations":[{"start":{"line":140,"column":8},"end":{"line":142,"column":9}}]}},"s":{"0":1,"1":1,"2":1,"3":12,"4":12,"5":4,"6":8,"7":1,"8":0,"9":0,"10":0,"11":0,"12":1,"13":0,"14":0,"15":0,"16":0,"17":1,"18":0,"19":0,"20":0,"21":0,"22":1,"23":0,"24":0,"25":0,"26":0,"27":1,"28":0,"29":0,"30":0,"31":0},"f":{"0":12,"1":0,"2":0,"3":0,"4":0,"5":0},"b":{"0":[4,8],"1":[0,0],"2":[0,0],"3":[0,0],"4":[0],"5":[0]}}
,"C:\\Users\\hp\\Desktop\\E-commerce-Backend-G2\\src\\middleware\\validateUser.ts": {"path":"C:\\Users\\hp\\Desktop\\E-commerce-Backend-G2\\src\\middleware\\validateUser.ts","statementMap":{"0":{"start":{"line":1,"column":0},"end":{"line":1,"column":59}},"1":{"start":{"line":3,"column":0},"end":{"line":3,"column":44}},"2":{"start":{"line":4,"column":0},"end":{"line":4,"column":61}},"3":{"start":{"line":6,"column":13},"end":{"line":40,"column":2}},"4":{"start":{"line":18,"column":32},"end":{"line":22,"column":10}},"5":{"start":{"line":19,"column":12},"end":{"line":21,"column":13}},"6":{"start":{"line":20,"column":16},"end":{"line":20,"column":68}},"7":{"start":{"line":28,"column":23},"end":{"line":28,"column":44}},"8":{"start":{"line":29,"column":8},"end":{"line":37,"column":9}},"9":{"start":{"line":30,"column":33},"end":{"line":32,"column":15}},"10":{"start":{"line":30,"column":62},"end":{"line":32,"column":14}},"11":{"start":{"line":34,"column":12},"end":{"line":36,"column":15}},"12":{"start":{"line":38,"column":8},"end":{"line":38,"column":15}},"13":{"start":{"line":41,"column":13},"end":{"line":71,"column":2}},"14":{"start":{"line":59,"column":23},"end":{"line":59,"column":44}},"15":{"start":{"line":60,"column":8},"end":{"line":68,"column":9}},"16":{"start":{"line":61,"column":33},"end":{"line":64,"column":15}},"17":{"start":{"line":61,"column":62},"end":{"line":64,"column":14}},"18":{"start":{"line":65,"column":12},"end":{"line":67,"column":15}},"19":{"start":{"line":69,"column":8},"end":{"line":69,"column":15}},"20":{"start":{"line":74,"column":13},"end":{"line":97,"column":2}},"21":{"start":{"line":85,"column":23},"end":{"line":85,"column":44}},"22":{"start":{"line":86,"column":8},"end":{"line":94,"column":9}},"23":{"start":{"line":87,"column":33},"end":{"line":89,"column":15}},"24":{"start":{"line":87,"column":62},"end":{"line":89,"column":14}},"25":{"start":{"line":91,"column":12},"end":{"line":93,"column":15}},"26":{"start":{"line":95,"column":8},"end":{"line":95,"column":15}},"27":{"start":{"line":98,"column":13},"end":{"line":126,"column":2}},"28":{"start":{"line":108,"column":32},"end":{"line":112,"column":10}},"29":{"start":{"line":109,"column":12},"end":{"line":111,"column":13}},"30":{"start":{"line":110,"column":16},"end":{"line":110,"column":66}},"31":{"start":{"line":115,"column":23},"end":{"line":115,"column":44}},"32":{"start":{"line":116,"column":8},"end":{"line":123,"column":9}},"33":{"start":{"line":117,"column":33},"end":{"line":119,"column":15}},"34":{"start":{"line":117,"column":62},"end":{"line":119,"column":14}},"35":{"start":{"line":120,"column":12},"end":{"line":122,"column":15}},"36":{"start":{"line":124,"column":8},"end":{"line":124,"column":15}}},"fnMap":{"0":{"name":"(anonymous_7)","decl":{"start":{"line":18,"column":16},"end":{"line":18,"column":23}},"loc":{"start":{"line":18,"column":32},"end":{"line":22,"column":10}}},"1":{"name":"(anonymous_8)","decl":{"start":{"line":18,"column":32},"end":{"line":18,"column":null}},"loc":{"start":{"line":18,"column":32},"end":{"line":22,"column":9}}},"2":{"name":"(anonymous_9)","decl":{"start":{"line":27,"column":4},"end":{"line":27,"column":5}},"loc":{"start":{"line":27,"column":56},"end":{"line":39,"column":5}}},"3":{"name":"(anonymous_10)","decl":{"start":{"line":30,"column":52},"end":{"line":30,"column":53}},"loc":{"start":{"line":30,"column":62},"end":{"line":32,"column":14}}},"4":{"name":"(anonymous_11)","decl":{"start":{"line":58,"column":4},"end":{"line":58,"column":5}},"loc":{"start":{"line":58,"column":56},"end":{"line":70,"column":5}}},"5":{"name":"(anonymous_12)","decl":{"start":{"line":61,"column":52},"end":{"line":61,"column":53}},"loc":{"start":{"line":61,"column":62},"end":{"line":64,"column":14}}},"6":{"name":"(anonymous_13)","decl":{"start":{"line":84,"column":4},"end":{"line":84,"column":5}},"loc":{"start":{"line":84,"column":56},"end":{"line":96,"column":5}}},"7":{"name":"(anonymous_14)","decl":{"start":{"line":87,"column":52},"end":{"line":87,"column":53}},"loc":{"start":{"line":87,"column":62},"end":{"line":89,"column":14}}},"8":{"name":"(anonymous_15)","decl":{"start":{"line":108,"column":16},"end":{"line":108,"column":23}},"loc":{"start":{"line":108,"column":32},"end":{"line":112,"column":10}}},"9":{"name":"(anonymous_16)","decl":{"start":{"line":108,"column":32},"end":{"line":108,"column":null}},"loc":{"start":{"line":108,"column":32},"end":{"line":112,"column":9}}},"10":{"name":"(anonymous_17)","decl":{"start":{"line":114,"column":4},"end":{"line":114,"column":5}},"loc":{"start":{"line":114,"column":56},"end":{"line":125,"column":5}}},"11":{"name":"(anonymous_18)","decl":{"start":{"line":117,"column":52},"end":{"line":117,"column":53}},"loc":{"start":{"line":117,"column":62},"end":{"line":119,"column":14}}}},"branchMap":{"0":{"loc":{"start":{"line":19,"column":12},"end":{"line":21,"column":13}},"type":"if","locations":[{"start":{"line":19,"column":12},"end":{"line":21,"column":13}}]},"1":{"loc":{"start":{"line":29,"column":8},"end":{"line":37,"column":9}},"type":"if","locations":[{"start":{"line":29,"column":8},"end":{"line":37,"column":9}}]},"2":{"loc":{"start":{"line":60,"column":8},"end":{"line":68,"column":9}},"type":"if","locations":[{"start":{"line":60,"column":8},"end":{"line":68,"column":9}}]},"3":{"loc":{"start":{"line":86,"column":8},"end":{"line":94,"column":9}},"type":"if","locations":[{"start":{"line":86,"column":8},"end":{"line":94,"column":9}}]},"4":{"loc":{"start":{"line":109,"column":12},"end":{"line":111,"column":13}},"type":"if","locations":[{"start":{"line":109,"column":12},"end":{"line":111,"column":13}}]},"5":{"loc":{"start":{"line":116,"column":8},"end":{"line":123,"column":9}},"type":"if","locations":[{"start":{"line":116,"column":8},"end":{"line":123,"column":9}}]}},"s":{"0":1,"1":1,"2":1,"3":1,"4":0,"5":0,"6":0,"7":0,"8":0,"9":0,"10":0,"11":0,"12":0,"13":1,"14":0,"15":0,"16":0,"17":0,"18":0,"19":0,"20":1,"21":0,"22":0,"23":0,"24":0,"25":0,"26":0,"27":1,"28":0,"29":0,"30":0,"31":0,"32":0,"33":0,"34":0,"35":0,"36":0},"f":{"0":0,"1":0,"2":0,"3":0,"4":0,"5":0,"6":0,"7":0,"8":0,"9":0,"10":0,"11":0},"b":{"0":[0],"1":[0],"2":[0],"3":[0],"4":[0],"5":[0]}}
,"C:\\Users\\hp\\Desktop\\E-commerce-Backend-G2\\src\\routes\\productsRoutes.ts": {"path":"C:\\Users\\hp\\Desktop\\E-commerce-Backend-G2\\src\\routes\\productsRoutes.ts","statementMap":{"0":{"start":{"line":1,"column":0},"end":{"line":1,"column":33}},"1":{"start":{"line":2,"column":0},"end":{"line":2,"column":56}},"2":{"start":{"line":3,"column":0},"end":{"line":3,"column":null}},"3":{"start":{"line":11,"column":0},"end":{"line":11,"column":52}},"4":{"start":{"line":13,"column":30},"end":{"line":13,"column":38}},"5":{"start":{"line":15,"column":0},"end":{"line":15,"column":63}},"6":{"start":{"line":16,"column":0},"end":{"line":16,"column":73}},"7":{"start":{"line":17,"column":0},"end":{"line":17,"column":67}},"8":{"start":{"line":18,"column":0},"end":{"line":18,"column":88}},"9":{"start":{"line":19,"column":0},"end":{"line":19,"column":75}},"10":{"start":{"line":20,"column":0},"end":{"line":20,"column":58}},"11":{"start":{"line":23,"column":0},"end":{"line":23,"column":51}},"12":{"start":{"line":24,"column":0},"end":{"line":24,"column":51}},"13":{"start":{"line":25,"column":0},"end":{"line":25,"column":55}},"14":{"start":{"line":27,"column":0},"end":{"line":27,"column":106}},"15":{"start":{"line":28,"column":0},"end":{"line":28,"column":118}},"16":{"start":{"line":29,"column":0},"end":{"line":29,"column":118}},"17":{"start":{"line":31,"column":0},"end":{"line":31,"column":120}},"18":{"start":{"line":33,"column":0},"end":{"line":33,"column":121}},"19":{"start":{"line":37,"column":0},"end":{"line":37,"column":111}},"20":{"start":{"line":38,"column":0},"end":{"line":38,"column":109}},"21":{"start":{"line":39,"column":0},"end":{"line":39,"column":110}},"22":{"start":{"line":41,"column":0},"end":{"line":41,"column":29}}},"fnMap":{},"branchMap":{},"s":{"0":1,"1":1,"2":1,"3":1,"4":1,"5":1,"6":1,"7":1,"8":1,"9":1,"10":1,"11":1,"12":1,"13":1,"14":1,"15":1,"16":1,"17":1,"18":1,"19":1,"20":1,"21":1,"22":1},"f":{},"b":{}}
,"C:\\Users\\hp\\Desktop\\E-commerce-Backend-G2\\src\\routes\\userRoutes.ts": {"path":"C:\\Users\\hp\\Desktop\\E-commerce-Backend-G2\\src\\routes\\userRoutes.ts","statementMap":{"0":{"start":{"line":1,"column":0},"end":{"line":1,"column":33}},"1":{"start":{"line":2,"column":0},"end":{"line":2,"column":95}},"2":{"start":{"line":3,"column":0},"end":{"line":3,"column":93}},"3":{"start":{"line":4,"column":0},"end":{"line":4,"column":52}},"4":{"start":{"line":6,"column":27},"end":{"line":6,"column":35}},"5":{"start":{"line":9,"column":0},"end":{"line":9,"column":63}},"6":{"start":{"line":10,"column":0},"end":{"line":10,"column":102}},"7":{"start":{"line":11,"column":0},"end":{"line":11,"column":52}},"8":{"start":{"line":12,"column":0},"end":{"line":12,"column":90}},"9":{"start":{"line":13,"column":0},"end":{"line":13,"column":67}},"10":{"start":{"line":14,"column":0},"end":{"line":14,"column":26}}},"fnMap":{},"branchMap":{},"s":{"0":1,"1":1,"2":1,"3":1,"4":1,"5":1,"6":1,"7":1,"8":1,"9":1,"10":1},"f":{},"b":{}}
,"C:\\Users\\hp\\Desktop\\E-commerce-Backend-G2\\src\\utils\\ProductsUtils.ts": {"path":"C:\\Users\\hp\\Desktop\\E-commerce-Backend-G2\\src\\utils\\ProductsUtils.ts","statementMap":{"0":{"start":{"line":10,"column":0},"end":{"line":10,"column":22}},"1":{"start":{"line":48,"column":0},"end":{"line":48,"column":22}},"2":{"start":{"line":97,"column":0},"end":{"line":97,"column":22}},"3":{"start":{"line":109,"column":0},"end":{"line":109,"column":22}},"4":{"start":{"line":182,"column":0},"end":{"line":182,"column":22}},"5":{"start":{"line":223,"column":0},"end":{"line":223,"column":22}},"6":{"start":{"line":254,"column":0},"end":{"line":254,"column":22}},"7":{"start":{"line":285,"column":0},"end":{"line":285,"column":22}},"8":{"start":{"line":316,"column":0},"end":{"line":316,"column":22}},"9":{"start":{"line":347,"column":0},"end":{"line":347,"column":22}},"10":{"start":{"line":380,"column":0},"end":{"line":380,"column":22}},"11":{"start":{"line":384,"column":0},"end":{"line":384,"column":22}},"12":{"start":{"line":388,"column":0},"end":{"line":388,"column":22}},"13":{"start":{"line":421,"column":0},"end":{"line":421,"column":22}},"14":{"start":{"line":455,"column":0},"end":{"line":455,"column":22}},"15":{"start":{"line":489,"column":0},"end":{"line":489,"column":22}},"16":{"start":{"line":563,"column":0},"end":{"line":563,"column":22}},"17":{"start":{"line":576,"column":0},"end":{"line":576,"column":22}},"18":{"start":{"line":583,"column":0},"end":{"line":583,"column":22}},"19":{"start":{"line":591,"column":0},"end":{"line":591,"column":22}},"20":{"start":{"line":1,"column":0},"end":{"line":1,"column":38}},"21":{"start":{"line":2,"column":0},"end":{"line":2,"column":33}},"22":{"start":{"line":3,"column":0},"end":{"line":3,"column":47}},"23":{"start":{"line":4,"column":0},"end":{"line":4,"column":51}},"24":{"start":{"line":7,"column":0},"end":{"line":7,"column":56}},"25":{"start":{"line":22,"column":27},"end":{"line":22,"column":57}},"26":{"start":{"line":23,"column":4},"end":{"line":46,"column":5}},"27":{"start":{"line":24,"column":8},"end":{"line":43,"column":9}},"28":{"start":{"line":25,"column":12},"end":{"line":25,"column":63}},"29":{"start":{"line":27,"column":27},"end":{"line":41,"column":null}},"30":{"start":{"line":45,"column":8},"end":{"line":45,"column":64}},"31":{"start":{"line":61,"column":38},"end":{"line":63,"column":6}},"32":{"start":{"line":62,"column":8},"end":{"line":62,"column":33}},"33":{"start":{"line":64,"column":34},"end":{"line":66,"column":6}},"34":{"start":{"line":65,"column":8},"end":{"line":65,"column":31}},"35":{"start":{"line":67,"column":4},"end":{"line":95,"column":5}},"36":{"start":{"line":68,"column":23},"end":{"line":92,"column":10}},"37":{"start":{"line":68,"column":63},"end":{"line":92,"column":10}},"38":{"start":{"line":69,"column":12},"end":{"line":91,"column":14}},"39":{"start":{"line":94,"column":8},"end":{"line":94,"column":64}},"40":{"start":{"line":98,"column":4},"end":{"line":105,"column":5}},"41":{"start":{"line":99,"column":23},"end":{"line":102,"column":10}},"42":{"start":{"line":99,"column":67},"end":{"line":102,"column":10}},"43":{"start":{"line":100,"column":12},"end":{"line":100,"column":88}},"44":{"start":{"line":101,"column":12},"end":{"line":101,"column":82}},"45":{"start":{"line":104,"column":8},"end":{"line":104,"column":64}},"46":{"start":{"line":110,"column":20},"end":{"line":145,"column":6}},"47":{"start":{"line":146,"column":4},"end":{"line":150,"column":5}},"48":{"start":{"line":147,"column":8},"end":{"line":147,"column":23}},"49":{"start":{"line":149,"column":8},"end":{"line":149,"column":60}},"50":{"start":{"line":183,"column":20},"end":{"line":210,"column":6}},"51":{"start":{"line":211,"column":4},"end":{"line":215,"column":5}},"52":{"start":{"line":212,"column":8},"end":{"line":212,"column":23}},"53":{"start":{"line":214,"column":8},"end":{"line":214,"column":59}},"54":{"start":{"line":224,"column":14},"end":{"line":247,"column":6}},"55":{"start":{"line":248,"column":4},"end":{"line":252,"column":5}},"56":{"start":{"line":249,"column":8},"end":{"line":249,"column":17}},"57":{"start":{"line":251,"column":8},"end":{"line":251,"column":59}},"58":{"start":{"line":255,"column":14},"end":{"line":278,"column":6}},"59":{"start":{"line":279,"column":4},"end":{"line":283,"column":5}},"60":{"start":{"line":280,"column":8},"end":{"line":280,"column":17}},"61":{"start":{"line":282,"column":8},"end":{"line":282,"column":59}},"62":{"start":{"line":286,"column":14},"end":{"line":309,"column":6}},"63":{"start":{"line":310,"column":4},"end":{"line":314,"column":5}},"64":{"start":{"line":311,"column":8},"end":{"line":311,"column":17}},"65":{"start":{"line":313,"column":8},"end":{"line":313,"column":59}},"66":{"start":{"line":317,"column":14},"end":{"line":340,"column":6}},"67":{"start":{"line":341,"column":4},"end":{"line":345,"column":5}},"68":{"start":{"line":342,"column":8},"end":{"line":342,"column":17}},"69":{"start":{"line":344,"column":8},"end":{"line":344,"column":59}},"70":{"start":{"line":348,"column":14},"end":{"line":371,"column":6}},"71":{"start":{"line":372,"column":4},"end":{"line":376,"column":5}},"72":{"start":{"line":373,"column":8},"end":{"line":373,"column":17}},"73":{"start":{"line":375,"column":8},"end":{"line":375,"column":59}},"74":{"start":{"line":381,"column":23},"end":{"line":381,"column":95}},"75":{"start":{"line":382,"column":4},"end":{"line":382,"column":22}},"76":{"start":{"line":385,"column":23},"end":{"line":385,"column":101}},"77":{"start":{"line":386,"column":4},"end":{"line":386,"column":22}},"78":{"start":{"line":389,"column":20},"end":{"line":389,"column":30}},"79":{"start":{"line":390,"column":30},"end":{"line":390,"column":70}},"80":{"start":{"line":391,"column":14},"end":{"line":414,"column":6}},"81":{"start":{"line":415,"column":4},"end":{"line":419,"column":5}},"82":{"start":{"line":416,"column":8},"end":{"line":416,"column":17}},"83":{"start":{"line":418,"column":8},"end":{"line":418,"column":59}},"84":{"start":{"line":422,"column":20},"end":{"line":422,"column":30}},"85":{"start":{"line":423,"column":30},"end":{"line":423,"column":70}},"86":{"start":{"line":424,"column":14},"end":{"line":448,"column":6}},"87":{"start":{"line":449,"column":4},"end":{"line":453,"column":5}},"88":{"start":{"line":450,"column":8},"end":{"line":450,"column":17}},"89":{"start":{"line":452,"column":8},"end":{"line":452,"column":59}},"90":{"start":{"line":456,"column":14},"end":{"line":480,"column":6}},"91":{"start":{"line":481,"column":4},"end":{"line":485,"column":5}},"92":{"start":{"line":482,"column":8},"end":{"line":482,"column":17}},"93":{"start":{"line":484,"column":8},"end":{"line":484,"column":59}},"94":{"start":{"line":494,"column":4},"end":{"line":494,"column":150}},"95":{"start":{"line":494,"column":34},"end":{"line":494,"column":150}},"96":{"start":{"line":495,"column":4},"end":{"line":560,"column":5}},"97":{"start":{"line":496,"column":23},"end":{"line":555,"column":10}},"98":{"start":{"line":496,"column":63},"end":{"line":555,"column":10}},"99":{"start":{"line":498,"column":34},"end":{"line":500,"column":14}},"100":{"start":{"line":501,"column":12},"end":{"line":527,"column":13}},"101":{"start":{"line":503,"column":16},"end":{"line":514,"column":17}},"102":{"start":{"line":504,"column":20},"end":{"line":511,"column":22}},"103":{"start":{"line":513,"column":20},"end":{"line":513,"column":87}},"104":{"start":{"line":517,"column":16},"end":{"line":526,"column":17}},"105":{"start":{"line":518,"column":20},"end":{"line":523,"column":23}},"106":{"start":{"line":525,"column":20},"end":{"line":525,"column":77}},"107":{"start":{"line":529,"column":12},"end":{"line":554,"column":13}},"108":{"start":{"line":530,"column":40},"end":{"line":533,"column":18}},"109":{"start":{"line":534,"column":37},"end":{"line":537,"column":18}},"110":{"start":{"line":538,"column":16},"end":{"line":550,"column":17}},"111":{"start":{"line":540,"column":20},"end":{"line":547,"column":21}},"112":{"start":{"line":541,"column":24},"end":{"line":544,"column":26}},"113":{"start":{"line":546,"column":24},"end":{"line":546,"column":85}},"114":{"start":{"line":549,"column":20},"end":{"line":549,"column":80}},"115":{"start":{"line":552,"column":16},"end":{"line":552,"column":105}},"116":{"start":{"line":552,"column":50},"end":{"line":552,"column":105}},"117":{"start":{"line":553,"column":16},"end":{"line":553,"column":76}},"118":{"start":{"line":556,"column":8},"end":{"line":556,"column":20}},"119":{"start":{"line":558,"column":8},"end":{"line":558,"column":97}},"120":{"start":{"line":558,"column":42},"end":{"line":558,"column":97}},"121":{"start":{"line":559,"column":8},"end":{"line":559,"column":64}},"122":{"start":{"line":564,"column":4},"end":{"line":574,"column":5}},"123":{"start":{"line":565,"column":25},"end":{"line":565,"column":80}},"124":{"start":{"line":566,"column":8},"end":{"line":570,"column":9}},"125":{"start":{"line":567,"column":22},"end":{"line":567,"column":75}},"126":{"start":{"line":569,"column":12},"end":{"line":569,"column":64}},"127":{"start":{"line":572,"column":8},"end":{"line":572,"column":97}},"128":{"start":{"line":572,"column":42},"end":{"line":572,"column":97}},"129":{"start":{"line":573,"column":8},"end":{"line":573,"column":72}},"130":{"start":{"line":577,"column":4},"end":{"line":581,"column":5}},"131":{"start":{"line":578,"column":18},"end":{"line":578,"column":73}},"132":{"start":{"line":580,"column":8},"end":{"line":580,"column":72}},"133":{"start":{"line":584,"column":4},"end":{"line":588,"column":5}},"134":{"start":{"line":585,"column":18},"end":{"line":585,"column":61}},"135":{"start":{"line":587,"column":8},"end":{"line":587,"column":67}},"136":{"start":{"line":592,"column":4},"end":{"line":601,"column":5}},"137":{"start":{"line":593,"column":22},"end":{"line":593,"column":81}},"138":{"start":{"line":594,"column":8},"end":{"line":598,"column":9}},"139":{"start":{"line":595,"column":12},"end":{"line":595,"column":67}},"140":{"start":{"line":597,"column":12},"end":{"line":597,"column":60}},"141":{"start":{"line":600,"column":8},"end":{"line":600,"column":56}}},"fnMap":{"0":{"name":"updateProductById","decl":{"start":{"line":10,"column":22},"end":{"line":10,"column":39}},"loc":{"start":{"line":20,"column":24},"end":{"line":47,"column":null}}},"1":{"name":"createNewProductTransaction","decl":{"start":{"line":48,"column":22},"end":{"line":48,"column":49}},"loc":{"start":{"line":59,"column":21},"end":{"line":96,"column":null}}},"2":{"name":"(anonymous_12)","decl":{"start":{"line":61,"column":60},"end":{"line":61,"column":61}},"loc":{"start":{"line":61,"column":78},"end":{"line":63,"column":5}}},"3":{"name":"(anonymous_13)","decl":{"start":{"line":64,"column":52},"end":{"line":64,"column":53}},"loc":{"start":{"line":64,"column":70},"end":{"line":66,"column":5}}},"4":{"name":"(anonymous_14)","decl":{"start":{"line":68,"column":51},"end":{"line":68,"column":58}},"loc":{"start":{"line":68,"column":63},"end":{"line":92,"column":10}}},"5":{"name":"(anonymous_15)","decl":{"start":{"line":68,"column":63},"end":{"line":68,"column":null}},"loc":{"start":{"line":68,"column":63},"end":{"line":92,"column":9}}},"6":{"name":"deleteProductById","decl":{"start":{"line":97,"column":22},"end":{"line":97,"column":39}},"loc":{"start":{"line":97,"column":57},"end":{"line":106,"column":null}}},"7":{"name":"(anonymous_18)","decl":{"start":{"line":99,"column":51},"end":{"line":99,"column":58}},"loc":{"start":{"line":99,"column":67},"end":{"line":102,"column":10}}},"8":{"name":"(anonymous_19)","decl":{"start":{"line":99,"column":67},"end":{"line":99,"column":null}},"loc":{"start":{"line":99,"column":67},"end":{"line":102,"column":9}}},"9":{"name":"getProductPageById","decl":{"start":{"line":109,"column":22},"end":{"line":109,"column":40}},"loc":{"start":{"line":109,"column":58},"end":{"line":151,"column":null}}},"10":{"name":"searchBar","decl":{"start":{"line":182,"column":22},"end":{"line":182,"column":31}},"loc":{"start":{"line":182,"column":51},"end":{"line":216,"column":null}}},"11":{"name":"getCardOneProducts","decl":{"start":{"line":223,"column":22},"end":{"line":223,"column":40}},"loc":{"start":{"line":223,
[...]
":{"start":{"line":563,"column":70},"end":{"line":575,"column":null}}},"25":{"name":"deleteFromCart","decl":{"start":{"line":576,"column":22},"end":{"line":576,"column":36}},"loc":{"start":{"line":576,"column":70},"end":{"line":582,"column":null}}},"26":{"name":"addToCart","decl":{"start":{"line":583,"column":22},"end":{"line":583,"column":31}},"loc":{"start":{"line":583,"column":65},"end":{"line":589,"column":null}}},"27":{"name":"toggleWishList","decl":{"start":{"line":591,"column":22},"end":{"line":591,"column":36}},"loc":{"start":{"line":591,"column":70},"end":{"line":602,"column":null}}}},"branchMap":{"0":{"loc":{"start":{"line":24,"column":8},"end":{"line":43,"column":9}},"type":"if","locations":[{"start":{"line":24,"column":8},"end":{"line":43,"column":9}},{"start":{"line":26,"column":15},"end":{"line":43,"column":9}}]},"1":{"loc":{"start":{"line":29,"column":29},"end":{"line":29,"column":62}},"type":"binary-expr","locations":[{"start":{"line":29,"column":29},"end":{"line":29,"column":36}},{"start":{"line":29,"column":40},"end":{"line":29,"column":62}}]},"2":{"loc":{"start":{"line":30,"column":27},"end":{"line":30,"column":56}},"type":"binary-expr","locations":[{"start":{"line":30,"column":27},"end":{"line":30,"column":32}},{"start":{"line":30,"column":36},"end":{"line":30,"column":56}}]},"3":{"loc":{"start":{"line":31,"column":33},"end":{"line":31,"column":74}},"type":"binary-expr","locations":[{"start":{"line":31,"column":33},"end":{"line":31,"column":44}},{"start":{"line":31,"column":48},"end":{"line":31,"column":74}}]},"4":{"loc":{"start":{"line":32,"column":27},"end":{"line":32,"column":56}},"type":"binary-expr","locations":[{"start":{"line":32,"column":27},"end":{"line":32,"column":32}},{"start":{"line":32,"column":36},"end":{"line":32,"column":56}}]},"5":{"loc":{"start":{"line":33,"column":30},"end":{"line":33,"column":65}},"type":"binary-expr","locations":[{"start":{"line":33,"column":30},"end":{"line":33,"column":38}},{"start":{"line":33,"column":42},"end":{"line":33,"column":65}}]},"6":{"loc":{"start":{"line":34,"column":27},"end":{"line":34,"column":56}},"type":"binary-expr","locations":[{"start":{"line":34,"column":27},"end":{"line":34,"column":32}},{"start":{"line":34,"column":36},"end":{"line":34,"column":56}}]},"7":{"loc":{"start":{"line":35,"column":30},"end":{"line":35,"column":65}},"type":"binary-expr","locations":[{"start":{"line":35,"column":30},"end":{"line":35,"column":38}},{"start":{"line":35,"column":42},"end":{"line":35,"column":65}}]},"8":{"loc":{"start":{"line":36,"column":30},"end":{"line":36,"column":65}},"type":"binary-expr","locations":[{"start":{"line":36,"column":30},"end":{"line":36,"column":38}},{"start":{"line":36,"column":42},"end":{"line":36,"column":65}}]},"9":{"loc":{"start":{"line":37,"column":26},"end":{"line":37,"column":53}},"type":"binary-expr","locations":[{"start":{"line":37,"column":26},"end":{"line":37,"column":30}},{"start":{"line":37,"column":34},"end":{"line":37,"column":53}}]},"10":{"loc":{"start":{"line":73,"column":30},"end":{"line":73,"column":43}},"type":"binary-expr","locations":[{"start":{"line":73,"column":30},"end":{"line":73,"column":38}},{"start":{"line":73,"column":42},"end":{"line":73,"column":43}}]},"11":{"loc":{"start":{"line":146,"column":4},"end":{"line":150,"column":5}},"type":"if","locations":[{"start":{"line":146,"column":4},"end":{"line":150,"column":5}},{"start":{"line":148,"column":11},"end":{"line":150,"column":5}}]},"12":{"loc":{"start":{"line":211,"column":4},"end":{"line":215,"column":5}},"type":"if","locations":[{"start":{"line":211,"column":4},"end":{"line":215,"column":5}},{"start":{"line":213,"column":11},"end":{"line":215,"column":5}}]},"13":{"loc":{"start":{"line":248,"column":4},"end":{"line":252,"column":5}},"type":"if","locations":[{"start":{"line":248,"column":4},"end":{"line":252,"column":5}},{"start":{"line":250,"column":11},"end":{"line":252,"column":5}}]},"14":{"loc":{"start":{"line":279,"column":4},"end":{"line":283,"column":5}},"type":"if","locations":[{"start":{"line":279,"column":4},"end":{"line":283,"column":5}},{"start":{"line":281,"column":11},"end":{"line":283,"column":5}}]},"15":{"loc":{"start":{"line":310,"column":4},"end":{"line":314,"column":5}},"type":"if","locations":[{"start":{"line":310,"column":4},"end":{"line":314,"column":5}},{"start":{"line":312,"column":11},"end":{"line":314,"column":5}}]},"16":{"loc":{"start":{"line":341,"column":4},"end":{"line":345,"column":5}},"type":"if","locations":[{"start":{"line":341,"column":4},"end":{"line":345,"column":5}},{"start":{"line":343,"column":11},"end":{"line":345,"column":5}}]},"17":{"loc":{"start":{"line":372,"column":4},"end":{"line":376,"column":5}},"type":"if","locations":[{"start":{"line":372,"column":4},"end":{"line":376,"column":5}},{"start":{"line":374,"column":11},"end":{"line":376,"column":5}}]},"18":{"loc":{"start":{"line":415,"column":4},"end":{"line":419,"column":5}},"type":"if","locations":[{"start":{"line":415,"column":4},"end":{"line":419,"column":5}},{"start":{"line":417,"column":11},"end":{"line":419,"column":5}}]},"19":{"loc":{"start":{"line":449,"column":4},"end":{"line":453,"column":5}},"type":"if","locations":[{"start":{"line":449,"column":4},"end":{"line":453,"column":5}},{"start":{"line":451,"column":11},"end":{"line":453,"column":5}}]},"20":{"loc":{"start":{"line":481,"column":4},"end":{"line":485,"column":5}},"type":"if","locations":[{"start":{"line":481,"column":4},"end":{"line":485,"column":5}},{"start":{"line":483,"column":11},"end":{"line":485,"column":5}}]},"21":{"loc":{"start":{"line":494,"column":4},"end":{"line":494,"column":150}},"type":"if","locations":[{"start":{"line":494,"column":4},"end":{"line":494,"column":150}}]},"22":{"loc":{"start":{"line":494,"column":8},"end":{"line":494,"column":32}},"type":"binary-expr","locations":[{"start":{"line":494,"column":8},"end":{"line":494,"column":18}},{"start":{"line":494,"column":22},"end":{"line":494,"column":32}}]},"23":{"loc":{"start":{"line":501,"column":12},"end":{"line":527,"column":13}},"type":"if","locations":[{"start":{"line":501,"column":12},"end":{"line":527,"column":13}},{"start":{"line":515,"column":19},"end":{"line":527,"column":13}}]},"24":{"loc":{"start":{"line":507,"column":36},"end":{"line":507,"column":69}},"type":"binary-expr","locations":[{"start":{"line":507,"column":36},"end":{"line":507,"column":45}},{"start":{"line":507,"column":49},"end":{"line":507,"column":69}}]},"25":{"loc":{"start":{"line":508,"column":36},"end":{"line":508,"column":69}},"type":"binary-expr","locations":[{"start":{"line":508,"column":36},"end":{"line":508,"column":45}},{"start":{"line":508,"column":49},"end":{"line":508,"column":69}}]},"26":{"loc":{"start":{"line":520,"column":32},"end":{"line":520,"column":46}},"type":"binary-expr","locations":[{"start":{"line":520,"column":32},"end":{"line":520,"column":41}},{"start":{"line":520,"column":45},"end":{"line":520,"column":46}}]},"27":{"loc":{"start":{"line":521,"column":32},"end":{"line":521,"column":47}},"type":"binary-expr","locations":[{"start":{"line":521,"column":32},"end":{"line":521,"column":41}},{"start":{"line":521,"column":45},"end":{"line":521,"column":47}}]},"28":{"loc":{"start":{"line":538,"column":16},"end":{"line":550,"column":17}},"type":"if","locations":[{"start":{"line":538,"column":16},"end":{"line":550,"column":17}},{"start":{"line":548,"column":23},"end":{"line":550,"column":17}}]},"29":{"loc":{"start":{"line":538,"column":20},"end":{"line":538,"column":51}},"type":"binary-expr","locations":[{"start":{"line":538,"column":20},"end":{"line":538,"column":32}},{"start":{"line":538,"column":36},"end":{"line":538,"column":51}}]},"30":{"loc":{"start":{"line":552,"column":16},"end":{"line":552,"column":105}},"type":"if","locations":[{"start":{"line":552,"column":16},"end":{"line":552,"column":105}}]},"31":{"loc":{"start":{"line":558,"column":8},"end":{"line":558,"column":97}},"type":"if","locations":[{"start":{"line":558,"column":8},"end":{"line":558,"column":97}}]},"32":{"loc":{"start":{"line":566,"column":8},"end":{"line":570,"column":9}},"type":"if","locations":[{"start":{"line":566,"column":8},"end":{"line":570,"column":9}},{"start":{"line":568,"column":15},"end":{"line":570,"column":9}}]},"33":{"loc":{"start":{"line":572,"column":8},"end":{"line":572,"column":97}},"type":"if","locations":[{"start":{"line":572,"column":8},"end":{"line":572,"column":97}}]},"34":{"loc":{"start":{"line":594,"column":8},"end":{"line":598,"column":9}},"type":"if","locations":[{"start":{"line":594,"column":8},"end":{"line":598,"column":9}},{"start":{"line":596,"column":15},"end":{"line":598,"column":9}}]}},"s":{"0":1,"1":1,"2":1,"3":1,"4":1,"5":1,"6":1,"7":1,"8":1,"9":1,"10":1,"11":1,"12":1,"13":1,"14":1,"15":1,"16":1,"17":1,"18":1,"19":1,"20":1,"21":1,"22":1,"23":1,"24":1,"25":0,"26":0,"27":0,"28":0,"29":0,"30":0,"31":0,"32":0,"33":0,"34":0,"35":0,"36":0,"37":0,"38":0,"39":0,"40":0,"41":0,"42":0,"43":0,"44":0,"45":0,"46":2,"47":2,"48":1,"49":1,"50":0,"51":0,"52":0,"53":0,"54":2,"55":2,"56":2,"57":0,"58":2,"59":2,"60":2,"61":0,"62":2,"63":2,"64":2,"65":0,"66":2,"67":2,"68":1,"69":1,"70":2,"71":2,"72":1,"73":1,"74":0,"75":0,"76":0,"77":0,"78":0,"79":0,"80":0,"81":0,"82":0,"83":0,"84":0,"85":0,"86":0,"87":0,"88":0,"89":0,"90":2,"91":2,"92":1,"93":1,"94":0,"95":0,"96":0,"97":0,"98":0,"99":0,"100":0,"101":0,"102":0,"103":0,"104":0,"105":0,"106":0,"107":0,"108":0,"109":0,"110":0,"111":0,"112":0,"113":0,"114":0,"115":0,"116":0,"117":0,"118":0,"119":0,"120":0,"121":0,"122":0,"123":0,"124":0,"125":0,"126":0,"127":0,"128":0,"129":0,"130":0,"131":0,"132":0,"133":0,"134":0,"135":0,"136":0,"137":0,"138":0,"139":0,"140":0,"141":0},"f":{"0":0,"1":0,"2":0,"3":0,"4":0,"5":0,"6":0,"7":0,"8":0,"9":2,"10":0,"11":2,"12":2,"13":2,"14":2,"15":2,"16":0,"17":0,"18":0,"19":0,"20":2,"21":0,"22":0,"23":0,"24":0,"25":0,"26":0,"27":0},"b":{"0":[0,0],"1":[0,0],"2":[0,0],"3":[0,0],"4":[0,0],"5":[0,0],"6":[0,0],"7":[0,0],"8":[0,0],"9":[0,0],"10":[0,0],"11":[1,1],"12":[0,0],"13":[2,0],"14":[2,0],"15":[2,0],"16":[1,1],"17":[1,1],"18":[0,0],"19":[0,0],"20":[1,1],"21":[0],"22":[0,0],"23":[0,0],"24":[0,0],"25":[0,0],"26":[0,0],"27":[0,0],"28":[0,0],"29":[0,0],"30":[0],"31":[0],"32":[0,0],"33":[0],"34":[0,0]}}
,"C:\\Users\\hp\\Desktop\\E-commerce-Backend-G2\\src\\utils\\UsersUtils.ts": {"path":"C:\\Users\\hp\\Desktop\\E-commerce-Backend-G2\\src\\utils\\UsersUtils.ts","statementMap":{"0":{"start":{"line":5,"column":0},"end":{"line":5,"column":22}},"1":{"start":{"line":16,"column":0},"end":{"line":16,"column":22}},"2":{"start":{"line":25,"column":0},"end":{"line":25,"column":22}},"3":{"start":{"line":51,"column":0},"end":{"line":51,"column":22}},"4":{"start":{"line":56,"column":0},"end":{"line":56,"column":22}},"5":{"start":{"line":76,"column":0},"end":{"line":76,"column":22}},"6":{"start":{"line":1,"column":0},"end":{"line":1,"column":33}},"7":{"start":{"line":2,"column":0},"end":{"line":2,"column":45}},"8":{"start":{"line":3,"column":0},"end":{"line":3,"column":56}},"9":{"start":{"line":6,"column":17},"end":{"line":8,"column":6}},"10":{"start":{"line":9,"column":4},"end":{"line":13,"column":5}},"11":{"start":{"line":10,"column":8},"end":{"line":10,"column":20}},"12":{"start":{"line":12,"column":8},"end":{"line":12,"column":53}},"13":{"start":{"line":17,"column":4},"end":{"line":22,"column":5}},"14":{"start":{"line":18,"column":24},"end":{"line":18,"column":52}},"15":{"start":{"line":19,"column":8},"end":{"line":19,"column":20}},"16":{"start":{"line":21,"column":8},"end":{"line":21,"column":21}},"17":{"start":{"line":35,"column":4},"end":{"line":49,"column":5}},"18":{"start":{"line":36,"column":23},"end":{"line":45,"column":10}},"19":{"start":{"line":46,"column":8},"end":{"line":46,"column":22}},"20":{"start":{"line":48,"column":8},"end":{"line":48,"column":58}},"21":{"start":{"line":52,"column":17},"end":{"line":52,"column":41}},"22":{"start":{"line":53,"column":4},"end":{"line":53,"column":26}},"23":{"start":{"line":53,"column":14},"end":{"line":53,"column":26}},"24":{"start":{"line":54,"column":4},"end":{"line":54,"column":49}},"25":{"start":{"line":57,"column":4},"end":{"line":73,"column":5}},"26":{"start":{"line":58,"column":24},"end":{"line":58,"column":45}},"27":{"start":{"line":59,"column":21},"end":{"line":69,"column":null}},"28":{"start":{"line":72,"column":8},"end":{"line":72,"column":68}},"29":{"start":{"line":77,"column":17},"end":{"line":80,"column":6}},"30":{"start":{"line":81,"column":4},"end":{"line":85,"column":5}},"31":{"start":{"line":82,"column":8},"end":{"line":82,"column":20}},"32":{"start":{"line":84,"column":8},"end":{"line":84,"column":60}}},"fnMap":{"0":{"name":"findUserByEmail","decl":{"start":{"line":5,"column":22},"end":{"line":5,"column":37}},"loc":{"start":{"line":5,"column":51},"end":{"line":14,"column":null}}},"1":{"name":"checkIfUserEmailExists","decl":{"start":{"line":16,"column":22},"end":{"line":16,"column":44}},"loc":{"start":{"line":16,"column":58},"end":{"line":23,"column":null}}},"2":{"name":"createUserDB","decl":{"start":{"line":25,"column":22},"end":{"line":25,"column":34}},"loc":{"start":{"line":33,"column":20},"end":{"line":50,"column":null}}},"3":{"name":"getUserById","decl":{"start":{"line":51,"column":22},"end":{"line":51,"column":33}},"loc":{"start":{"line":51,"column":44},"end":{"line":55,"column":null}}},"4":{"name":"updateUserById","decl":{"start":{"line":56,"column":22},"end":{"line":56,"column":36}},"loc":{"start":{"line":56,"column":130},"end":{"line":74,"column":null}}},"5":{"name":"getUserProfile","decl":{"start":{"line":76,"column":22},"end":{"line":76,"column":36}},"loc":{"start":{"line":76,"column":47},"end":{"line":86,"column":null}}}},"branchMap":{"0":{"loc":{"start":{"line":9,"column":4},"end":{"line":13,"column":5}},"type":"if","locations":[{"start":{"line":9,"column":4},"end":{"line":13,"column":5}},{"start":{"line":11,"column":11},"end":{"line":13,"column":5}}]},"1":{"loc":{"start":{"line":53,"column":4},"end":{"line":53,"column":26}},"type":"if","locations":[{"start":{"line":53,"column":4},"end":{"line":53,"column":26}}]},"2":{"loc":{"start":{"line":61,"column":27},"end":{"line":61,"column":68}},"type":"binary-expr","locations":[{"start":{"line":61,"column":27},"end":{"line":61,"column":36}},{"start":{"line":61,"column":40},"end":{"line":61,"column":68}}]},"3":{"loc":{"start":{"line":62,"column":26},"end":{"line":62,"column":65}},"type":"binary-expr","locations":[{"start":{"line":62,"column":26},"end":{"line":62,"column":34}},{"start":{"line":62,"column":38},"end":{"line":62,"column":65}}]},"4":{"loc":{"start":{"line":63,"column":23},"end":{"line":63,"column":56}},"type":"binary-expr","locations":[{"start":{"line":63,"column":23},"end":{"line":63,"column":28}},{"start":{"line":63,"column":32},"end":{"line":63,"column":56}}]},"5":{"loc":{"start":{"line":64,"column":21},"end":{"line":64,"column":50}},"type":"binary-expr","locations":[{"start":{"line":64,"column":21},"end":{"line":64,"column":24}},{"start":{"line":64,"column":28},"end":{"line":64,"column":50}}]},"6":{"loc":{"start":{"line":65,"column":26},"end":{"line":65,"column":65}},"type":"binary-expr","locations":[{"start":{"line":65,"column":26},"end":{"line":65,"column":34}},{"start":{"line":65,"column":38},"end":{"line":65,"column":65}}]},"7":{"loc":{"start":{"line":81,"column":4},"end":{"line":85,"column":5}},"type":"if","locations":[{"start":{"line":81,"column":4},"end":{"line":85,"column":5}},{"start":{"line":83,"column":11},"end":{"line":85,"column":5}}]}},"s":{"0":1,"1":1,"2":1,"3":1,"4":1,"5":1,"6":1,"7":1,"8":1,"9":0,"10":0,"11":0,"12":0,"13":0,"14":0,"15":0,"16":0,"17":0,"18":0,"19":0,"20":0,"21":0,"22":0,"23":0,"24":0,"25":0,"26":0,"27":0,"28":0,"29":0,"30":0,"31":0,"32":0},"f":{"0":0,"1":0,"2":0,"3":0,"4":0,"5":0},"b":{"0":[0,0],"1":[0],"2":[0,0],"3":[0,0],"4":[0,0],"5":[0,0],"6":[0,0],"7":[0,0]}}
,"C:\\Users\\hp\\Desktop\\E-commerce-Backend-G2\\src\\utils\\tokenUtils.ts": {"path":"C:\\Users\\hp\\Desktop\\E-commerce-Backend-G2\\src\\utils\\tokenUtils.ts","statementMap":{"0":{"start":{"line":2,"column":0},"end":{"line":2,"column":31}},"1":{"start":{"line":9,"column":29},"end":{"line":14,"column":1}},"2":{"start":{"line":10,"column":34},"end":{"line":10,"column":50}},"3":{"start":{"line":12,"column":18},"end":{"line":12,"column":78}},"4":{"start":{"line":13,"column":4},"end":{"line":13,"column":17}},"5":{"start":{"line":9,"column":13},"end":{"line":9,"column":29}},"6":{"start":{"line":15,"column":26},"end":{"line":36,"column":1}},"7":{"start":{"line":16,"column":4},"end":{"line":35,"column":6}},"8":{"start":{"line":17,"column":27},"end":{"line":17,"column":55}},"9":{"start":{"line":18,"column":22},"end":{"line":18,"column":60}},"10":{"start":{"line":19,"column":8},"end":{"line":21,"column":9}},"11":{"start":{"line":20,"column":12},"end":{"line":20,"column":74}},"12":{"start":{"line":22,"column":8},"end":{"line":34,"column":11}},"13":{"start":{"line":23,"column":12},"end":{"line":25,"column":13}},"14":{"start":{"line":24,"column":16},"end":{"line":24,"column":79}},"15":{"start":{"line":26,"column":12},"end":{"line":26,"column":55}},"16":{"start":{"line":27,"column":12},"end":{"line":33,"column":13}},"17":{"start":{"line":28,"column":16},"end":{"line":28,"column":23}},"18":{"start":{"line":29,"column":19},"end":{"line":33,"column":13}},"19":{"start":{"line":30,"column":16},"end":{"line":30,"column":23}},"20":{"start":{"line":32,"column":16},"end":{"line":32,"column":73}},"21":{"start":{"line":38,"column":0},"end":{"line":38,"column":33}}},"fnMap":{"0":{"name":"(anonymous_1)","decl":{"start":{"line":9,"column":29},"end":{"line":9,"column":30}},"loc":{"start":{"line":9,"column":70},"end":{"line":14,"column":1}}},"1":{"name":"(anonymous_2)","decl":{"start":{"line":15,"column":26},"end":{"line":15,"column":27}},"loc":{"start":{"line":15,"column":51},"end":{"line":36,"column":1}}},"2":{"name":"(anonymous_3)","decl":{"start":{"line":16,"column":11},"end":{"line":16,"column":12}},"loc":{"start":{"line":16,"column":63},"end":{"line":35,"column":5}}},"3":{"name":"(anonymous_4)","decl":{"start":{"line":22,"column":69},"end":{"line":22,"column":70}},"loc":{"start":{"line":22,"column":86},"end":{"line":34,"column":9}}}},"branchMap":{"0":{"loc":{"start":{"line":18,"column":22},"end":{"line":18,"column":60}},"type":"binary-expr","locations":[{"start":{"line":18,"column":22},"end":{"line":18,"column":32}},{"start":{"line":18,"column":36},"end":{"line":18,"column":60}}]},"1":{"loc":{"start":{"line":19,"column":8},"end":{"line":21,"column":9}},"type":"if","locations":[{"start":{"line":19,"column":8},"end":{"line":21,"column":9}}]},"2":{"loc":{"start":{"line":23,"column":12},"end":{"line":25,"column":13}},"type":"if","locations":[{"start":{"line":23,"column":12},"end":{"line":25,"column":13}}]},"3":{"loc":{"start":{"line":23,"column":16},"end":{"line":23,"column":31}},"type":"binary-expr","locations":[{"start":{"line":23,"column":16},"end":{"line":23,"column":19}},{"start":{"line":23,"column":23},"end":{"line":23,"column":31}}]},"4":{"loc":{"start":{"line":27,"column":12},"end":{"line":33,"column":13}},"type":"if","locations":[{"start":{"line":27,"column":12},"end":{"line":33,"column":13}},{"start":{"line":29,"column":19},"end":{"line":33,"column":13}}]},"5":{"loc":{"start":{"line":29,"column":19},"end":{"line":33,"column":13}},"type":"if","locations":[{"start":{"line":29,"column":19},"end":{"line":33,"column":13}},{"start":{"line":31,"column":19},"end":{"line":33,"column":13}}]},"6":{"loc":{"start":{"line":29,"column":23},"end":{"line":29,"column":82}},"type":"binary-expr","locations":[{"start":{"line":29,"column":23},"end":{"line":29,"column":55}},{"start":{"line":29,"column":59},"end":{"line":29,"column":82}}]}},"s":{"0":1,"1":1,"2":0,"3":0,"4":0,"5":1,"6":1,"7":11,"8":0,"9":0,"10":0,"11":0,"12":0,"13":0,"14":0,"15":0,"16":0,"17":0,"18":0,"19":0,"20":0,"21":1},"f":{"0":0,"1":11,"2":0,"3":0},"b":{"0":[0,0],"1":[0],"2":[0],"3":[0,0],"4":[0,0],"5":[0,0],"6":[0,0]}}
}
