{"C:\\Users\\amr_i\\Desktop\\stable\\E-commerce-Backend-G2\\src\\server.ts": {"path":"C:\\Users\\amr_i\\Desktop\\stable\\E-commerce-Backend-G2\\src\\server.ts","statementMap":{"0":{"start":{"line":1,"column":0},"end":{"line":1,"column":43}},"1":{"start":{"line":2,"column":0},"end":{"line":2,"column":24}},"2":{"start":{"line":3,"column":0},"end":{"line":3,"column":46}},"3":{"start":{"line":4,"column":0},"end":{"line":4,"column":42}},"4":{"start":{"line":5,"column":0},"end":{"line":5,"column":45}},"5":{"start":{"line":7,"column":0},"end":{"line":7,"column":52}},"6":{"start":{"line":8,"column":0},"end":{"line":8,"column":70}},"7":{"start":{"line":9,"column":0},"end":{"line":9,"column":57}},"8":{"start":{"line":10,"column":0},"end":{"line":10,"column":36}},"9":{"start":{"line":12,"column":13},"end":{"line":12,"column":38}},"10":{"start":{"line":13,"column":15},"end":{"line":13,"column":32}},"11":{"start":{"line":15,"column":24},"end":{"line":17,"column":1}},"12":{"start":{"line":16,"column":4},"end":{"line":16,"column":19}},"13":{"start":{"line":15,"column":13},"end":{"line":15,"column":24}},"14":{"start":{"line":18,"column":30},"end":{"line":18,"column":54}},"15":{"start":{"line":20,"column":0},"end":{"line":20,"column":24}},"16":{"start":{"line":21,"column":0},"end":{"line":21,"column":16}},"17":{"start":{"line":22,"column":0},"end":{"line":22,"column":48}},"18":{"start":{"line":23,"column":0},"end":{"line":23,"column":15}},"19":{"start":{"line":25,"column":0},"end":{"line":25,"column":33}},"20":{"start":{"line":26,"column":0},"end":{"line":26,"column":30}},"21":{"start":{"line":27,"column":0},"end":{"line":27,"column":31}},"22":{"start":{"line":29,"column":0},"end":{"line":29,"column":36}},"23":{"start":{"line":31,"column":0},"end":{"line":31,"column":41}},"24":{"start":{"line":33,"column":0},"end":{"line":33,"column":22}},"25":{"start":{"line":35,"column":0},"end":{"line":43,"column":1}},"26":{"start":{"line":36,"column":4},"end":{"line":42,"column":69}},"27":{"start":{"line":38,"column":25},"end":{"line":41,"column":10}},"28":{"start":{"line":39,"column":12},"end":{"line":39,"column":53}},"29":{"start":{"line":40,"column":12},"end":{"line":40,"column":50}},"30":{"start":{"line":42,"column":21},"end":{"line":42,"column":67}},"31":{"start":{"line":44,"column":0},"end":{"line":46,"column":3}},"32":{"start":{"line":45,"column":4},"end":{"line":45,"column":55}}},"fnMap":{"0":{"name":"(anonymous_8)","decl":{"start":{"line":15,"column":24},"end":{"line":15,"column":27}},"loc":{"start":{"line":15,"column":29},"end":{"line":17,"column":1}}},"1":{"name":"(anonymous_9)","decl":{"start":{"line":38,"column":14},"end":{"line":38,"column":23}},"loc":{"start":{"line":38,"column":25},"end":{"line":41,"column":10}}},"2":{"name":"(anonymous_10)","decl":{"start":{"line":38,"column":25},"end":{"line":38,"column":null}},"loc":{"start":{"line":38,"column":25},"end":{"line":41,"column":9}}},"3":{"name":"(anonymous_11)","decl":{"start":{"line":42,"column":15},"end":{"line":42,"column":18}},"loc":{"start":{"line":42,"column":21},"end":{"line":42,"column":67}}},"4":{"name":"(anonymous_12)","decl":{"start":{"line":44,"column":20},"end":{"line":44,"column":23}},"loc":{"start":{"line":44,"column":25},"end":{"line":46,"column":1}}}},"branchMap":{"0":{"loc":{"start":{"line":18,"column":30},"end":{"line":18,"column":54}},"type":"binary-expr","locations":[{"start":{"line":18,"column":30},"end":{"line":18,"column":46}},{"start":{"line":18,"column":50},"end":{"line":18,"column":54}}]},"1":{"loc":{"start":{"line":35,"column":0},"end":{"line":43,"column":1}},"type":"if","locations":[{"start":{"line":35,"column":0},"end":{"line":43,"column":1}}]}},"s":{"0":1,"1":1,"2":1,"3":1,"4":1,"5":1,"6":1,"7":1,"8":1,"9":1,"10":1,"11":1,"12":1,"13":1,"14":1,"15":1,"16":1,"17":1,"18":1,"19":1,"20":1,"21":1,"22":1,"23":1,"24":1,"25":1,"26":0,"27":0,"28":0,"29":0,"30":0,"31":1,"32":1},"f":{"0":1,"1":0,"2":0,"3":0,"4":1},"b":{"0":[1,1],"1":[0]}}
,"C:\\Users\\amr_i\\Desktop\\stable\\E-commerce-Backend-G2\\src\\config\\databaseConfig.ts": {"path":"C:\\Users\\amr_i\\Desktop\\stable\\E-commerce-Backend-G2\\src\\config\\databaseConfig.ts","statementMap":{"0":{"start":{"line":1,"column":0},"end":{"line":1,"column":33}},"1":{"start":{"line":3,"column":0},"end":{"line":3,"column":16}},"2":{"start":{"line":14,"column":0},"end":{"line":32,"column":1}},"3":{"start":{"line":15,"column":4},"end":{"line":22,"column":6}},"4":{"start":{"line":24,"column":4},"end":{"line":31,"column":6}}},"fnMap":{},"branchMap":{"0":{"loc":{"start":{"line":14,"column":0},"end":{"line":32,"column":1}},"type":"if","locations":[{"start":{"line":14,"column":0},"end":{"line":32,"column":1}},{"start":{"line":23,"column":7},"end":{"line":32,"column":1}}]},"1":{"loc":{"start":{"line":16,"column":18},"end":{"line":16,"column":63}},"type":"binary-expr","locations":[{"start":{"line":16,"column":18},"end":{"line":16,"column":49}},{"start":{"line":16,"column":53},"end":{"line":16,"column":63}}]},"2":{"loc":{"start":{"line":17,"column":18},"end":{"line":17,"column":60}},"type":"binary-expr","locations":[{"start":{"line":17,"column":18},"end":{"line":17,"column":49}},{"start":{"line":17,"column":53},"end":{"line":17,"column":60}}]},"3":{"loc":{"start":{"line":18,"column":18},"end":{"line":18,"column":69}},"type":"binary-expr","locations":[{"start":{"line":18,"column":18},"end":{"line":18,"column":49}},{"start":{"line":18,"column":53},"end":{"line":18,"column":69}}]},"4":{"loc":{"start":{"line":19,"column":18},"end":{"line":19,"column":74}},"type":"binary-expr","locations":[{"start":{"line":19,"column":18},"end":{"line":19,"column":60}},{"start":{"line":19,"column":64},"end":{"line":19,"column":74}}]},"5":{"loc":{"start":{"line":20,"column":14},"end":{"line":20,"column":56}},"type":"binary-expr","locations":[{"start":{"line":20,"column":14},"end":{"line":20,"column":41}},{"start":{"line":20,"column":45},"end":{"line":20,"column":56}}]},"6":{"loc":{"start":{"line":21,"column":14},"end":{"line":21,"column":51}},"type":"binary-expr","locations":[{"start":{"line":21,"column":14},"end":{"line":21,"column":41}},{"start":{"line":21,"column":45},"end":{"line":21,"column":51}}]},"7":{"loc":{"start":{"line":25,"column":18},"end":{"line":25,"column":55}},"type":"binary-expr","locations":[{"start":{"line":25,"column":18},"end":{"line":25,"column":41}},{"start":{"line":25,"column":45},"end":{"line":25,"column":55}}]},"8":{"loc":{"start":{"line":26,"column":18},"end":{"line":26,"column":52}},"type":"binary-expr","locations":[{"start":{"line":26,"column":18},"end":{"line":26,"column":41}},{"start":{"line":26,"column":45},"end":{"line":26,"column":52}}]},"9":{"loc":{"start":{"line":27,"column":18},"end":{"line":27,"column":60}},"type":"binary-expr","locations":[{"start":{"line":27,"column":18},"end":{"line":27,"column":41}},{"start":{"line":27,"column":45},"end":{"line":27,"column":60}}]},"10":{"loc":{"start":{"line":28,"column":18},"end":{"line":28,"column":74}},"type":"binary-expr","locations":[{"start":{"line":28,"column":18},"end":{"line":28,"column":60}},{"start":{"line":28,"column":64},"end":{"line":28,"column":74}}]},"11":{"loc":{"start":{"line":29,"column":14},"end":{"line":29,"column":48}},"type":"binary-expr","locations":[{"start":{"line":29,"column":14},"end":{"line":29,"column":33}},{"start":{"line":29,"column":37},"end":{"line":29,"column":48}}]},"12":{"loc":{"start":{"line":30,"column":14},"end":{"line":30,"column":43}},"type":"binary-expr","locations":[{"start":{"line":30,"column":14},"end":{"line":30,"column":33}},{"start":{"line":30,"column":37},"end":{"line":30,"column":43}}]}},"s":{"0":1,"1":1,"2":1,"3":1,"4":0},"f":{},"b":{"0":[1,0],"1":[1,0],"2":[1,0],"3":[1,0],"4":[1,0],"5":[1,0],"6":[1,0],"7":[0,0],"8":[0,0],"9":[0,0],"10":[0,0],"11":[0,0],"12":[0,0]}}
,"C:\\Users\\amr_i\\Desktop\\stable\\E-commerce-Backend-G2\\src\\controllers\\homePageController.ts": {"path":"C:\\Users\\amr_i\\Desktop\\stable\\E-commerce-Backend-G2\\src\\controllers\\homePageController.ts","statementMap":{"0":{"start":{"line":2,"column":0},"end":{"line":2,"column":88}},"1":{"start":{"line":3,"column":34},"end":{"line":8,"column":2}},"2":{"start":{"line":3,"column":72},"end":{"line":8,"column":2}},"3":{"start":{"line":4,"column":23},"end":{"line":4,"column":47}},"4":{"start":{"line":5,"column":19},"end":{"line":5,"column":39}},"5":{"start":{"line":6,"column":24},"end":{"line":6,"column":46}},"6":{"start":{"line":7,"column":4},"end":{"line":7,"column":57}},"7":{"start":{"line":3,"column":13},"end":{"line":3,"column":34}}},"fnMap":{"0":{"name":"(anonymous_7)","decl":{"start":{"line":3,"column":34},"end":{"line":3,"column":41}},"loc":{"start":{"line":3,"column":72},"end":{"line":8,"column":2}}},"1":{"name":"(anonymous_8)","decl":{"start":{"line":3,"column":72},"end":{"line":3,"column":null}},"loc":{"start":{"line":3,"column":72},"end":{"line":8,"column":1}}}},"branchMap":{},"s":{"0":1,"1":1,"2":0,"3":0,"4":0,"5":0,"6":0,"7":1},"f":{"0":0,"1":0},"b":{}}
,"C:\\Users\\amr_i\\Desktop\\stable\\E-commerce-Backend-G2\\src\\controllers\\productsController.ts": {"path":"C:\\Users\\amr_i\\Desktop\\stable\\E-commerce-Backend-G2\\src\\controllers\\productsController.ts","statementMap":{"0":{"start":{"line":2,"column":0},"end":{"line":2,"column":null}},"1":{"start":{"line":13,"column":31},"end":{"line":22,"column":2}},"2":{"start":{"line":13,"column":115},"end":{"line":22,"column":2}},"3":{"start":{"line":14,"column":4},"end":{"line":21,"column":5}},"4":{"start":{"line":15,"column":27},"end":{"line":15,"column":47}},"5":{"start":{"line":16,"column":23},"end":{"line":16,"column":51}},"6":{"start":{"line":17,"column":8},"end":{"line":17,"column":28}},"7":{"start":{"line":18,"column":8},"end":{"line":18,"column":32}},"8":{"start":{"line":20,"column":8},"end":{"line":20,"column":20}},"9":{"start":{"line":13,"column":13},"end":{"line":13,"column":31}},"10":{"start":{"line":24,"column":35},"end":{"line":32,"column":2}},"11":{"start":{"line":24,"column":119},"end":{"line":32,"column":2}},"12":{"start":{"line":25,"column":4},"end":{"line":31,"column":5}},"13":{"start":{"line":26,"column":27},"end":{"line":26,"column":47}},"14":{"start":{"line":27,"column":23},"end":{"line":27,"column":56}},"15":{"start":{"line":28,"column":8},"end":{"line":28,"column":32}},"16":{"start":{"line":30,"column":8},"end":{"line":30,"column":20}},"17":{"start":{"line":24,"column":13},"end":{"line":24,"column":35}},"18":{"start":{"line":34,"column":29},"end":{"line":42,"column":2}},"19":{"start":{"line":34,"column":113},"end":{"line":42,"column":2}},"20":{"start":{"line":35,"column":4},"end":{"line":41,"column":5}},"21":{"start":{"line":36,"column":36},"end":{"line":36,"column":67}},"22":{"start":{"line":37,"column":18},"end":{"line":37,"column":62}},"23":{"start":{"line":38,"column":8},"end":{"line":38,"column":27}},"24":{"start":{"line":40,"column":8},"end":{"line":40,"column":20}},"25":{"start":{"line":34,"column":13},"end":{"line":34,"column":29}},"26":{"start":{"line":43,"column":28},"end":{"line":50,"column":2}},"27":{"start":{"line":43,"column":112},"end":{"line":50,"column":2}},"28":{"start":{"line":44,"column":4},"end":{"line":49,"column":5}},"29":{"start":{"line":45,"column":18},"end":{"line":45,"column":44}},"30":{"start":{"line":46,"column":8},"end":{"line":46,"column":27}},"31":{"start":{"line":48,"column":8},"end":{"line":48,"column":20}},"32":{"start":{"line":43,"column":13},"end":{"line":43,"column":28}},"33":{"start":{"line":51,"column":28},"end":{"line":58,"column":2}},"34":{"start":{"line":51,"column":112},"end":{"line":58,"column":2}},"35":{"start":{"line":52,"column":4},"end":{"line":57,"column":5}},"36":{"start":{"line":53,"column":18},"end":{"line":53,"column":44}},"37":{"start":{"line":54,"column":8},"end":{"line":54,"column":27}},"38":{"start":{"line":56,"column":8},"end":{"line":56,"column":20}},"39":{"start":{"line":51,"column":13},"end":{"line":51,"column":28}},"40":{"start":{"line":60,"column":30},"end":{"line":67,"column":2}},"41":{"start":{"line":60,"column":114},"end":{"line":67,"column":2}},"42":{"start":{"line":61,"column":4},"end":{"line":66,"column":5}},"43":{"start":{"line":62,"column":18},"end":{"line":62,"column":46}},"44":{"start":{"line":63,"column":8},"end":{"line":63,"column":27}},"45":{"start":{"line":65,"column":8},"end":{"line":65,"column":20}},"46":{"start":{"line":60,"column":13},"end":{"line":60,"column":30}},"47":{"start":{"line":69,"column":32},"end":{"line":77,"column":2}},"48":{"start":{"line":69,"column":116},"end":{"line":77,"column":2}},"49":{"start":{"line":70,"column":4},"end":{"line":76,"column":5}},"50":{"start":{"line":71,"column":27},"end":{"line":71,"column":47}},"51":{"start":{"line":72,"column":18},"end":{"line":72,"column":48}},"52":{"start":{"line":73,"column":8},"end":{"line":73,"column":27}},"53":{"start":{"line":75,"column":8},"end":{"line":75,"column":20}},"54":{"start":{"line":69,"column":13},"end":{"line":69,"column":32}},"55":{"start":{"line":78,"column":44},"end":{"line":86,"column":2}},"56":{"start":{"line":78,"column":128},"end":{"line":86,"column":2}},"57":{"start":{"line":79,"column":4},"end":{"line":85,"column":5}},"58":{"start":{"line":80,"column":27},"end":{"line":80,"column":47}},"59":{"start":{"line":81,"column":18},"end":{"line":81,"column":52}},"60":{"start":{"line":82,"column":8},"end":{"line":82,"column":27}},"61":{"start":{"line":84,"column":8},"end":{"line":84,"column":20}},"62":{"start":{"line":78,"column":13},"end":{"line":78,"column":44}}},"fnMap":{"0":{"name":"(anonymous_7)","decl":{"start":{"line":13,"column":31},"end":{"line":13,"column":38}},"loc":{"start":{"line":13,"column":115},"end":{"line":22,"column":2}}},"1":{"name":"(anonymous_8)","decl":{"start":{"line":13,"column":115},"end":{"line":13,"column":null}},"loc":{"start":{"line":13,"column":115},"end":{"line":22,"column":1}}},"2":{"name":"(anonymous_9)","decl":{"start":{"line":24,"column":35},"end":{"line":24,"column":42}},"loc":{"start":{"line":24,"column":119},"end":{"line":32,"column":2}}},"3":{"name":"(anonymous_10)","decl":{"start":{"line":24,"column":119},"end":{"line":24,"column":null}},"loc":{"start":{"line":24,"column":119},"end":{"line":32,"column":1}}},"4":{"name":"(anonymous_11)","decl":{"start":{"line":34,"column":29},"end":{"line":34,"column":36}},"loc":{"start":{"line":34,"column":113},"end":{"line":42,"column":2}}},"5":{"name":"(anonymous_12)","decl":{"start":{"line":34,"column":113},"end":{"line":34,"column":null}},"loc":{"start":{"line":34,"column":113},"end":{"line":42,"column":1}}},"6":{"name":"(anonymous_13)","decl":{"start":{"line":43,"column":28},"end":{"line":43,"column":35}},"loc":{"start":{"line":43,"column":112},"end":{"line":50,"column":2}}},"7":{"name":"(anonymous_14)","decl":{"start":{"line":43,"column":112},"end":{"line":43,"column":null}},"loc":{"start":{"line":43,"column":112},"end":{"line":50,"column":1}}},"8":{"name":"(anonymous_15)","decl":{"start":{"line":51,"column":28},"end":{"line":51,"column":35}},"loc":{"start":{"line":51,"column":112},"end":{"line":58,"column":2}}},"9":{"name":"(anonymous_16)","decl":{"start":{"line":51,"column":112},"end":{"line":51,"column":null}},"loc":{"start":{"line":51,"column":112},"end":{"line":58,"column":1}}},"10":{"name":"(anonymous_17)","decl":{"start":{"line":60,"column":30},"end":{"line":60,"column":37}},"loc":{"start":{"line":60,"column":114},"end":{"line":67,"column":2}}},"11":{"name":"(anonymous_18)","decl":{"start":{"line":60,"column":114},"end":{"line":60,"column":null}},"loc":{"start":{"line":60,"column":114},"end":{"line":67,"column":1}}},"12":{"name":"(anonymous_19)","decl":{"start":{"line":69,"column":32},"end":{"line":69,"column":39}},"loc":{"start":{"line":69,"column":116},"end":{"line":77,"column":2}}},"13":{"name":"(anonymous_20)","decl":{"start":{"line":69,"column":116},"end":{"line":69,"column":null}},"loc":{"start":{"line":69,"column":116},"end":{"line":77,"column":1}}},"14":{"name":"(anonymous_21)","decl":{"start":{"line":78,"column":44},"end":{"line":78,"column":51}},"loc":{"start":{"line":78,"column":128},"end":{"line":86,"column":2}}},"15":{"name":"(anonymous_22)","decl":{"start":{"line":78,"column":128},"end":{"line":78,"column":null}},"loc":{"start":{"line":78,"column":128},"end":{"line":86,"column":1}}}},"branchMap":{},"s":{"0":1,"1":1,"2":1,"3":1,"4":1,"5":1,"6":0,"7":0,"8":1,"9":1,"10":1,"11":0,"12":0,"13":0,"14":0,"15":0,"16":0,"17":1,"18":1,"19":0,"20":0,"21":0,"22":0,"23":0,"24":0,"25":1,"26":1,"27":0,"28":0,"29":0,"30":0,"31":0,"32":1,"33":1,"34":0,"35":0,"36":0,"37":0,"38":0,"39":1,"40":1,"41":0,"42":0,"43":0,"44":0,"45":0,"46":1,"47":1,"48":0,"49":0,"50":0,"51":0,"52":0,"53":0,"54":1,"55":1,"56":0,"57":0,"58":0,"59":0,"60":0,"61":0,"62":1},"f":{"0":1,"1":1,"2":0,"3":0,"4":0,"5":0,"6":0,"7":0,"8":0,"9":0,"10":0,"11":0,"12":0,"13":0,"14":0,"15":0},"b":{}}
,"C:\\Users\\amr_i\\Desktop\\stable\\E-commerce-Backend-G2\\src\\controllers\\userController.ts": {"path":"C:\\Users\\amr_i\\Desktop\\stable\\E-commerce-Backend-G2\\src\\controllers\\userController.ts","statementMap":{"0":{"start":{"line":2,"column":0},"end":{"line":2,"column":45}},"1":{"start":{"line":4,"column":0},"end":{"line":4,"column":31}},"2":{"start":{"line":6,"column":0},"end":{"line":6,"column":48}},"3":{"start":{"line":9,"column":27},"end":{"line":9,"column":143}},"4":{"start":{"line":9,"column":57},"end":{"line":9,"column":143}},"5":{"start":{"line":9,"column":13},"end":{"line":9,"column":27}},"6":{"start":{"line":11,"column":26},"end":{"line":45,"column":2}},"7":{"start":{"line":11,"column":84},"end":{"line":45,"column":2}},"8":{"start":{"line":12,"column":105},"end":{"line":12,"column":113}},"9":{"start":{"line":14,"column":4},"end":{"line":44,"column":5}},"10":{"start":{"line":16,"column":28},"end":{"line":25,"column":19}},"11":{"start":{"line":38,"column":30},"end":{"line":38,"column":71}},"12":{"start":{"line":39,"column":8},"end":{"line":39,"column":109}},"13":{"start":{"line":42,"column":8},"end":{"line":42,"column":27}},"14":{"start":{"line":43,"column":8},"end":{"line":43,"column":85}},"15":{"start":{"line":11,"column":13},"end":{"line":11,"column":26}},"16":{"start":{"line":47,"column":25},"end":{"line":74,"column":2}},"17":{"start":{"line":47,"column":83},"end":{"line":74,"column":2}},"18":{"start":{"line":48,"column":32},"end":{"line":48,"column":79}},"19":{"start":{"line":50,"column":4},"end":{"line":73,"column":5}},"20":{"start":{"line":52,"column":21},"end":{"line":56,"column":10}},"21":{"start":{"line":58,"column":8},"end":{"line":58,"column":26}},"22":{"start":{"line":60,"column":8},"end":{"line":62,"column":9}},"23":{"start":{"line":61,"column":12},"end":{"line":61,"column":69}},"24":{"start":{"line":64,"column":8},"end":{"line":66,"column":9}},"25":{"start":{"line":65,"column":12},"end":{"line":65,"column":71}},"26":{"start":{"line":67,"column":28},"end":{"line":67,"column":30}},"27":{"start":{"line":68,"column":8},"end":{"line":68,"column":69}},"28":{"start":{"line":69,"column":8},"end":{"line":69,"column":115}},"29":{"start":{"line":71,"column":8},"end":{"line":71,"column":52}},"30":{"start":{"line":72,"column":8},"end":{"line":72,"column":65}},"31":{"start":{"line":47,"column":13},"end":{"line":47,"column":25}},"32":{"start":{"line":76,"column":26},"end":{"line":93,"column":2}},"33":{"start":{"line":76,"column":84},"end":{"line":93,"column":2}},"34":{"start":{"line":77,"column":18},"end":{"line":77,"column":32}},"35":{"start":{"line":78,"column":4},"end":{"line":92,"column":5}},"36":{"start":{"line":79,"column":21},"end":{"line":83,"column":10}},"37":{"start":{"line":84,"column":8},"end":{"line":86,"column":9}},"38":{"start":{"line":85,"column":12},"end":{"line":85,"column":69}},"39":{"start":{"line":87,"column":8},"end":{"line":87,"column":109}},"40":{"start":{"line":90,"column":8},"end":{"line":90,"column":53}},"41":{"start":{"line":91,"column":8},"end":{"line":91,"column":65}},"42":{"start":{"line":76,"column":13},"end":{"line":76,"column":26}},"43":{"start":{"line":95,"column":31},"end":{"line":98,"column":2}},"44":{"start":{"line":95,"column":89},"end":{"line":98,"column":2}},"45":{"start":{"line":96,"column":4},"end":{"line":96,"column":66}},"46":{"start":{"line":97,"column":4},"end":{"line":97,"column":36}},"47":{"start":{"line":95,"column":13},"end":{"line":95,"column":31}}},"fnMap":{"0":{"name":"(anonymous_8)","decl":{"start":{"line":9,"column":27},"end":{"line":9,"column":28}},"loc":{"start":{"line":9,"column":57},"end":{"line":9,"column":143}}},"1":{"name":"(anonymous_9)","decl":{"start":{"line":11,"column":26},"end":{"line":11,"column":33}},"loc":{"start":{"line":11,"column":84},"end":{"line":45,"column":2}}},"2":{"name":"(anonymous_10)","decl":{"start":{"line":11,"column":84},"end":{"line":11,"column":null}},"loc":{"start":{"line":11,"column":84},"end":{"line":45,"column":1}}},"3":{"name":"(anonymous_11)","decl":{"start":{"line":47,"column":25},"end":{"line":47,"column":32}},"loc":{"start":{"line":47,"column":83},"end":{"line":74,"column":2}}},"4":{"name":"(anonymous_12)","decl":{"start":{"line":47,"column":83},"end":{"line":47,"column":null}},"loc":{"start":{"line":47,"column":83},"end":{"line":74,"column":1}}},"5":{"name":"(anonymous_13)","decl":{"start":{"line":76,"column":26},"end":{"line":76,"column":33}},"loc":{"start":{"line":76,"column":84},"end":{"line":93,"column":2}}},"6":{"name":"(anonymous_14)","decl":{"start":{"line":76,"column":84},"end":{"line":76,"column":null}},"loc":{"start":{"line":76,"column":84},"end":{"line":93,"column":1}}},"7":{"name":"(anonymous_15)","decl":{"start":{"line":95,"column":31},"end":{"line":95,"column":38}},"loc":{"start":{"line":95,"column":89},"end":{"line":98,"column":2}}},"8":{"name":"(anonymous_16)","decl":{"start":{"line":95,"column":89},"end":{"line":95,"column":null}},"loc":{"start":{"line":95,"column":89},"end":{"line":98,"column":1}}}},"branchMap":{"0":{"loc":{"start":{"line":60,"column":8},"end":{"line":62,"column":9}},"type":"if","locations":[{"start":{"line":60,"column":8},"end":{"line":62,"column":9}}]},"1":{"loc":{"start":{"line":64,"column":8},"end":{"line":66,"column":9}},"type":"if","locations":[{"start":{"line":64,"column":8},"end":{"line":66,"column":9}}]},"2":{"loc":{"start":{"line":84,"column":8},"end":{"line":86,"column":9}},"type":"if","locations":[{"start":{"line":84,"column":8},"end":{"line":86,"column":9}}]}},"s":{"0":1,"1":1,"2":1,"3":1,"4":0,"5":1,"6":1,"7":0,"8":0,"9":0,"10":0,"11":0,"12":0,"13":0,"14":0,"15":1,"16":1,"17":0,"18":0,"19":0,"20":0,"21":0,"22":0,"23":0,"24":0,"25":0,"26":0,"27":0,"28":0,"29":0,"30":0,"31":1,"32":1,"33":0,"34":0,"35":0,"36":0,"37":0,"38":0,"39":0,"40":0,"41":0,"42":1,"43":1,"44":0,"45":0,"46":0,"47":1},"f":{"0":0,"1":0,"2":0,"3":0,"4":0,"5":0,"6":0,"7":0,"8":0},"b":{"0":[0],"1":[0],"2":[0]}}
,"C:\\Users\\amr_i\\Desktop\\stable\\E-commerce-Backend-G2\\src\\database\\connection.ts": {"path":"C:\\Users\\amr_i\\Desktop\\stable\\E-commerce-Backend-G2\\src\\database\\connection.ts","statementMap":{"0":{"start":{"line":1,"column":0},"end":{"line":1,"column":38}},"1":{"start":{"line":2,"column":0},"end":{"line":2,"column":51}},"2":{"start":{"line":3,"column":29},"end":{"line":18,"column":2}},"3":{"start":{"line":20,"column":0},"end":{"line":20,"column":25}}},"fnMap":{},"branchMap":{},"s":{"0":1,"1":1,"2":1,"3":1},"f":{},"b":{}}
,"C:\\Users\\amr_i\\Desktop\\stable\\E-commerce-Backend-G2\\src\\database\\dbHelper.ts": {"path":"C:\\Users\\amr_i\\Desktop\\stable\\E-commerce-Backend-G2\\src\\database\\dbHelper.ts","statementMap":{"0":{"start":{"line":3,"column":0},"end":{"line":3,"column":45}},"1":{"start":{"line":6,"column":21},"end":{"line":18,"column":null}},"2":{"start":{"line":8,"column":8},"end":{"line":17,"column":11}},"3":{"start":{"line":21,"column":13},"end":{"line":21,"column":39}}},"fnMap":{"0":{"name":"(anonymous_8)","decl":{"start":{"line":6,"column":10},"end":{"line":6,"column":20}},"loc":{"start":{"line":6,"column":20},"end":{"line":18,"column":null}}},"1":{"name":"(anonymous_9)","decl":{"start":{"line":6,"column":21},"end":{"line":6,"column":23}},"loc":{"start":{"line":6,"column":96},"end":{"line":18,"column":5}}}},"branchMap":{},"s":{"0":1,"1":0,"2":0,"3":1},"f":{"0":0,"1":0},"b":{}}
,"C:\\Users\\amr_i\\Desktop\\stable\\E-commerce-Backend-G2\\src\\database\\index.ts": {"path":"C:\\Users\\amr_i\\Desktop\\stable\\E-commerce-Backend-G2\\src\\database\\index.ts","statementMap":{"0":{"start":{"line":1,"column":0},"end":{"line":1,"column":39}},"1":{"start":{"line":2,"column":0},"end":{"line":2,"column":37}},"2":{"start":{"line":3,"column":0},"end":{"line":3,"column":39}},"3":{"start":{"line":4,"column":0},"end":{"line":4,"column":33}},"4":{"start":{"line":5,"column":0},"end":{"line":5,"column":45}},"5":{"start":{"line":6,"column":0},"end":{"line":6,"column":39}},"6":{"start":{"line":7,"column":0},"end":{"line":7,"column":37}},"7":{"start":{"line":8,"column":0},"end":{"line":8,"column":37}},"8":{"start":{"line":9,"column":0},"end":{"line":9,"column":41}},"9":{"start":{"line":10,"column":0},"end":{"line":10,"column":61}},"10":{"start":{"line":11,"column":0},"end":{"line":11,"column":48}},"11":{"start":{"line":12,"column":0},"end":{"line":12,"column":35}},"12":{"start":{"line":13,"column":0},"end":{"line":13,"column":41}},"13":{"start":{"line":14,"column":28},"end":{"line":28,"column":1}},"14":{"start":{"line":15,"column":4},"end":{"line":15,"column":24}},"15":{"start":{"line":16,"column":4},"end":{"line":16,"column":23}},"16":{"start":{"line":17,"column":4},"end":{"line":17,"column":24}},"17":{"start":{"line":18,"column":4},"end":{"line":18,"column":21}},"18":{"start":{"line":19,"column":4},"end":{"line":19,"column":27}},"19":{"start":{"line":20,"column":4},"end":{"line":20,"column":24}},"20":{"start":{"line":21,"column":4},"end":{"line":21,"column":23}},"21":{"start":{"line":22,"column":4},"end":{"line":22,"column":23}},"22":{"start":{"line":23,"column":4},"end":{"line":23,"column":25}},"23":{"start":{"line":24,"column":4},"end":{"line":24,"column":35}},"24":{"start":{"line":25,"column":4},"end":{"line":25,"column":28}},"25":{"start":{"line":26,"column":4},"end":{"line":26,"column":22}},"26":{"start":{"line":27,"column":4},"end":{"line":27,"column":25}},"27":{"start":{"line":14,"column":13},"end":{"line":14,"column":28}},"28":{"start":{"line":29,"column":13},"end":{"line":43,"column":2}}},"fnMap":{"0":{"name":"(anonymous_1)","decl":{"start":{"line":14,"column":28},"end":{"line":14,"column":31}},"loc":{"start":{"line":14,"column":33},"end":{"line":28,"column":1}}}},"branchMap":{},"s":{"0":1,"1":1,"2":1,"3":1,"4":1,"5":1,"6":1,"7":1,"8":1,"9":1,"10":1,"11":1,"12":1,"13":1,"14":1,"15":1,"16":1,"17":1,"18":1,"19":1,"20":1,"21":1,"22":1,"23":1,"24":1,"25":1,"26":1,"27":1,"28":1},"f":{"0":1},"b":{}}
,"C:\\Users\\amr_i\\Desktop\\stable\\E-commerce-Backend-G2\\src\\database\\models\\Coupons.ts": {"path":"C:\\Users\\amr_i\\Desktop\\stable\\E-commerce-Backend-G2\\src\\database\\models\\Coupons.ts","statementMap":{"0":{"start":{"line":1,"column":0},"end":{"line":1,"column":45}},"1":{"start":{"line":2,"column":0},"end":{"line":2,"column":38}},"2":{"start":{"line":20,"column":0},"end":{"line":50,"column":2}},"3":{"start":{"line":51,"column":0},"end":{"line":51,"column":23}}},"fnMap":{"0":{"name":"(anonymous_1)","decl":{"start":{"line":17,"column":4},"end":{"line":17,"column":10}},"loc":{"start":{"line":17,"column":20},"end":{"line":17,"column":25}}}},"branchMap":{},"s":{"0":1,"1":1,"2":1,"3":1},"f":{"0":1},"b":{}}
,"C:\\Users\\amr_i\\Desktop\\stable\\E-commerce-Backend-G2\\src\\database\\models\\Images.ts": {"path":"C:\\Users\\amr_i\\Desktop\\stable\\E-commerce-Backend-G2\\src\\database\\models\\Images.ts","statementMap":{"0":{"start":{"line":1,"column":0},"end":{"line":1,"column":45}},"1":{"start":{"line":2,"column":0},"end":{"line":2,"column":38}},"2":{"start":{"line":3,"column":0},"end":{"line":3,"column":34}},"3":{"start":{"line":18,"column":8},"end":{"line":18,"column":64}},"4":{"start":{"line":21,"column":0},"end":{"line":52,"column":2}},"5":{"start":{"line":53,"column":0},"end":{"line":53,"column":22}}},"fnMap":{"0":{"name":"(anonymous_1)","decl":{"start":{"line":17,"column":4},"end":{"line":17,"column":10}},"loc":{"start":{"line":17,"column":20},"end":{"line":19,"column":5}}}},"branchMap":{},"s":{"0":1,"1":1,"2":1,"3":1,"4":1,"5":1},"f":{"0":1},"b":{}}
,"C:\\Users\\amr_i\\Desktop\\stable\\E-commerce-Backend-G2\\src\\database\\models\\ProductsCategories.ts": {"path":"C:\\Users\\amr_i\\Desktop\\stable\\E-commerce-Backend-G2\\src\\database\\models\\ProductsCategories.ts","statementMap":{"0":{"start":{"line":1,"column":0},"end":{"line":1,"column":45}},"1":{"start":{"line":2,"column":0},"end":{"line":2,"column":38}},"2":{"start":{"line":3,"column":0},"end":{"line":3,"column":34}},"3":{"start":{"line":4,"column":0},"end":{"line":4,"column":38}},"4":{"start":{"line":19,"column":8},"end":{"line":19,"column":76}},"5":{"start":{"line":20,"column":8},"end":{"line":20,"column":79}},"6":{"start":{"line":23,"column":0},"end":{"line":56,"column":2}},"7":{"start":{"line":57,"column":0},"end":{"line":57,"column":34}}},"fnMap":{"0":{"name":"(anonymous_1)","decl":{"start":{"line":18,"column":4},"end":{"line":18,"column":10}},"loc":{"start":{"line":18,"column":20},"end":{"line":21,"column":5}}}},"branchMap":{},"s":{"0":1,"1":1,"2":1,"3":1,"4":1,"5":1,"6":1,"7":1},"f":{"0":1},"b":{}}
,"C:\\Users\\amr_i\\Desktop\\stable\\E-commerce-Backend-G2\\src\\database\\models\\Transactions.ts": {"path":"C:\\Users\\amr_i\\Desktop\\stable\\E-commerce-Backend-G2\\src\\database\\models\\Transactions.ts","statementMap":{"0":{"start":{"line":1,"column":0},"end":{"line":1,"column":45}},"1":{"start":{"line":2,"column":0},"end":{"line":2,"column":38}},"2":{"start":{"line":3,"column":0},"end":{"line":3,"column":28}},"3":{"start":{"line":4,"column":0},"end":{"line":4,"column":30}},"4":{"start":{"line":26,"column":8},"end":{"line":26,"column":74}},"5":{"start":{"line":27,"column":8},"end":{"line":27,"column":80}},"6":{"start":{"line":30,"column":0},"end":{"line":68,"column":2}},"7":{"start":{"line":70,"column":0},"end":{"line":70,"column":28}}},"fnMap":{"0":{"name":"(anonymous_1)","decl":{"start":{"line":25,"column":4},"end":{"line":25,"column":10}},"loc":{"start":{"line":25,"column":20},"end":{"line":28,"column":5}}}},"branchMap":{},"s":{"0":1,"1":1,"2":1,"3":1,"4":1,"5":1,"6":1,"7":1},"f":{"0":1},"b":{}}
,"C:\\Users\\amr_i\\Desktop\\stable\\E-commerce-Backend-G2\\src\\database\\models\\address.ts": {"path":"C:\\Users\\amr_i\\Desktop\\stable\\E-commerce-Backend-G2\\src\\database\\models\\address.ts","statementMap":{"0":{"start":{"line":1,"column":0},"end":{"line":1,"column":38}},"1":{"start":{"line":2,"column":0},"end":{"line":2,"column":45}},"2":{"start":{"line":3,"column":0},"end":{"line":3,"column":30}},"3":{"start":{"line":4,"column":0},"end":{"line":4,"column":28}},"4":{"start":{"line":30,"column":8},"end":{"line":30,"column":71}},"5":{"start":{"line":31,"column":8},"end":{"line":31,"column":59}},"6":{"start":{"line":34,"column":0},"end":{"line":85,"column":2}},"7":{"start":{"line":86,"column":0},"end":{"line":86,"column":23}}},"fnMap":{"0":{"name":"(anonymous_1)","decl":{"start":{"line":29,"column":4},"end":{"line":29,"column":10}},"loc":{"start":{"line":29,"column":20},"end":{"line":32,"column":5}}}},"branchMap":{},"s":{"0":1,"1":1,"2":1,"3":1,"4":1,"5":1,"6":1,"7":1},"f":{"0":1},"b":{}}
,"C:\\Users\\amr_i\\Desktop\\stable\\E-commerce-Backend-G2\\src\\database\\models\\brands.ts": {"path":"C:\\Users\\amr_i\\Desktop\\stable\\E-commerce-Backend-G2\\src\\database\\models\\brands.ts","statementMap":{"0":{"start":{"line":1,"column":0},"end":{"line":1,"column":56}},"1":{"start":{"line":2,"column":0},"end":{"line":2,"column":38}},"2":{"start":{"line":3,"column":0},"end":{"line":3,"column":34}},"3":{"start":{"line":19,"column":8},"end":{"line":19,"column":76}},"4":{"start":{"line":22,"column":0},"end":{"line":51,"column":2}},"5":{"start":{"line":52,"column":0},"end":{"line":52,"column":22}}},"fnMap":{"0":{"name":"(anonymous_1)","decl":{"start":{"line":18,"column":4},"end":{"line":18,"column":10}},"loc":{"start":{"line":18,"column":20},"end":{"line":20,"column":5}}}},"branchMap":{},"s":{"0":1,"1":1,"2":1,"3":1,"4":1,"5":1},"f":{"0":1},"b":{}}
,"C:\\Users\\amr_i\\Desktop\\stable\\E-commerce-Backend-G2\\src\\database\\models\\cart.ts": {"path":"C:\\Users\\amr_i\\Desktop\\stable\\E-commerce-Backend-G2\\src\\database\\models\\cart.ts","statementMap":{"0":{"start":{"line":1,"column":0},"end":{"line":1,"column":56}},"1":{"start":{"line":2,"column":0},"end":{"line":2,"column":38}},"2":{"start":{"line":3,"column":0},"end":{"line":3,"column":34}},"3":{"start":{"line":4,"column":0},"end":{"line":4,"column":28}},"4":{"start":{"line":19,"column":8},"end":{"line":19,"column":62}},"5":{"start":{"line":20,"column":8},"end":{"line":20,"column":56}},"6":{"start":{"line":23,"column":0},"end":{"line":55,"column":2}},"7":{"start":{"line":56,"column":0},"end":{"line":56,"column":20}}},"fnMap":{"0":{"name":"(anonymous_1)","decl":{"start":{"line":18,"column":4},"end":{"line":18,"column":10}},"loc":{"start":{"line":18,"column":20},"end":{"line":21,"column":5}}}},"branchMap":{},"s":{"0":1,"1":1,"2":1,"3":1,"4":1,"5":1,"6":1,"7":1},"f":{"0":1},"b":{}}
,"C:\\Users\\amr_i\\Desktop\\stable\\E-commerce-Backend-G2\\src\\database\\models\\categories.ts": {"path":"C:\\Users\\amr_i\\Desktop\\stable\\E-commerce-Backend-G2\\src\\database\\models\\categories.ts","statementMap":{"0":{"start":{"line":1,"column":0},"end":{"line":1,"column":56}},"1":{"start":{"line":2,"column":0},"end":{"line":2,"column":38}},"2":{"start":{"line":3,"column":0},"end":{"line":3,"column":34}},"3":{"start":{"line":4,"column":0},"end":{"line":4,"column":54}},"4":{"start":{"line":20,"column":8},"end":{"line":20,"column":102}},"5":{"start":{"line":21,"column":8},"end":{"line":21,"column":99}},"6":{"start":{"line":25,"column":0},"end":{"line":53,"column":2}},"7":{"start":{"line":54,"column":0},"end":{"line":54,"column":26}}},"fnMap":{"0":{"name":"(anonymous_1)","decl":{"start":{"line":19,"column":4},"end":{"line":19,"column":10}},"loc":{"start":{"line":19,"column":20},"end":{"line":22,"column":5}}}},"branchMap":{},"s":{"0":1,"1":1,"2":1,"3":1,"4":1,"5":1,"6":1,"7":1},"f":{"0":1},"b":{}}
,"C:\\Users\\amr_i\\Desktop\\stable\\E-commerce-Backend-G2\\src\\database\\models\\orders.ts": {"path":"C:\\Users\\amr_i\\Desktop\\stable\\E-commerce-Backend-G2\\src\\database\\models\\orders.ts","statementMap":{"0":{"start":{"line":1,"column":0},"end":{"line":1,"column":56}},"1":{"start":{"line":2,"column":0},"end":{"line":2,"column":38}},"2":{"start":{"line":3,"column":0},"end":{"line":3,"column":34}},"3":{"start":{"line":4,"column":0},"end":{"line":4,"column":28}},"4":{"start":{"line":5,"column":0},"end":{"line":5,"column":42}},"5":{"start":{"line":6,"column":0},"end":{"line":6,"column":32}},"6":{"start":{"line":26,"column":8},"end":{"line":26,"column":64}},"7":{"start":{"line":27,"column":8},"end":{"line":27,"column":58}},"8":{"start":{"line":28,"column":8},"end":{"line":28,"column":72}},"9":{"start":{"line":29,"column":8},"end":{"line":29,"column":63}},"10":{"start":{"line":33,"column":0},"end":{"line":77,"column":2}},"11":{"start":{"line":78,"column":0},"end":{"line":78,"column":22}}},"fnMap":{"0":{"name":"(anonymous_1)","decl":{"start":{"line":25,"column":4},"end":{"line":25,"column":10}},"loc":{"start":{"line":25,"column":20},"end":{"line":30,"column":5}}}},"branchMap":{},"s":{"0":1,"1":1,"2":1,"3":1,"4":1,"5":1,"6":1,"7":1,"8":1,"9":1,"10":1,"11":1},"f":{"0":1},"b":{}}
,"C:\\Users\\amr_i\\Desktop\\stable\\E-commerce-Backend-G2\\src\\database\\models\\products.ts": {"path":"C:\\Users\\amr_i\\Desktop\\stable\\E-commerce-Backend-G2\\src\\database\\models\\products.ts","statementMap":{"0":{"start":{"line":1,"column":0},"end":{"line":1,"column":56}},"1":{"start":{"line":2,"column":0},"end":{"line":2,"column":38}},"2":{"start":{"line":3,"column":0},"end":{"line":3,"column":32}},"3":{"start":{"line":4,"column":0},"end":{"line":4,"column":30}},"4":{"start":{"line":5,"column":0},"end":{"line":5,"column":30}},"5":{"start":{"line":6,"column":0},"end":{"line":6,"column":26}},"6":{"start":{"line":7,"column":0},"end":{"line":7,"column":34}},"7":{"start":{"line":8,"column":0},"end":{"line":8,"column":30}},"8":{"start":{"line":9,"column":0},"end":{"line":9,"column":38}},"9":{"start":{"line":10,"column":0},"end":{"line":10,"column":54}},"10":{"start":{"line":49,"column":8},"end":{"line":49,"column":63}},"11":{"start":{"line":50,"column":8},"end":{"line":50,"column":62}},"12":{"start":{"line":51,"column":8},"end":{"line":51,"column":80}},"13":{"start":{"line":52,"column":8},"end":{"line":52,"column":60}},"14":{"start":{"line":53,"column":8},"end":{"line":53,"column":64}},"15":{"start":{"line":54,"column":8},"end":{"line":54,"column":62}},"16":{"start":{"line":55,"column":8},"end":{"line":55,"column":101}},"17":{"start":{"line":56,"column":8},"end":{"line":56,"column":95}},"18":{"start":{"line":59,"column":0},"end":{"line":126,"column":2}},"19":{"start":{"line":127,"column":0},"end":{"line":127,"column":24}}},"fnMap":{"0":{"name":"(anonymous_1)","decl":{"start":{"line":48,"column":4},"end":{"line":48,"column":10}},"loc":{"start":{"line":48,"column":20},"end":{"line":57,"column":5}}}},"branchMap":{},"s":{"0":1,"1":1,"2":1,"3":1,"4":1,"5":1,"6":1,"7":1,"8":1,"9":1,"10":1,"11":1,"12":1,"13":1,"14":1,"15":1,"16":1,"17":1,"18":1,"19":1},"f":{"0":1},"b":{}}
,"C:\\Users\\amr_i\\Desktop\\stable\\E-commerce-Backend-G2\\src\\database\\models\\ratings.ts": {"path":"C:\\Users\\amr_i\\Desktop\\stable\\E-commerce-Backend-G2\\src\\database\\models\\ratings.ts","statementMap":{"0":{"start":{"line":1,"column":0},"end":{"line":1,"column":45}},"1":{"start":{"line":2,"column":0},"end":{"line":2,"column":38}},"2":{"start":{"line":3,"column":0},"end":{"line":3,"column":34}},"3":{"start":{"line":4,"column":0},"end":{"line":4,"column":28}},"4":{"start":{"line":26,"column":8},"end":{"line":26,"column":65}},"5":{"start":{"line":27,"column":8},"end":{"line":27,"column":59}},"6":{"start":{"line":30,"column":0},"end":{"line":70,"column":2}},"7":{"start":{"line":71,"column":0},"end":{"line":71,"column":23}}},"fnMap":{"0":{"name":"(anonymous_1)","decl":{"start":{"line":25,"column":4},"end":{"line":25,"column":10}},"loc":{"start":{"line":25,"column":20},"end":{"line":28,"column":5}}}},"branchMap":{},"s":{"0":1,"1":1,"2":1,"3":1,"4":1,"5":1,"6":1,"7":1},"f":{"0":1},"b":{}}
,"C:\\Users\\amr_i\\Desktop\\stable\\E-commerce-Backend-G2\\src\\database\\models\\users.ts": {"path":"C:\\Users\\amr_i\\Desktop\\stable\\E-commerce-Backend-G2\\src\\database\\models\\users.ts","statementMap":{"0":{"start":{"line":1,"column":0},"end":{"line":1,"column":56}},"1":{"start":{"line":2,"column":0},"end":{"line":2,"column":38}},"2":{"start":{"line":3,"column":0},"end":{"line":3,"column":32}},"3":{"start":{"line":4,"column":0},"end":{"line":4,"column":32}},"4":{"start":{"line":5,"column":0},"end":{"line":5,"column":26}},"5":{"start":{"line":6,"column":0},"end":{"line":6,"column":30}},"6":{"start":{"line":7,"column":0},"end":{"line":7,"column":41}},"7":{"start":{"line":8,"column":0},"end":{"line":8,"column":34}},"8":{"start":{"line":35,"column":8},"end":{"line":35,"column":57}},"9":{"start":{"line":36,"column":8},"end":{"line":36,"column":57}},"10":{"start":{"line":37,"column":8},"end":{"line":37,"column":54}},"11":{"start":{"line":38,"column":8},"end":{"line":38,"column":61}},"12":{"start":{"line":39,"column":8},"end":{"line":39,"column":56}},"13":{"start":{"line":40,"column":8},"end":{"line":40,"column":58}},"14":{"start":{"line":43,"column":0},"end":{"line":98,"column":2}},"15":{"start":{"line":99,"column":0},"end":{"line":99,"column":21}}},"fnMap":{"0":{"name":"(anonymous_1)","decl":{"start":{"line":34,"column":4},"end":{"line":34,"column":10}},"loc":{"start":{"line":34,"column":20},"end":{"line":41,"column":5}}}},"branchMap":{},"s":{"0":1,"1":1,"2":1,"3":1,"4":1,"5":1,"6":1,"7":1,"8":1,"9":1,"10":1,"11":1,"12":1,"13":1,"14":1,"15":1},"f":{"0":1},"b":{}}
,"C:\\Users\\amr_i\\Desktop\\stable\\E-commerce-Backend-G2\\src\\database\\models\\wishlist.ts": {"path":"C:\\Users\\amr_i\\Desktop\\stable\\E-commerce-Backend-G2\\src\\database\\models\\wishlist.ts","statementMap":{"0":{"start":{"line":1,"column":0},"end":{"line":1,"column":56}},"1":{"start":{"line":2,"column":0},"end":{"line":2,"column":38}},"2":{"start":{"line":3,"column":0},"end":{"line":3,"column":34}},"3":{"start":{"line":4,"column":0},"end":{"line":4,"column":28}},"4":{"start":{"line":20,"column":8},"end":{"line":20,"column":66}},"5":{"start":{"line":21,"column":8},"end":{"line":21,"column":60}},"6":{"start":{"line":24,"column":0},"end":{"line":56,"column":2}},"7":{"start":{"line":57,"column":0},"end":{"line":57,"column":24}}},"fnMap":{"0":{"name":"(anonymous_1)","decl":{"start":{"line":19,"column":4},"end":{"line":19,"column":10}},"loc":{"start":{"line":19,"column":20},"end":{"line":22,"column":5}}}},"branchMap":{},"s":{"0":1,"1":1,"2":1,"3":1,"4":1,"5":1,"6":1,"7":1},"f":{"0":1},"b":{}}
,"C:\\Users\\amr_i\\Desktop\\stable\\E-commerce-Backend-G2\\src\\middleware\\errorHandler.ts": {"path":"C:\\Users\\amr_i\\Desktop\\stable\\E-commerce-Backend-G2\\src\\middleware\\errorHandler.ts","statementMap":{"0":{"start":{"line":3,"column":28},"end":{"line":7,"column":1}},"1":{"start":{"line":6,"column":4},"end":{"line":6,"column":38}},"2":{"start":{"line":3,"column":13},"end":{"line":3,"column":28}}},"fnMap":{"0":{"name":"(anonymous_0)","decl":{"start":{"line":3,"column":28},"end":{"line":3,"column":29}},"loc":{"start":{"line":3,"column":92},"end":{"line":7,"column":1}}}},"branchMap":{},"s":{"0":1,"1":1,"2":1},"f":{"0":1},"b":{}}
,"C:\\Users\\amr_i\\Desktop\\stable\\E-commerce-Backend-G2\\src\\middleware\\validateProduct.ts": {"path":"C:\\Users\\amr_i\\Desktop\\stable\\E-commerce-Backend-G2\\src\\middleware\\validateProduct.ts","statementMap":{"0":{"start":{"line":1,"column":0},"end":{"line":1,"column":66}},"1":{"start":{"line":3,"column":0},"end":{"line":3,"column":42}},"2":{"start":{"line":4,"column":13},"end":{"line":14,"column":2}},"3":{"start":{"line":7,"column":23},"end":{"line":7,"column":44}},"4":{"start":{"line":8,"column":8},"end":{"line":12,"column":9}},"5":{"start":{"line":9,"column":12},"end":{"line":9,"column":57}},"6":{"start":{"line":11,"column":12},"end":{"line":11,"column":19}},"7":{"start":{"line":15,"column":13},"end":{"line":25,"column":2}},"8":{"start":{"line":18,"column":23},"end":{"line":18,"column":44}},"9":{"start":{"line":19,"column":8},"end":{"line":23,"column":9}},"10":{"start":{"line":20,"column":12},"end":{"line":20,"column":57}},"11":{"start":{"line":22,"column":12},"end":{"line":22,"column":19}}},"fnMap":{"0":{"name":"(anonymous_0)","decl":{"start":{"line":6,"column":4},"end":{"line":6,"column":5}},"loc":{"start":{"line":6,"column":73},"end":{"line":13,"column":5}}},"1":{"name":"(anonymous_1)","decl":{"start":{"line":17,"column":4},"end":{"line":17,"column":5}},"loc":{"start":{"line":17,"column":73},"end":{"line":24,"column":5}}}},"branchMap":{"0":{"loc":{"start":{"line":8,"column":8},"end":{"line":12,"column":9}},"type":"if","locations":[{"start":{"line":8,"column":8},"end":{"line":12,"column":9}},{"start":{"line":10,"column":15},"end":{"line":12,"column":9}}]},"1":{"loc":{"start":{"line":19,"column":8},"end":{"line":23,"column":9}},"type":"if","locations":[{"start":{"line":19,"column":8},"end":{"line":23,"column":9}},{"start":{"line":21,"column":15},"end":{"line":23,"column":9}}]}},"s":{"0":1,"1":1,"2":1,"3":1,"4":1,"5":0,"6":1,"7":1,"8":0,"9":0,"10":0,"11":0},"f":{"0":1,"1":0},"b":{"0":[0,1],"1":[0,0]}}
,"C:\\Users\\amr_i\\Desktop\\stable\\E-commerce-Backend-G2\\src\\middleware\\validateUser.ts": {"path":"C:\\Users\\amr_i\\Desktop\\stable\\E-commerce-Backend-G2\\src\\middleware\\validateUser.ts","statementMap":{"0":{"start":{"line":89,"column":0},"end":{"line":89,"column":22}},"1":{"start":{"line":95,"column":0},"end":{"line":95,"column":22}},"2":{"start":{"line":1,"column":0},"end":{"line":1,"column":59}},"3":{"start":{"line":3,"column":0},"end":{"line":3,"column":33}},"4":{"start":{"line":8,"column":13},"end":{"line":60,"column":2}},"5":{"start":{"line":25,"column":32},"end":{"line":30,"column":10}},"6":{"start":{"line":26,"column":12},"end":{"line":29,"column":13}},"7":{"start":{"line":27,"column":16},"end":{"line":27,"column":57}},"8":{"start":{"line":45,"column":23},"end":{"line":45,"column":44}},"9":{"start":{"line":46,"column":8},"end":{"line":57,"column":9}},"10":{"start":{"line":48,"column":33},"end":{"line":51,"column":15}},"11":{"start":{"line":48,"column":62},"end":{"line":51,"column":14}},"12":{"start":{"line":53,"column":12},"end":{"line":56,"column":15}},"13":{"start":{"line":58,"column":8},"end":{"line":58,"column":15}},"14":{"start":{"line":63,"column":13},"end":{"line":87,"column":2}},"15":{"start":{"line":74,"column":23},"end":{"line":74,"column":44}},"16":{"start":{"line":75,"column":8},"end":{"line":84,"column":9}},"17":{"start":{"line":76,"column":33},"end":{"line":78,"column":15}},"18":{"start":{"line":76,"column":62},"end":{"line":78,"column":14}},"19":{"start":{"line":80,"column":12},"end":{"line":83,"column":15}},"20":{"start":{"line":85,"column":8},"end":{"line":85,"column":15}},"21":{"start":{"line":90,"column":4},"end":{"line":92,"column":7}},"22":{"start":{"line":96,"column":20},"end":{"line":96,"column":48}},"23":{"start":{"line":97,"column":4},"end":{"line":97,"column":21}}},"fnMap":{"0":{"name":"(anonymous_7)","decl":{"start":{"line":25,"column":16},"end":{"line":25,"column":23}},"loc":{"start":{"line":25,"column":32},"end":{"line":30,"column":10}}},"1":{"name":"(anonymous_8)","decl":{"start":{"line":25,"column":32},"end":{"line":25,"column":null}},"loc":{"start":{"line":25,"column":32},"end":{"line":30,"column":9}}},"2":{"name":"(anonymous_9)","decl":{"start":{"line":44,"column":4},"end":{"line":44,"column":5}},"loc":{"start":{"line":44,"column":56},"end":{"line":59,"column":5}}},"3":{"name":"(anonymous_10)","decl":{"start":{"line":48,"column":52},"end":{"line":48,"column":53}},"loc":{"start":{"line":48,"column":62},"end":{"line":51,"column":14}}},"4":{"name":"(anonymous_11)","decl":{"start":{"line":73,"column":4},"end":{"line":73,"column":5}},"loc":{"start":{"line":73,"column":56},"end":{"line":86,"column":5}}},"5":{"name":"(anonymous_12)","decl":{"start":{"line":76,"column":52},"end":{"line":76,"column":53}},"loc":{"start":{"line":76,"column":62},"end":{"line":78,"column":14}}},"6":{"name":"findUserByEmail","decl":{"start":{"line":89,"column":22},"end":{"line":89,"column":37}},"loc":{"start":{"line":89,"column":51},"end":{"line":93,"column":null}}},"7":{"name":"checkIfUserEmailExists","decl":{"start":{"line":95,"column":22},"end":{"line":95,"column":44}},"loc":{"start":{"line":95,"column":58},"end":{"line":98,"column":null}}}},"branchMap":{"0":{"loc":{"start":{"line":26,"column":12},"end":{"line":29,"column":13}},"type":"if","locations":[{"start":{"line":26,"column":12},"end":{"line":29,"column":13}}]},"1":{"loc":{"start":{"line":46,"column":8},"end":{"line":57,"column":9}},"type":"if","locations":[{"start":{"line":46,"column":8},"end":{"line":57,"column":9}}]},"2":{"loc":{"start":{"line":75,"column":8},"end":{"line":84,"column":9}},"type":"if","locations":[{"start":{"line":75,"column":8},"end":{"line":84,"column":9}}]}},"s":{"0":1,"1":1,"2":1,"3":1,"4":1,"5":0,"6":0,"7":0,"8":0,"9":0,"10":0,"11":0,"12":0,"13":0,"14":1,"15":0,"16":0,"17":0,"18":0,"19":0,"20":0,"21":0,"22":0,"23":0},"f":{"0":0,"1":0,"2":0,"3":0,"4":0,"5":0,"6":0,"7":0},"b":{"0":[0],"1":[0],"2":[0]}}
,"C:\\Users\\amr_i\\Desktop\\stable\\E-commerce-Backend-G2\\src\\routes\\productsRoutes.ts": {"path":"C:\\Users\\amr_i\\Desktop\\stable\\E-commerce-Backend-G2\\src\\routes\\productsRoutes.ts","statementMap":{"0":{"start":{"line":1,"column":0},"end":{"line":1,"column":33}},"1":{"start":{"line":2,"column":0},"end":{"line":2,"column":null}},"2":{"start":{"line":12,"column":0},"end":{"line":12,"column":80}},"3":{"start":{"line":14,"column":30},"end":{"line":14,"column":38}},"4":{"start":{"line":16,"column":0},"end":{"line":16,"column":60}},"5":{"start":{"line":17,"column":0},"end":{"line":17,"column":70}},"6":{"start":{"line":18,"column":0},"end":{"line":18,"column":64}},"7":{"start":{"line":19,"column":0},"end":{"line":19,"column":72}},"8":{"start":{"line":20,"column":0},"end":{"line":20,"column":48}},"9":{"start":{"line":21,"column":0},"end":{"line":21,"column":48}},"10":{"start":{"line":22,"column":0},"end":{"line":22,"column":52}},"11":{"start":{"line":23,"column":0},"end":{"line":23,"column":85}},"12":{"start":{"line":24,"column":0},"end":{"line":24,"column":29}}},"fnMap":{},"branchMap":{},"s":{"0":1,"1":1,"2":1,"3":1,"4":1,"5":1,"6":1,"7":1,"8":1,"9":1,"10":1,"11":1,"12":1},"f":{},"b":{}}
,"C:\\Users\\amr_i\\Desktop\\stable\\E-commerce-Backend-G2\\src\\routes\\userRoutes.ts": {"path":"C:\\Users\\amr_i\\Desktop\\stable\\E-commerce-Backend-G2\\src\\routes\\userRoutes.ts","statementMap":{"0":{"start":{"line":1,"column":0},"end":{"line":1,"column":31}},"1":{"start":{"line":2,"column":0},"end":{"line":2,"column":97}},"2":{"start":{"line":3,"column":0},"end":{"line":3,"column":71}},"3":{"start":{"line":5,"column":27},"end":{"line":5,"column":35}},"4":{"start":{"line":8,"column":0},"end":{"line":8,"column":55}},"5":{"start":{"line":9,"column":0},"end":{"line":9,"column":37}},"6":{"start":{"line":10,"column":0},"end":{"line":10,"column":39}},"7":{"start":{"line":21,"column":0},"end":{"line":21,"column":26}}},"fnMap":{},"branchMap":{},"s":{"0":1,"1":1,"2":1,"3":1,"4":1,"5":1,"6":1,"7":1},"f":{},"b":{}}
,"C:\\Users\\amr_i\\Desktop\\stable\\E-commerce-Backend-G2\\src\\utils\\ProductsUtils.ts": {"path":"C:\\Users\\amr_i\\Desktop\\stable\\E-commerce-Backend-G2\\src\\utils\\ProductsUtils.ts","statementMap":{"0":{"start":{"line":8,"column":0},"end":{"line":8,"column":22}},"1":{"start":{"line":78,"column":0},"end":{"line":78,"column":22}},"2":{"start":{"line":158,"column":0},"end":{"line":158,"column":22}},"3":{"start":{"line":201,"column":0},"end":{"line":201,"column":22}},"4":{"start":{"line":231,"column":0},"end":{"line":231,"column":22}},"5":{"start":{"line":261,"column":0},"end":{"line":261,"column":22}},"6":{"start":{"line":268,"column":0},"end":{"line":268,"column":22}},"7":{"start":{"line":278,"column":0},"end":{"line":278,"column":22}},"8":{"start":{"line":308,"column":0},"end":{"line":308,"column":22}},"9":{"start":{"line":338,"column":0},"end":{"line":338,"column":22}},"10":{"start":{"line":368,"column":0},"end":{"line":368,"column":22}},"11":{"start":{"line":398,"column":0},"end":{"line":398,"column":22}},"12":{"start":{"line":430,"column":0},"end":{"line":430,"column":22}},"13":{"start":{"line":434,"column":0},"end":{"line":434,"column":22}},"14":{"start":{"line":438,"column":0},"end":{"line":438,"column":22}},"15":{"start":{"line":470,"column":0},"end":{"line":470,"column":22}},"16":{"start":{"line":1,"column":0},"end":{"line":1,"column":31}},"17":{"start":{"line":2,"column":0},"end":{"line":2,"column":33}},"18":{"start":{"line":3,"column":0},"end":{"line":3,"column":47}},"19":{"start":{"line":4,"column":0},"end":{"line":4,"column":51}},"20":{"start":{"line":13,"column":4},"end":{"line":76,"column":5}},"21":{"start":{"line":14,"column":23},"end":{"line":72,"column":10}},"22":{"start":{"line":14,"column":63},"end":{"line":72,"column":10}},"23":{"start":{"line":16,"column":34},"end":{"line":18,"column":14}},"24":{"start":{"line":19,"column":12},"end":{"line":45,"column":13}},"25":{"start":{"line":21,"column":16},"end":{"line":32,"column":17}},"26":{"start":{"line":22,"column":20},"end":{"line":29,"column":22}},"27":{"start":{"line":31,"column":20},"end":{"line":31,"column":76}},"28":{"start":{"line":35,"column":16},"end":{"line":44,"column":17}},"29":{"start":{"line":36,"column":20},"end":{"line":41,"column":23}},"30":{"start":{"line":43,"column":20},"end":{"line":43,"column":66}},"31":{"start":{"line":47,"column":12},"end":{"line":71,"column":13}},"32":{"start":{"line":48,"column":40},"end":{"line":51,"column":18}},"33":{"start":{"line":52,"column":37},"end":{"line":55,"column":18}},"34":{"start":{"line":56,"column":16},"end":{"line":68,"column":17}},"35":{"start":{"line":58,"column":20},"end":{"line":65,"column":21}},"36":{"start":{"line":59,"column":24},"end":{"line":62,"column":26}},"37":{"start":{"line":64,"column":24},"end":{"line":64,"column":74}},"38":{"start":{"line":67,"column":20},"end":{"line":67,"column":69}},"39":{"start":{"line":70,"column":16},"end":{"line":70,"column":65}},"40":{"start":{"line":73,"column":8},"end":{"line":73,"column":20}},"41":{"start":{"line":75,"column":8},"end":{"line":75,"column":45}},"42":{"start":{"line":93,"column":38},"end":{"line":95,"column":6}},"43":{"start":{"line":94,"column":8},"end":{"line":94,"column":33}},"44":{"start":{"line":96,"column":34},"end":{"line":98,"column":6}},"45":{"start":{"line":97,"column":8},"end":{"line":97,"column":31}},"46":{"start":{"line":99,"column":4},"end":{"line":128,"column":5}},"47":{"start":{"line":100,"column":23},"end":{"line":124,"column":10}},"48":{"start":{"line":100,"column":63},"end":{"line":124,"column":10}},"49":{"start":{"line":101,"column":12},"end":{"line":123,"column":14}},"50":{"start":{"line":125,"column":8},"end":{"line":125,"column":20}},"51":{"start":{"line":127,"column":8},"end":{"line":127,"column":45}},"52":{"start":{"line":159,"column":20},"end":{"line":193,"column":6}},"53":{"start":{"line":194,"column":4},"end":{"line":199,"column":5}},"54":{"start":{"line":195,"column":8},"end":{"line":195,"column":23}},"55":{"start":{"line":198,"column":8},"end":{"line":198,"column":49}},"56":{"start":{"line":202,"column":20},"end":{"line":224,"column":6}},"57":{"start":{"line":225,"column":4},"end":{"line":229,"column":5}},"58":{"start":{"line":226,"column":8},"end":{"line":226,"column":23}},"59":{"start":{"line":228,"column":8},"end":{"line":228,"column":18}},"60":{"start":{"line":232,"column":20},"end":{"line":254,"column":6}},"61":{"start":{"line":255,"column":4},"end":{"line":259,"column":5}},"62":{"start":{"line":256,"column":8},"end":{"line":256,"column":23}},"63":{"start":{"line":258,"column":8},"end":{"line":258,"column":18}},"64":{"start":{"line":262,"column":21},"end":{"line":262,"column":65}},"65":{"start":{"line":263,"column":19},"end":{"line":263,"column":55}},"66":{"start":{"line":265,"column":4},"end":{"line":265,"column":93}},"67":{"start":{"line":265,"column":50},"end":{"line":265,"column":93}},"68":{"start":{"line":266,"column":4},"end":{"line":266,"column":38}},"69":{"start":{"line":270,"column":4},"end":{"line":275,"column":22}},"70":{"start":{"line":271,"column":23},"end":{"line":274,"column":10}},"71":{"start":{"line":271,"column":67},"end":{"line":274,"column":10}},"72":{"start":{"line":272,"column":12},"end":{"line":272,"column":88}},"73":{"start":{"line":273,"column":12},"end":{"line":273,"column":82}},"74":{"start":{"line":279,"column":14},"end":{"line":301,"column":6}},"75":{"start":{"line":302,"column":4},"end":{"line":306,"column":5}},"76":{"start":{"line":303,"column":8},"end":{"line":303,"column":17}},"77":{"start":{"line":305,"column":8},"end":{"line":305,"column":35}},"78":{"start":{"line":309,"column":14},"end":{"line":331,"column":6}},"79":{"start":{"line":332,"column":4},"end":{"line":336,"column":5}},"80":{"start":{"line":333,"column":8},"end":{"line":333,"column":17}},"81":{"start":{"line":335,"column":8},"end":{"line":335,"column":35}},"82":{"start":{"line":339,"column":14},"end":{"line":361,"column":6}},"83":{"start":{"line":362,"column":4},"end":{"line":366,"column":5}},"84":{"start":{"line":363,"column":8},"end":{"line":363,"column":17}},"85":{"start":{"line":365,"column":8},"end":{"line":365,"column":35}},"86":{"start":{"line":369,"column":14},"end":{"line":391,"column":6}},"87":{"start":{"line":392,"column":4},"end":{"line":396,"column":5}},"88":{"start":{"line":393,"column":8},"end":{"line":393,"column":17}},"89":{"start":{"line":395,"column":8},"end":{"line":395,"column":35}},"90":{"start":{"line":399,"column":14},"end":{"line":421,"column":6}},"91":{"start":{"line":422,"column":4},"end":{"line":426,"column":5}},"92":{"start":{"line":423,"column":8},"end":{"line":423,"column":17}},"93":{"start":{"line":425,"column":8},"end":{"line":425,"column":35}},"94":{"start":{"line":431,"column":23},"end":{"line":431,"column":95}},"95":{"start":{"line":432,"column":4},"end":{"line":432,"column":22}},"96":{"start":{"line":435,"column":23},"end":{"line":435,"column":101}},"97":{"start":{"line":436,"column":4},"end":{"line":436,"column":22}},"98":{"start":{"line":439,"column":20},"end":{"line":439,"column":30}},"99":{"start":{"line":440,"column":30},"end":{"line":440,"column":70}},"100":{"start":{"line":441,"column":14},"end":{"line":463,"column":6}},"101":{"start":{"line":464,"column":4},"end":{"line":468,"column":5}},"102":{"start":{"line":465,"column":8},"end":{"line":465,"column":17}},"103":{"start":{"line":467,"column":8},"end":{"line":467,"column":35}},"104":{"start":{"line":471,"column":14},"end":{"line":494,"column":6}},"105":{"start":{"line":495,"column":4},"end":{"line":499,"column":5}},"106":{"start":{"line":496,"column":8},"end":{"line":496,"column":17}},"107":{"start":{"line":498,"column":8},"end":{"line":498,"column":35}}},"fnMap":{"0":{"name":"updateUserReviewTransaction","decl":{"start":{"line":8,"column":22},"end":{"line":8,"column":49}},"loc":{"start":{"line":8,"column":123},"end":{"line":77,"column":null}}},"1":{"name":"(anonymous_10)","decl":{"start":{"line":14,"column":51},"end":{"line":14,"column":58}},"loc":{"start":{"line":14,"column":63},"end":{"line":72,"column":10}}},"2":{"name":"(anonymous_11)","decl":{"start":{"line":14,"column":63},"end":{"line":14,"column":null}},"loc":{"start":{"line":14,"column":63},"end":{"line":72,"column":9}}},"3":{"name":"createNewProductTransaction","decl":{"start":{"line":78,"column":22},"end":{"line":78,"column":49}},"loc":{"start":{"line":91,"column":23},"end":{"line":129,"column":null}}},"4":{"name":"(anonymous_14)","decl":{"start":{"line":93,"column":60},"end":{"line":93,"column":61}},"loc":{"start":{"line":93,"column":78},"end":{"line":95,"column":5}}},"5":{"name":"(anonymous_15)","decl":{"start":{"line":96,"column":52},"end":{"line":96,"column":53}},"loc":{"start":{"line":96,"column":70},"end":{"line":98,"column":5}}},"6":{"name":"(anonymous_16)","decl":{"start":{"line":100,"column":51},"end":{"line":100,"column":58}},"loc":{"start":{"line":100,"column":63},"end":{"line":124,"column":10}}},"7":{"name":"(anonymous_17)","decl":{"start":{"line":100,"column":63},"end":{"line":100,"column":null}},"loc":{"start":{"line":100,"column":63},"end":{"line":124,"column":9}}},"8":{"name":"getProductPageById","decl":{"start":{"line":158,"column":22},"end":{"line":158,"column":40}},"loc":{"start":{"line":158,"column":58},"end":{"line":200,"column":null}}},"9":{"name":"searchByBrandName","decl":{"start":{"line":201,"column":22},"end":{"line":201,"column":39}},"loc":{"start":{"line":201,"column":59},"end":{"line":230,"column":null}}},"10":{"name":"searchByProductNameOrTags","decl":{"start":{"line":231,"column":22},"end":{"line":231,"column":47}},"loc":{"start":{"line":231,"column":67},"end":{"line":260,"column":null}}},"11":{"name":"searchForProductsOrBrands","decl":{"start":{"line":261,"column":22},"end":{"line":261,"column":47}},"loc":{"start":{"line":261,"column":67},"end":{"line":267,"column":null}}},"12":{"name":"deleteProductById","decl":{"start":{"line":268,"column":22},"end":{"line":268,"column":39}},"loc":{"start":{"line":268,"column":57},"end":{"line":276,"column":null}}},"13":{"name":"(anonymous_28)","decl":{"start":{"line":271,"column":51},"end":{"line":271,"column":58}},"loc":{"start":{"line":271,"column":67},"end":{"line":274,"column":10}}},"14":{"name":"(anonymous_29)","decl":{"start":{"line":271,"column":67},"end":{"line":271,"column":null}},"loc":{"start":{"line":271,"column":67},"end":{"line":274,"column":9}}},"15":{"name":"getCardOneProducts","decl":{"start":{"line":278,"column":22},"end":{"line":278,"column":40}},"loc":{"start":{"line":278,"column":40},"end":{"line":307,"column":null}}},"16":{"name":"getCardTwoProducts","decl":{"start":{"line":308,"column":22},"end":{"line":308,"column":40}},"loc":{"start":{"line":308,"column":40},"end":{"line":337,"column":null}}},"17":{"name":"getCardThreeProducts","decl":{"start":{"line":338,"column":22},"end":{"line":338,"column":42}},"loc":{"start":{"line":338,"column":42},"end":{"line":367,"column":null}}},"18":{"name":"getProductsByCategoryId","decl":{"start":{"line":368,"column":22},"end":{"line":368,"column":45}},"loc":{"start":{"line":368,"column":56},"end":{"line":397,"column":null}}},"19":{"name":"getProductsByBrandId","decl":{"start":{"line":398,"column":22},"end":{"line":398,"column":42}},"loc":{"start":{"line":398,"column":53},"end":{"line":427,"column":null}}},"20":{"name":"getAllCategories","decl":{"start":{"line":430,"column":22},"end":{"line":430,"column":38}},"loc":{"start":{"line":430,"column":38},"end":{"line":433,"column":null}}},"21":{"name":"getAllBrands","decl":{"start":{"line":434,"column":22},"end":{"line":434,"column":34}},"loc":{"start":{"line":434,"column":34},"end":{"line":437,"column":null}}},"22":{"name":"getNewArrivals","decl":{"start":{"line":438,"column":22},"end":{"line":438,"column":36}},"loc":{"start":{"line":438,"column":36},"end":{"line":469,"column":null}}},"23":{"name":"getHandPickedCollections","decl":{"start":{"line":470,"column":22},"end":{"line":470,"column":46}},"loc":{"start":{"line":470,"column":57},"end":{"line":500,"column":null}}}},"branchMap":{"0":{"loc":{"start":{"line":19,"column":12},"end":{"line":45,"column":13}},"type":"if","locations":[{"start":{"line":19,"column":12},"end":{"line":45,"column":13}},{"start":{"line":33,"column":19},"end":{"line":45,"column":13}}]},"1":{"loc":{"start":{"line":25,"column":36},"end":{"line":25,"column":69}},"type":"binary-expr","locations":[{"start":{"line":25,"column":36},"end":{"line":25,"column":45}},{"start":{"line":25,"column":49},"end":{"line":25,"column":69}}]},"2":{"loc":{"start":{"line":26,"column":36},"end":{"line":26,"column":69}},"type":"binary-expr","locations":[{"start":{"line":26,"column":36},"end":{"line":26,"column":45}},{"start":{"line":26,"column":49},"end":{"line":26,"column":69}}]},"3":{"loc":{"start":{"line":38,"column":32},"end":{"line":38,"column":46}},"type":"binary-expr","locations":[{"start":{"line":38,"column":32},"end":{"line":38,"column":41}},{"start":{"line":38,"column":45},"end":{"line":38,"column":46}}]},"4":{"loc":{"start":{"line":39,"column":32},"end":{"line":39,"column":47}},"type":"binary-expr","locations":[{"start":{"line":39,"column":32},"end":{"line":39,"column":41}},{"start":{"line":39,"column":45},"end":{"line":39,"column":47}}]},"5":{"loc":{"start":{"line":56,"column":16},"end":{"line":68,"column":17}},"type":"if","locations":[{"start":{"line":56,"column":16},"end":{"line":68,"column":17}},{"start":{"line":66,"column":23},"end":{"line":68,"column":17}}]},"6":{"loc":{"start":{"line":56,"column":20},"end":{"line":56,"column":51}},"type":"binary-expr","locations":[{"start":{"line":56,"column":20},"end":{"line":56,"column":32}},{"start":{"line":56,"column":36},"end":{"line":56,"column":51}}]},"7":{"loc":{"start":{"line":194,"column":4},"end":{"line":199,"column":5}},"type":"if","locations":[{"start":{"line":194,"column":4},"end":{"line":199,"column":5}},{"start":{"line":196,"column":11},"end":{"line":199,"column":5}}]},"8":{"loc":{"start":{"line":225,"column":4},"end":{"line":229,"column":5}},"type":"if","locations":[{"start":{"line":225,"column":4},"end":{"line":229,"column":5}},{"start":{"line":227,"column":11},"end":{"line":229,"column":5}}]},"9":{"loc":{"start":{"line":255,"column":4},"end":{"line":259,"column":5}},"type":"if","locations":[{"start":{"line":255,"column":4},"end":{"line":259,"column":5}},{"start":{"line":257,"column":11},"end":{"line":259,"column":5}}]},"10":{"loc":{"start":{"line":265,"column":4},"end":{"line":265,"column":93}},"type":"if","locations":[{"start":{"line":265,"column":4},"end":{"line":265,"column":93}}]},"11":{"loc":{"start":{"line":265,"column":8},"end":{"line":265,"column":48}},"type":"binary-expr","locations":[{"start":{"line":265,"column":8},"end":{"line":265,"column":27}},{"start":{"line":265,"column":31},"end":{"line":265,"column":48}}]},"12":{"loc":{"start":{"line":302,"column":4},"end":{"line":306,"column":5}},"type":"if","locations":[{"start":{"line":302,"column":4},"end":{"line":306,"column":5}},{"start":{"line":304,"column":11},"end":{"line":306,"column":5}}]},"13":{"loc":{"start":{"line":332,"column":4},"end":{"line":336,"column":5}},"type":"if","locations":[{"start":{"line":332,"column":4},"end":{"line":336,"column":5}},{"start":{"line":334,"column":11},"end":{"line":336,"column":5}}]},"14":{"loc":{"start":{"line":362,"column":4},"end":{"line":366,"column":5}},"type":"if","locations":[{"start":{"line":362,"column":4},"end":{"line":366,"column":5}},{"start":{"line":364,"column":11},"end":{"line":366,"column":5}}]},"15":{"loc":{"start":{"line":392,"column":4},"end":{"line":396,"column":5}},"type":"if","locations":[{"start":{"line":392,"column":4},"end":{"line":396,"column":5}},{"start":{"line":394,"column":11},"end":{"line":396,"column":5}}]},"16":{"loc":{"start":{"line":422,"column":4},"end":{"line":426,"column":5}},"type":"if","locations":[{"start":{"line":422,"column":4},"end":{"line":426,"column":5}},{"start":{"line":424,"column":11},"end":{"line":426,"column":5}}]},"17":{"loc":{"start":{"line":464,"column":4},"end":{"line":468,"column":5}},"type":"if","locations":[{"start":{"line":464,"column":4},"end":{"line":468,"column":5}},{"start":{"line":466,"column":11},"end":{"line":468,"column":5}}]},"18":{"loc":{"start":{"line":495,"column":4},"end":{"line":499,"column":5}},"type":"if","locations":[{"start":{"line":495,"column":4},"end":{"line":499,"column":5}},{"start":{"line":497,"column":11},"end":{"line":499,"column":5}}]}},"s":{"0":1,"1":1,"2":1,"3":1,"4":1,"5":1,"6":1,"7":1,"8":1,"9":1,"10":1,"11":1,"12":1,"13":1,"14":1,"15":1,"16":1,"17":1,"18":1,"19":1,"20":0,"21":0,"22":0,"23":0,"24":0,"25":0,"26":0,"27":0,"28":0,"29":0,"30":0,"31":0,"32":0,"33":0,"34":0,"35":0,"36":0,"37":0,"38":0,"39":0,"40":0,"41":0,"42":0,"43":0,"44":0,"45":0,"46":0,"47":0,"48":0,"49":0,"50":0,"51":0,"52":1,"53":1,"54":0,"55":1,"56":0,"57":0,"58":0,"59":0,"60":0,"61":0,"62":0,"63":0,"64":0,"65":0,"66":0,"67":0,"68":0,"69":0,"70":0,"71":0,"72":0,"73":0,"74":0,"75":0,"76":0,"77":0,"78":0,"79":0,"80":0,"81":0,"82":0,"83":0,"84":0,"85":0,"86":0,"87":0,"88":0,"89":0,"90":0,"91":0,"92":0,"93":0,"94":0,"95":0,"96":0,"97":0,"98":0,"99":0,"100":0,"101":0,"102":0,"103":0,"104":0,"105":0,"106":0,"107":0},"f":{"0":0,"1":0,"2":0,"3":0,"4":0,"5":0,"6":0,"7":0,"8":1,"9":0,"10":0,"11":0,"12":0,"13":0,"14":0,"15":0,"16":0,"17":0,"18":0,"19":0,"20":0,"21":0,"22":0,"23":0},"b":{"0":[0,0],"1":[0,0],"2":[0,0],"3":[0,0],"4":[0,0],"5":[0,0],"6":[0,0],"7":[0,1],"8":[0,0],"9":[0,0],"10":[0],"11":[0,0],"12":[0,0],"13":[0,0],"14":[0,0],"15":[0,0],"16":[0,0],"17":[0,0],"18":[0,0]}}
}
