TN:
SF:src\server.ts
FN:14,(anonymous_8)
FN:26,(anonymous_9)
FN:33,(anonymous_10)
FN:33,(anonymous_11)
FN:37,(anonymous_12)
FN:38,(anonymous_13)
FNF:6
FNH:1
FNDA:3,(anonymous_8)
FNDA:0,(anonymous_9)
FNDA:0,(anonymous_10)
FNDA:0,(anonymous_11)
FNDA:0,(anonymous_12)
FNDA:0,(anonymous_13)
DA:1,3
DA:2,3
DA:3,3
DA:4,3
DA:5,3
DA:6,3
DA:7,3
DA:8,3
DA:9,3
DA:11,3
DA:12,3
DA:13,3
DA:14,3
DA:15,3
DA:18,3
DA:19,3
DA:20,3
DA:21,3
DA:22,3
DA:23,3
DA:24,3
DA:25,3
DA:26,3
DA:27,0
DA:30,3
DA:31,0
DA:33,0
DA:34,0
DA:35,0
DA:37,0
DA:38,0
DA:39,0
LF:32
LH:24
BRDA:18,0,0,3
BRDA:18,0,1,3
BRDA:30,1,0,0
BRF:3
BRH:2
end_of_record
TN:
SF:src\config\databaseConfig.ts
FNF:0
FNH:0
DA:1,3
DA:3,3
DA:14,3
DA:15,3
DA:23,0
DA:24,0
DA:33,0
LF:7
LH:4
BRDA:14,0,0,3
BRDA:14,0,1,0
BRDA:16,1,0,3
BRDA:16,1,1,0
BRDA:17,2,0,3
BRDA:17,2,1,0
BRDA:18,3,0,3
BRDA:18,3,1,0
BRDA:19,4,0,3
BRDA:19,4,1,0
BRDA:20,5,0,3
BRDA:20,5,1,0
BRDA:21,6,0,3
BRDA:21,6,1,0
BRDA:23,7,0,0
BRDA:23,7,1,0
BRDA:25,8,0,0
BRDA:25,8,1,0
BRDA:26,9,0,0
BRDA:26,9,1,0
BRDA:27,10,0,0
BRDA:27,10,1,0
BRDA:28,11,0,0
BRDA:28,11,1,0
BRDA:29,12,0,0
BRDA:29,12,1,0
BRDA:30,13,0,0
BRDA:30,13,1,0
BRDA:34,14,0,0
BRDA:34,14,1,0
BRDA:35,15,0,0
BRDA:35,15,1,0
BRDA:36,16,0,0
BRDA:36,16,1,0
BRDA:37,17,0,0
BRDA:37,17,1,0
BRDA:38,18,0,0
BRDA:38,18,1,0
BRDA:39,19,0,0
BRDA:39,19,1,0
BRF:40
BRH:7
end_of_record
TN:
SF:src\controllers\homePageController.ts
FN:3,(anonymous_7)
FN:3,(anonymous_8)
FNF:2
FNH:0
FNDA:0,(anonymous_7)
FNDA:0,(anonymous_8)
DA:2,3
DA:3,3
DA:4,0
DA:5,0
DA:6,0
DA:7,0
DA:8,0
DA:10,0
LF:8
LH:2
BRF:0
BRH:0
end_of_record
TN:
SF:src\controllers\productsController.ts
FN:4,(anonymous_13)
FN:4,(anonymous_14)
FN:14,(anonymous_15)
FN:14,(anonymous_16)
FN:24,(anonymous_17)
FN:24,(anonymous_18)
FN:33,(anonymous_19)
FN:33,(anonymous_20)
FN:41,(anonymous_21)
FN:41,(anonymous_22)
FN:50,(anonymous_23)
FN:50,(anonymous_24)
FN:58,(anonymous_25)
FN:58,(anonymous_26)
FN:67,(anonymous_27)
FN:67,(anonymous_28)
FN:76,(anonymous_29)
FN:76,(anonymous_30)
FN:85,(anonymous_31)
FN:85,(anonymous_32)
FN:94,(anonymous_33)
FN:94,(anonymous_34)
FN:103,(anonymous_35)
FN:103,(anonymous_36)
FN:112,(anonymous_37)
FN:112,(anonymous_38)
FN:121,(anonymous_39)
FN:121,(anonymous_40)
FN:130,(anonymous_41)
FN:130,(anonymous_42)
FN:151,(anonymous_43)
FN:151,(anonymous_44)
FN:159,(anonymous_45)
FN:159,(anonymous_46)
FNF:34
FNH:0
FNDA:0,(anonymous_13)
FNDA:0,(anonymous_14)
FNDA:0,(anonymous_15)
FNDA:0,(anonymous_16)
FNDA:0,(anonymous_17)
FNDA:0,(anonymous_18)
FNDA:0,(anonymous_19)
FNDA:0,(anonymous_20)
FNDA:0,(anonymous_21)
FNDA:0,(anonymous_22)
FNDA:0,(anonymous_23)
FNDA:0,(anonymous_24)
FNDA:0,(anonymous_25)
FNDA:0,(anonymous_26)
FNDA:0,(anonymous_27)
FNDA:0,(anonymous_28)
FNDA:0,(anonymous_29)
FNDA:0,(anonymous_30)
FNDA:0,(anonymous_31)
FNDA:0,(anonymous_32)
FNDA:0,(anonymous_33)
FNDA:0,(anonymous_34)
FNDA:0,(anonymous_35)
FNDA:0,(anonymous_36)
FNDA:0,(anonymous_37)
FNDA:0,(anonymous_38)
FNDA:0,(anonymous_39)
FNDA:0,(anonymous_40)
FNDA:0,(anonymous_41)
FNDA:0,(anonymous_42)
FNDA:0,(anonymous_43)
FNDA:0,(anonymous_44)
FNDA:0,(anonymous_45)
FNDA:0,(anonymous_46)
DA:2,3
DA:4,3
DA:5,0
DA:6,0
DA:7,0
DA:8,0
DA:10,0
DA:14,3
DA:15,0
DA:16,0
DA:17,0
DA:18,0
DA:20,0
DA:24,3
DA:25,0
DA:26,0
DA:27,0
DA:28,0
DA:30,0
DA:33,3
DA:34,0
DA:35,0
DA:36,0
DA:38,0
DA:41,3
DA:42,0
DA:43,0
DA:44,0
DA:46,0
DA:50,3
DA:51,0
DA:52,0
DA:53,0
DA:55,0
DA:58,3
DA:59,0
DA:60,0
DA:61,0
DA:63,0
DA:64,0
DA:67,3
DA:68,0
DA:69,0
DA:70,0
DA:71,0
DA:73,0
DA:76,3
DA:77,0
DA:78,0
DA:79,0
DA:80,0
DA:82,0
DA:85,3
DA:86,0
DA:87,0
DA:88,0
DA:89,0
DA:91,0
DA:94,3
DA:95,0
DA:96,0
DA:97,0
DA:98,0
DA:100,0
DA:103,3
DA:104,0
DA:105,0
DA:106,0
DA:107,0
DA:109,0
DA:112,3
DA:113,0
DA:114,0
DA:115,0
DA:116,0
DA:118,0
DA:121,3
DA:122,0
DA:123,0
DA:124,0
DA:125,0
DA:127,0
DA:130,3
DA:131,0
DA:132,0
DA:133,0
DA:146,0
DA:148,0
DA:151,3
DA:152,0
DA:153,0
DA:154,0
DA:156,0
DA:159,3
DA:160,0
DA:161,0
DA:162,0
DA:163,0
DA:165,0
LF:99
LH:18
BRF:0
BRH:0
end_of_record
TN:
SF:src\controllers\userController.ts
FN:7,(anonymous_9)
FN:8,(anonymous_10)
FN:8,(anonymous_11)
FN:28,(anonymous_12)
FN:28,(anonymous_13)
FN:48,(anonymous_14)
FN:48,(anonymous_15)
FN:57,(anonymous_16)
FN:57,(anonymous_17)
FNF:9
FNH:3
FNDA:6,(anonymous_9)
FNDA:0,(anonymous_10)
FNDA:0,(anonymous_11)
FNDA:1,(anonymous_12)
FNDA:1,(anonymous_13)
FNDA:0,(anonymous_14)
FNDA:0,(anonymous_15)
FNDA:0,(anonymous_16)
FNDA:0,(anonymous_17)
DA:3,3
DA:4,3
DA:5,3
DA:6,3
DA:7,3
DA:8,6
DA:9,0
DA:10,0
DA:11,0
DA:12,0
DA:13,0
DA:14,0
DA:15,0
DA:20,0
DA:23,0
DA:28,3
DA:29,1
DA:30,1
DA:31,1
DA:32,1
DA:33,1
DA:34,1
DA:35,1
DA:36,1
DA:41,0
DA:44,0
DA:45,0
DA:48,3
DA:49,0
DA:50,0
DA:51,0
DA:52,0
DA:54,0
DA:57,3
DA:58,0
DA:59,0
DA:60,0
DA:62,0
LF:38
LH:17
BRDA:12,0,0,0
BRDA:12,0,1,0
BRDA:33,1,0,1
BRDA:33,1,1,0
BRF:4
BRH:1
end_of_record
TN:
SF:src\database\connection.ts
FNF:0
FNH:0
DA:1,3
DA:2,3
DA:3,3
DA:20,3
LF:4
LH:4
BRF:0
BRH:0
end_of_record
TN:
SF:src\database\index.ts
FN:14,(anonymous_1)
FNF:1
FNH:1
FNDA:3,(anonymous_1)
DA:1,3
DA:2,3
DA:3,3
DA:4,3
DA:5,3
DA:6,3
DA:7,3
DA:8,3
DA:9,3
DA:10,3
DA:11,3
DA:12,3
DA:13,3
DA:14,3
DA:15,3
DA:16,3
DA:17,3
DA:18,3
DA:19,3
DA:20,3
DA:21,3
DA:22,3
DA:23,3
DA:24,3
DA:25,3
DA:26,3
DA:27,3
DA:29,3
LF:28
LH:28
BRF:0
BRH:0
end_of_record
TN:
SF:src\database\models\Coupons.ts
FN:17,(anonymous_1)
FNF:1
FNH:1
FNDA:3,(anonymous_1)
DA:1,3
DA:2,3
DA:20,3
DA:51,3
LF:4
LH:4
BRF:0
BRH:0
end_of_record
TN:
SF:src\database\models\Images.ts
FN:17,(anonymous_1)
FNF:1
FNH:1
FNDA:3,(anonymous_1)
DA:1,3
DA:2,3
DA:3,3
DA:18,3
DA:21,3
DA:53,3
LF:6
LH:6
BRF:0
BRH:0
end_of_record
TN:
SF:src\database\models\ProductsCategories.ts
FN:18,(anonymous_1)
FNF:1
FNH:1
FNDA:3,(anonymous_1)
DA:1,3
DA:2,3
DA:3,3
DA:4,3
DA:19,3
DA:20,3
DA:23,3
DA:57,3
LF:8
LH:8
BRF:0
BRH:0
end_of_record
TN:
SF:src\database\models\Transactions.ts
FN:25,(anonymous_1)
FNF:1
FNH:1
FNDA:3,(anonymous_1)
DA:1,3
DA:2,3
DA:3,3
DA:4,3
DA:26,3
DA:27,3
DA:30,3
DA:71,3
LF:8
LH:8
BRF:0
BRH:0
end_of_record
TN:
SF:src\database\models\address.ts
FN:29,(anonymous_1)
FNF:1
FNH:1
FNDA:3,(anonymous_1)
DA:1,3
DA:2,3
DA:3,3
DA:4,3
DA:30,3
DA:31,3
DA:34,3
DA:86,3
LF:8
LH:8
BRF:0
BRH:0
end_of_record
TN:
SF:src\database\models\brands.ts
FN:18,(anonymous_1)
FNF:1
FNH:1
FNDA:3,(anonymous_1)
DA:1,3
DA:2,3
DA:3,3
DA:19,3
DA:22,3
DA:52,3
LF:6
LH:6
BRF:0
BRH:0
end_of_record
TN:
SF:src\database\models\cart.ts
FN:18,(anonymous_1)
FNF:1
FNH:1
FNDA:3,(anonymous_1)
DA:1,3
DA:2,3
DA:3,3
DA:4,3
DA:19,3
DA:20,3
DA:23,3
DA:56,3
LF:8
LH:8
BRF:0
BRH:0
end_of_record
TN:
SF:src\database\models\categories.ts
FN:19,(anonymous_1)
FNF:1
FNH:1
FNDA:3,(anonymous_1)
DA:1,3
DA:2,3
DA:3,3
DA:4,3
DA:20,3
DA:21,3
DA:25,3
DA:54,3
LF:8
LH:8
BRF:0
BRH:0
end_of_record
TN:
SF:src\database\models\orders.ts
FN:25,(anonymous_1)
FNF:1
FNH:1
FNDA:3,(anonymous_1)
DA:1,3
DA:2,3
DA:3,3
DA:4,3
DA:5,3
DA:6,3
DA:26,3
DA:27,3
DA:28,3
DA:29,3
DA:33,3
DA:78,3
LF:12
LH:12
BRF:0
BRH:0
end_of_record
TN:
SF:src\database\models\products.ts
FN:48,(anonymous_1)
FNF:1
FNH:1
FNDA:3,(anonymous_1)
DA:1,3
DA:2,3
DA:3,3
DA:4,3
DA:5,3
DA:6,3
DA:7,3
DA:8,3
DA:9,3
DA:10,3
DA:49,3
DA:50,3
DA:51,3
DA:52,3
DA:53,3
DA:54,3
DA:55,3
DA:56,3
DA:59,3
DA:128,3
LF:20
LH:20
BRF:0
BRH:0
end_of_record
TN:
SF:src\database\models\ratings.ts
FN:25,(anonymous_1)
FNF:1
FNH:1
FNDA:3,(anonymous_1)
DA:1,3
DA:2,3
DA:3,3
DA:4,3
DA:26,3
DA:27,3
DA:30,3
DA:71,3
LF:8
LH:8
BRF:0
BRH:0
end_of_record
TN:
SF:src\database\models\users.ts
FN:34,(anonymous_1)
FNF:1
FNH:1
FNDA:3,(anonymous_1)
DA:1,3
DA:2,3
DA:3,3
DA:4,3
DA:5,3
DA:6,3
DA:7,3
DA:8,3
DA:35,3
DA:36,3
DA:37,3
DA:38,3
DA:39,3
DA:40,3
DA:43,3
DA:99,3
LF:16
LH:16
BRF:0
BRH:0
end_of_record
TN:
SF:src\database\models\wishlist.ts
FN:19,(anonymous_1)
FNF:1
FNH:1
FNDA:3,(anonymous_1)
DA:1,3
DA:2,3
DA:3,3
DA:4,3
DA:20,3
DA:21,3
DA:24,3
DA:57,3
LF:8
LH:8
BRF:0
BRH:0
end_of_record
TN:
SF:src\middleware\customError.ts
FN:7,(anonymous_0)
FN:20,(anonymous_1)
FNF:2
FNH:1
FNDA:1,(anonymous_0)
FNDA:0,(anonymous_1)
DA:3,3
DA:8,1
DA:9,1
DA:10,1
DA:11,1
DA:14,1
DA:15,1
DA:20,3
DA:21,0
DA:23,0
DA:32,0
LF:11
LH:8
BRDA:14,0,0,1
BRDA:21,1,0,0
BRDA:21,1,1,0
BRF:3
BRH:1
end_of_record
TN:
SF:src\middleware\errorHandler.ts
FN:4,(anonymous_0)
FNF:1
FNH:0
FNDA:0,(anonymous_0)
DA:2,3
DA:4,3
DA:5,0
DA:6,0
LF:4
LH:2
BRDA:5,0,0,0
BRF:1
BRH:0
end_of_record
TN:
SF:src\middleware\validateProduct.ts
FN:6,(anonymous_0)
FN:17,(anonymous_1)
FN:29,(anonymous_2)
FN:42,(anonymous_3)
FN:93,(anonymous_4)
FN:138,(anonymous_5)
FNF:6
FNH:0
FNDA:0,(anonymous_0)
FNDA:0,(anonymous_1)
FNDA:0,(anonymous_2)
FNDA:0,(anonymous_3)
FNDA:0,(anonymous_4)
FNDA:0,(anonymous_5)
DA:1,3
DA:3,3
DA:4,3
DA:7,0
DA:8,0
DA:9,0
DA:11,0
DA:15,3
DA:18,0
DA:19,0
DA:20,0
DA:22,0
DA:27,3
DA:30,0
DA:31,0
DA:32,0
DA:34,0
DA:38,3
DA:43,0
DA:44,0
DA:45,0
DA:47,0
DA:51,3
DA:94,0
DA:95,0
DA:96,0
DA:98,0
DA:101,3
DA:139,0
DA:140,0
DA:141,0
DA:143,0
LF:32
LH:8
BRDA:8,0,0,0
BRDA:8,0,1,0
BRDA:19,1,0,0
BRDA:19,1,1,0
BRDA:31,2,0,0
BRDA:31,2,1,0
BRDA:44,3,0,0
BRDA:44,3,1,0
BRDA:95,4,0,0
BRDA:140,5,0,0
BRF:10
BRH:0
end_of_record
TN:
SF:src\middleware\validateUser.ts
FN:18,(anonymous_7)
FN:18,(anonymous_8)
FN:27,(anonymous_9)
FN:30,(anonymous_10)
FN:58,(anonymous_11)
FN:61,(anonymous_12)
FN:84,(anonymous_13)
FN:87,(anonymous_14)
FN:108,(anonymous_15)
FN:108,(anonymous_16)
FN:114,(anonymous_17)
FN:117,(anonymous_18)
FNF:12
FNH:5
FNDA:0,(anonymous_7)
FNDA:0,(anonymous_8)
FNDA:1,(anonymous_9)
FNDA:9,(anonymous_10)
FNDA:0,(anonymous_11)
FNDA:0,(anonymous_12)
FNDA:0,(anonymous_13)
FNDA:0,(anonymous_14)
FNDA:1,(anonymous_15)
FNDA:1,(anonymous_16)
FNDA:1,(anonymous_17)
FNDA:0,(anonymous_18)
DA:1,3
DA:3,3
DA:4,3
DA:6,3
DA:18,0
DA:19,0
DA:20,0
DA:28,1
DA:29,1
DA:30,9
DA:34,1
DA:38,0
DA:41,3
DA:59,0
DA:60,0
DA:61,0
DA:65,0
DA:69,0
DA:74,3
DA:85,0
DA:86,0
DA:87,0
DA:91,0
DA:95,0
DA:98,3
DA:108,1
DA:109,1
DA:110,0
DA:115,1
DA:116,1
DA:117,0
DA:120,0
DA:124,1
LF:33
LH:16
BRDA:19,0,0,0
BRDA:29,1,0,1
BRDA:60,2,0,0
BRDA:86,3,0,0
BRDA:109,4,0,0
BRDA:116,5,0,0
BRF:6
BRH:1
end_of_record
TN:
SF:src\routes\productsRoutes.ts
FNF:0
FNH:0
DA:1,3
DA:2,3
DA:3,3
DA:11,3
DA:12,3
DA:14,3
DA:15,3
DA:16,3
DA:17,3
DA:18,3
DA:19,3
DA:21,3
DA:22,3
DA:23,3
DA:25,3
DA:26,3
DA:27,3
DA:29,3
DA:31,3
DA:34,3
DA:35,3
DA:36,3
DA:38,3
LF:23
LH:23
BRF:0
BRH:0
end_of_record
TN:
SF:src\routes\userRoutes.ts
FNF:0
FNH:0
DA:1,3
DA:2,3
DA:3,3
DA:4,3
DA:6,3
DA:9,3
DA:10,3
DA:11,3
DA:12,3
DA:13,3
DA:14,3
LF:11
LH:11
BRF:0
BRH:0
end_of_record
TN:
SF:src\utils\ProductsUtils.ts
FN:10,updateProductById
FN:48,createNewProductTransaction
FN:63,(anonymous_12)
FN:66,(anonymous_13)
FN:70,(anonymous_14)
FN:70,(anonymous_15)
FN:102,deleteProductById
FN:104,(anonymous_18)
FN:104,(anonymous_19)
FN:112,getProductPageById
FN:155,searchBar
FN:190,getCardOneProducts
FN:221,getCardTwoProducts
FN:252,getCardThreeProducts
FN:283,getProductsByCategoryId
FN:314,getProductsByBrandId
FN:347,getAllCategories
FN:351,getAllBrands
FN:355,getNewArrivals
FN:388,getNewArrivalsHome
FN:422,getHandPickedCollections
FN:456,updateUserReviewTransaction
FN:463,(anonymous_46)
FN:463,(anonymous_47)
FN:530,reduceFromCart
FN:543,deleteFromCart
FN:550,addToCart
FN:558,toggleWishList
FN:571,createCategory
FN:579,createBrand
FNF:30
FNH:1
FNDA:0,updateProductById
FNDA:0,createNewProductTransaction
FNDA:0,(anonymous_12)
FNDA:0,(anonymous_13)
FNDA:0,(anonymous_14)
FNDA:0,(anonymous_15)
FNDA:0,deleteProductById
FNDA:0,(anonymous_18)
FNDA:0,(anonymous_19)
FNDA:0,getProductPageById
FNDA:0,searchBar
FNDA:0,getCardOneProducts
FNDA:0,getCardTwoProducts
FNDA:0,getCardThreeProducts
FNDA:0,getProductsByCategoryId
FNDA:0,getProductsByBrandId
FNDA:0,getAllCategories
FNDA:0,getAllBrands
FNDA:0,getNewArrivals
FNDA:0,getNewArrivalsHome
FNDA:0,getHandPickedCollections
FNDA:0,updateUserReviewTransaction
FNDA:0,(anonymous_46)
FNDA:0,(anonymous_47)
FNDA:0,reduceFromCart
FNDA:0,deleteFromCart
FNDA:0,addToCart
FNDA:0,toggleWishList
FNDA:0,createCategory
FNDA:1,createBrand
DA:1,3
DA:2,3
DA:3,3
DA:4,3
DA:7,3
DA:10,3
DA:22,0
DA:23,0
DA:24,0
DA:25,0
DA:27,0
DA:45,0
DA:48,3
DA:63,0
DA:64,0
DA:66,0
DA:67,0
DA:69,0
DA:70,0
DA:71,0
DA:98,0
DA:99,0
DA:102,3
DA:103,0
DA:104,0
DA:105,0
DA:106,0
DA:109,0
DA:112,3
DA:113,0
DA:149,0
DA:150,0
DA:152,0
DA:155,3
DA:156,0
DA:184,0
DA:185,0
DA:187,0
DA:190,3
DA:191,0
DA:215,0
DA:216,0
DA:218,0
DA:221,3
DA:222,0
DA:246,0
DA:247,0
DA:249,0
DA:252,3
DA:253,0
DA:277,0
DA:278,0
DA:280,0
DA:283,3
DA:284,0
DA:308,0
DA:309,0
DA:311,0
DA:314,3
DA:315,0
DA:339,0
DA:340,0
DA:342,0
DA:347,3
DA:348,0
DA:349,0
DA:351,3
DA:352,0
DA:353,0
DA:355,3
DA:356,0
DA:357,0
DA:358,0
DA:382,0
DA:383,0
DA:385,0
DA:388,3
DA:389,0
DA:390,0
DA:391,0
DA:416,0
DA:417,0
DA:419,0
DA:422,3
DA:423,0
DA:448,0
DA:449,0
DA:451,0
DA:456,3
DA:461,0
DA:462,0
DA:463,0
DA:465,0
DA:468,0
DA:470,0
DA:471,0
DA:480,0
DA:484,0
DA:485,0
DA:492,0
DA:496,0
DA:497,0
DA:501,0
DA:505,0
DA:507,0
DA:508,0
DA:513,0
DA:516,0
DA:519,0
DA:520,0
DA:523,0
DA:525,0
DA:526,0
DA:530,3
DA:531,0
DA:532,0
DA:533,0
DA:534,0
DA:536,0
DA:539,0
DA:540,0
DA:543,3
DA:544,0
DA:545,0
DA:547,0
DA:550,3
DA:551,0
DA:552,0
DA:554,0
DA:558,3
DA:559,0
DA:560,0
DA:561,0
DA:562,0
DA:564,0
DA:567,0
DA:571,3
DA:572,0
DA:573,0
DA:575,0
DA:576,0
DA:579,3
DA:580,1
DA:581,1
DA:583,0
DA:584,0
LF:146
LH:29
BRDA:24,0,0,0
BRDA:24,0,1,0
BRDA:29,1,0,0
BRDA:29,1,1,0
BRDA:30,2,0,0
BRDA:30,2,1,0
BRDA:31,3,0,0
BRDA:31,3,1,0
BRDA:32,4,0,0
BRDA:32,4,1,0
BRDA:33,5,0,0
BRDA:33,5,1,0
BRDA:34,6,0,0
BRDA:34,6,1,0
BRDA:35,7,0,0
BRDA:35,7,1,0
BRDA:36,8,0,0
BRDA:36,8,1,0
BRDA:37,9,0,0
BRDA:37,9,1,0
BRDA:75,10,0,0
BRDA:75,10,1,0
BRDA:149,11,0,0
BRDA:149,11,1,0
BRDA:184,12,0,0
BRDA:184,12,1,0
BRDA:215,13,0,0
BRDA:215,13,1,0
BRDA:246,14,0,0
BRDA:246,14,1,0
BRDA:277,15,0,0
BRDA:277,15,1,0
BRDA:308,16,0,0
BRDA:308,16,1,0
BRDA:339,17,0,0
BRDA:339,17,1,0
BRDA:382,18,0,0
BRDA:382,18,1,0
BRDA:416,19,0,0
BRDA:416,19,1,0
BRDA:448,20,0,0
BRDA:448,20,1,0
BRDA:461,21,0,0
BRDA:461,22,0,0
BRDA:461,22,1,0
BRDA:468,23,0,0
BRDA:468,23,1,0
BRDA:474,24,0,0
BRDA:474,24,1,0
BRDA:475,25,0,0
BRDA:475,25,1,0
BRDA:487,26,0,0
BRDA:487,26,1,0
BRDA:488,27,0,0
BRDA:488,27,1,0
BRDA:505,28,0,0
BRDA:505,28,1,0
BRDA:505,29,0,0
BRDA:505,29,1,0
BRDA:519,30,0,0
BRDA:525,31,0,0
BRDA:533,32,0,0
BRDA:533,32,1,0
BRDA:539,33,0,0
BRDA:561,34,0,0
BRDA:561,34,1,0
BRF:66
BRH:0
end_of_record
TN:
SF:src\utils\UsersUtils.ts
FN:7,findUserByEmail
FN:18,checkIfUserEmailExists
FN:27,createUserDB
FN:54,getUserById
FN:59,updateUserById
FN:79,getUserProfile
FNF:6
FNH:3
FNDA:2,findUserByEmail
FNDA:1,checkIfUserEmailExists
FNDA:1,createUserDB
FNDA:0,getUserById
FNDA:0,updateUserById
FNDA:0,getUserProfile
DA:1,3
DA:2,3
DA:3,3
DA:5,3
DA:7,3
DA:8,2
DA:11,2
DA:12,2
DA:14,0
DA:18,3
DA:19,1
DA:20,1
DA:21,1
DA:23,0
DA:27,3
DA:37,1
DA:38,1
DA:39,1
DA:49,0
DA:51,1
DA:54,3
DA:55,0
DA:56,0
DA:57,0
DA:59,3
DA:60,0
DA:61,0
DA:62,0
DA:75,0
DA:79,3
DA:80,0
DA:84,0
DA:85,0
DA:87,0
LF:34
LH:20
BRDA:11,0,0,2
BRDA:11,0,1,0
BRDA:56,1,0,0
BRDA:64,2,0,0
BRDA:64,2,1,0
BRDA:65,3,0,0
BRDA:65,3,1,0
BRDA:66,4,0,0
BRDA:66,4,1,0
BRDA:67,5,0,0
BRDA:67,5,1,0
BRDA:68,6,0,0
BRDA:68,6,1,0
BRDA:84,7,0,0
BRDA:84,7,1,0
BRF:15
BRH:1
end_of_record
TN:
SF:src\utils\testErorrs.ts
FNF:0
FNH:0
DA:2,1
LF:1
LH:1
BRF:0
BRH:0
end_of_record
TN:
SF:src\utils\tokenUtils.ts
FN:9,(anonymous_1)
FN:15,(anonymous_2)
FN:16,(anonymous_3)
FN:22,(anonymous_4)
FNF:4
FNH:2
FNDA:1,(anonymous_1)
FNDA:33,(anonymous_2)
FNDA:0,(anonymous_3)
FNDA:0,(anonymous_4)
DA:2,3
DA:9,3
DA:10,1
DA:12,1
DA:13,1
DA:15,3
DA:16,33
DA:17,0
DA:18,0
DA:19,0
DA:20,0
DA:22,0
DA:23,0
DA:24,0
DA:26,0
DA:27,0
DA:28,0
DA:29,0
DA:30,0
DA:32,0
DA:38,3
LF:21
LH:8
BRDA:18,0,0,0
BRDA:18,0,1,0
BRDA:19,1,0,0
BRDA:23,2,0,0
BRDA:23,3,0,0
BRDA:23,3,1,0
BRDA:27,4,0,0
BRDA:27,4,1,0
BRDA:29,5,0,0
BRDA:29,5,1,0
BRDA:29,6,0,0
BRDA:29,6,1,0
BRF:12
BRH:0
end_of_record
