TN:
SF:src\server.ts
FN:15,(anonymous_8)
FN:38,(anonymous_9)
FN:38,(anonymous_10)
FN:42,(anonymous_11)
FN:44,(anonymous_12)
FNF:5
FNH:2
FNDA:1,(anonymous_8)
FNDA:0,(anonymous_9)
FNDA:0,(anonymous_10)
FNDA:0,(anonymous_11)
FNDA:1,(anonymous_12)
DA:1,1
DA:2,1
DA:3,1
DA:4,1
DA:5,1
DA:7,1
DA:8,1
DA:9,1
DA:10,1
DA:12,1
DA:13,1
DA:15,1
DA:16,1
DA:18,1
DA:20,1
DA:21,1
DA:22,1
DA:23,1
DA:25,1
DA:26,1
DA:27,1
DA:29,1
DA:31,1
DA:33,1
DA:35,1
DA:36,0
DA:38,0
DA:39,0
DA:40,0
DA:42,0
DA:44,1
DA:45,1
LF:32
LH:27
BRDA:18,0,0,1
BRDA:18,0,1,1
BRDA:35,1,0,0
BRF:3
BRH:2
end_of_record
TN:
SF:src\config\databaseConfig.ts
FNF:0
FNH:0
DA:1,1
DA:3,1
DA:14,1
DA:15,1
DA:24,0
LF:5
LH:4
BRDA:14,0,0,1
BRDA:14,0,1,0
BRDA:16,1,0,1
BRDA:16,1,1,0
BRDA:17,2,0,1
BRDA:17,2,1,0
BRDA:18,3,0,1
BRDA:18,3,1,0
BRDA:19,4,0,1
BRDA:19,4,1,0
BRDA:20,5,0,1
BRDA:20,5,1,0
BRDA:21,6,0,1
BRDA:21,6,1,0
BRDA:25,7,0,0
BRDA:25,7,1,0
BRDA:26,8,0,0
BRDA:26,8,1,0
BRDA:27,9,0,0
BRDA:27,9,1,0
BRDA:28,10,0,0
BRDA:28,10,1,0
BRDA:29,11,0,0
BRDA:29,11,1,0
BRDA:30,12,0,0
BRDA:30,12,1,0
BRF:26
BRH:7
end_of_record
TN:
SF:src\controllers\homePageController.ts
FN:3,(anonymous_7)
FN:3,(anonymous_8)
FNF:2
FNH:0
FNDA:0,(anonymous_7)
FNDA:0,(anonymous_8)
DA:2,1
DA:3,1
DA:4,0
DA:5,0
DA:6,0
DA:7,0
LF:6
LH:2
BRF:0
BRH:0
end_of_record
TN:
SF:src\controllers\productsController.ts
FN:13,(anonymous_7)
FN:13,(anonymous_8)
FN:24,(anonymous_9)
FN:24,(anonymous_10)
FN:34,(anonymous_11)
FN:34,(anonymous_12)
FN:43,(anonymous_13)
FN:43,(anonymous_14)
FN:51,(anonymous_15)
FN:51,(anonymous_16)
FN:60,(anonymous_17)
FN:60,(anonymous_18)
FN:69,(anonymous_19)
FN:69,(anonymous_20)
FN:78,(anonymous_21)
FN:78,(anonymous_22)
FNF:16
FNH:2
FNDA:1,(anonymous_7)
FNDA:1,(anonymous_8)
FNDA:0,(anonymous_9)
FNDA:0,(anonymous_10)
FNDA:0,(anonymous_11)
FNDA:0,(anonymous_12)
FNDA:0,(anonymous_13)
FNDA:0,(anonymous_14)
FNDA:0,(anonymous_15)
FNDA:0,(anonymous_16)
FNDA:0,(anonymous_17)
FNDA:0,(anonymous_18)
FNDA:0,(anonymous_19)
FNDA:0,(anonymous_20)
FNDA:0,(anonymous_21)
FNDA:0,(anonymous_22)
DA:2,1
DA:13,1
DA:14,1
DA:15,1
DA:16,1
DA:17,0
DA:18,0
DA:20,1
DA:24,1
DA:25,0
DA:26,0
DA:27,0
DA:28,0
DA:30,0
DA:34,1
DA:35,0
DA:36,0
DA:37,0
DA:38,0
DA:40,0
DA:43,1
DA:44,0
DA:45,0
DA:46,0
DA:48,0
DA:51,1
DA:52,0
DA:53,0
DA:54,0
DA:56,0
DA:60,1
DA:61,0
DA:62,0
DA:63,0
DA:65,0
DA:69,1
DA:70,0
DA:71,0
DA:72,0
DA:73,0
DA:75,0
DA:78,1
DA:79,0
DA:80,0
DA:81,0
DA:82,0
DA:84,0
LF:47
LH:13
BRF:0
BRH:0
end_of_record
TN:
SF:src\controllers\userController.ts
FN:9,(anonymous_8)
FN:11,(anonymous_9)
FN:11,(anonymous_10)
FN:47,(anonymous_11)
FN:47,(anonymous_12)
FN:76,(anonymous_13)
FN:76,(anonymous_14)
FN:95,(anonymous_15)
FN:95,(anonymous_16)
FNF:9
FNH:0
FNDA:0,(anonymous_8)
FNDA:0,(anonymous_9)
FNDA:0,(anonymous_10)
FNDA:0,(anonymous_11)
FNDA:0,(anonymous_12)
FNDA:0,(anonymous_13)
FNDA:0,(anonymous_14)
FNDA:0,(anonymous_15)
FNDA:0,(anonymous_16)
DA:2,1
DA:4,1
DA:6,1
DA:9,1
DA:11,1
DA:12,0
DA:14,0
DA:16,0
DA:38,0
DA:39,0
DA:42,0
DA:43,0
DA:47,1
DA:48,0
DA:50,0
DA:52,0
DA:58,0
DA:60,0
DA:61,0
DA:64,0
DA:65,0
DA:67,0
DA:68,0
DA:69,0
DA:71,0
DA:72,0
DA:76,1
DA:77,0
DA:78,0
DA:79,0
DA:84,0
DA:85,0
DA:87,0
DA:90,0
DA:91,0
DA:95,1
DA:96,0
DA:97,0
LF:38
LH:8
BRDA:60,0,0,0
BRDA:64,1,0,0
BRDA:84,2,0,0
BRF:3
BRH:0
end_of_record
TN:
SF:src\database\connection.ts
FNF:0
FNH:0
DA:1,1
DA:2,1
DA:3,1
DA:20,1
LF:4
LH:4
BRF:0
BRH:0
end_of_record
TN:
SF:src\database\dbHelper.ts
FN:6,(anonymous_8)
FN:6,(anonymous_9)
FNF:2
FNH:0
FNDA:0,(anonymous_8)
FNDA:0,(anonymous_9)
DA:3,1
DA:6,0
DA:8,0
DA:21,1
LF:4
LH:2
BRF:0
BRH:0
end_of_record
TN:
SF:src\database\index.ts
FN:14,(anonymous_1)
FNF:1
FNH:1
FNDA:1,(anonymous_1)
DA:1,1
DA:2,1
DA:3,1
DA:4,1
DA:5,1
DA:6,1
DA:7,1
DA:8,1
DA:9,1
DA:10,1
DA:11,1
DA:12,1
DA:13,1
DA:14,1
DA:15,1
DA:16,1
DA:17,1
DA:18,1
DA:19,1
DA:20,1
DA:21,1
DA:22,1
DA:23,1
DA:24,1
DA:25,1
DA:26,1
DA:27,1
DA:29,1
LF:28
LH:28
BRF:0
BRH:0
end_of_record
TN:
SF:src\database\models\Coupons.ts
FN:17,(anonymous_1)
FNF:1
FNH:1
FNDA:1,(anonymous_1)
DA:1,1
DA:2,1
DA:20,1
DA:51,1
LF:4
LH:4
BRF:0
BRH:0
end_of_record
TN:
SF:src\database\models\Images.ts
FN:17,(anonymous_1)
FNF:1
FNH:1
FNDA:1,(anonymous_1)
DA:1,1
DA:2,1
DA:3,1
DA:18,1
DA:21,1
DA:53,1
LF:6
LH:6
BRF:0
BRH:0
end_of_record
TN:
SF:src\database\models\ProductsCategories.ts
FN:18,(anonymous_1)
FNF:1
FNH:1
FNDA:1,(anonymous_1)
DA:1,1
DA:2,1
DA:3,1
DA:4,1
DA:19,1
DA:20,1
DA:23,1
DA:57,1
LF:8
LH:8
BRF:0
BRH:0
end_of_record
TN:
SF:src\database\models\Transactions.ts
FN:25,(anonymous_1)
FNF:1
FNH:1
FNDA:1,(anonymous_1)
DA:1,1
DA:2,1
DA:3,1
DA:4,1
DA:26,1
DA:27,1
DA:30,1
DA:70,1
LF:8
LH:8
BRF:0
BRH:0
end_of_record
TN:
SF:src\database\models\address.ts
FN:29,(anonymous_1)
FNF:1
FNH:1
FNDA:1,(anonymous_1)
DA:1,1
DA:2,1
DA:3,1
DA:4,1
DA:30,1
DA:31,1
DA:34,1
DA:86,1
LF:8
LH:8
BRF:0
BRH:0
end_of_record
TN:
SF:src\database\models\brands.ts
FN:18,(anonymous_1)
FNF:1
FNH:1
FNDA:1,(anonymous_1)
DA:1,1
DA:2,1
DA:3,1
DA:19,1
DA:22,1
DA:52,1
LF:6
LH:6
BRF:0
BRH:0
end_of_record
TN:
SF:src\database\models\cart.ts
FN:18,(anonymous_1)
FNF:1
FNH:1
FNDA:1,(anonymous_1)
DA:1,1
DA:2,1
DA:3,1
DA:4,1
DA:19,1
DA:20,1
DA:23,1
DA:56,1
LF:8
LH:8
BRF:0
BRH:0
end_of_record
TN:
SF:src\database\models\categories.ts
FN:19,(anonymous_1)
FNF:1
FNH:1
FNDA:1,(anonymous_1)
DA:1,1
DA:2,1
DA:3,1
DA:4,1
DA:20,1
DA:21,1
DA:25,1
DA:54,1
LF:8
LH:8
BRF:0
BRH:0
end_of_record
TN:
SF:src\database\models\orders.ts
FN:25,(anonymous_1)
FNF:1
FNH:1
FNDA:1,(anonymous_1)
DA:1,1
DA:2,1
DA:3,1
DA:4,1
DA:5,1
DA:6,1
DA:26,1
DA:27,1
DA:28,1
DA:29,1
DA:33,1
DA:78,1
LF:12
LH:12
BRF:0
BRH:0
end_of_record
TN:
SF:src\database\models\products.ts
FN:48,(anonymous_1)
FNF:1
FNH:1
FNDA:1,(anonymous_1)
DA:1,1
DA:2,1
DA:3,1
DA:4,1
DA:5,1
DA:6,1
DA:7,1
DA:8,1
DA:9,1
DA:10,1
DA:49,1
DA:50,1
DA:51,1
DA:52,1
DA:53,1
DA:54,1
DA:55,1
DA:56,1
DA:59,1
DA:127,1
LF:20
LH:20
BRF:0
BRH:0
end_of_record
TN:
SF:src\database\models\ratings.ts
FN:25,(anonymous_1)
FNF:1
FNH:1
FNDA:1,(anonymous_1)
DA:1,1
DA:2,1
DA:3,1
DA:4,1
DA:26,1
DA:27,1
DA:30,1
DA:71,1
LF:8
LH:8
BRF:0
BRH:0
end_of_record
TN:
SF:src\database\models\users.ts
FN:34,(anonymous_1)
FNF:1
FNH:1
FNDA:1,(anonymous_1)
DA:1,1
DA:2,1
DA:3,1
DA:4,1
DA:5,1
DA:6,1
DA:7,1
DA:8,1
DA:35,1
DA:36,1
DA:37,1
DA:38,1
DA:39,1
DA:40,1
DA:43,1
DA:99,1
LF:16
LH:16
BRF:0
BRH:0
end_of_record
TN:
SF:src\database\models\wishlist.ts
FN:19,(anonymous_1)
FNF:1
FNH:1
FNDA:1,(anonymous_1)
DA:1,1
DA:2,1
DA:3,1
DA:4,1
DA:20,1
DA:21,1
DA:24,1
DA:57,1
LF:8
LH:8
BRF:0
BRH:0
end_of_record
TN:
SF:src\middleware\errorHandler.ts
FN:3,(anonymous_0)
FNF:1
FNH:1
FNDA:1,(anonymous_0)
DA:3,1
DA:6,1
LF:2
LH:2
BRF:0
BRH:0
end_of_record
TN:
SF:src\middleware\validateProduct.ts
FN:6,(anonymous_0)
FN:17,(anonymous_1)
FNF:2
FNH:1
FNDA:1,(anonymous_0)
FNDA:0,(anonymous_1)
DA:1,1
DA:3,1
DA:4,1
DA:7,1
DA:8,1
DA:9,0
DA:11,1
DA:15,1
DA:18,0
DA:19,0
DA:20,0
DA:22,0
LF:12
LH:7
BRDA:8,0,0,0
BRDA:8,0,1,1
BRDA:19,1,0,0
BRDA:19,1,1,0
BRF:4
BRH:1
end_of_record
TN:
SF:src\middleware\validateUser.ts
FN:25,(anonymous_7)
FN:25,(anonymous_8)
FN:44,(anonymous_9)
FN:48,(anonymous_10)
FN:73,(anonymous_11)
FN:76,(anonymous_12)
FN:89,findUserByEmail
FN:95,checkIfUserEmailExists
FNF:8
FNH:0
FNDA:0,(anonymous_7)
FNDA:0,(anonymous_8)
FNDA:0,(anonymous_9)
FNDA:0,(anonymous_10)
FNDA:0,(anonymous_11)
FNDA:0,(anonymous_12)
FNDA:0,findUserByEmail
FNDA:0,checkIfUserEmailExists
DA:1,1
DA:3,1
DA:8,1
DA:25,0
DA:26,0
DA:27,0
DA:45,0
DA:46,0
DA:48,0
DA:53,0
DA:58,0
DA:63,1
DA:74,0
DA:75,0
DA:76,0
DA:80,0
DA:85,0
DA:89,1
DA:90,0
DA:95,1
DA:96,0
DA:97,0
LF:22
LH:6
BRDA:26,0,0,0
BRDA:46,1,0,0
BRDA:75,2,0,0
BRF:3
BRH:0
end_of_record
TN:
SF:src\routes\productsRoutes.ts
FNF:0
FNH:0
DA:1,1
DA:2,1
DA:12,1
DA:14,1
DA:16,1
DA:17,1
DA:18,1
DA:19,1
DA:20,1
DA:21,1
DA:22,1
DA:23,1
DA:24,1
LF:13
LH:13
BRF:0
BRH:0
end_of_record
TN:
SF:src\routes\userRoutes.ts
FNF:0
FNH:0
DA:1,1
DA:2,1
DA:3,1
DA:5,1
DA:8,1
DA:9,1
DA:10,1
DA:21,1
LF:8
LH:8
BRF:0
BRH:0
end_of_record
TN:
SF:src\utils\ProductsUtils.ts
FN:8,updateUserReviewTransaction
FN:14,(anonymous_10)
FN:14,(anonymous_11)
FN:78,createNewProductTransaction
FN:93,(anonymous_14)
FN:96,(anonymous_15)
FN:100,(anonymous_16)
FN:100,(anonymous_17)
FN:158,getProductPageById
FN:201,searchByBrandName
FN:231,searchByProductNameOrTags
FN:261,searchForProductsOrBrands
FN:268,deleteProductById
FN:271,(anonymous_28)
FN:271,(anonymous_29)
FN:278,getCardOneProducts
FN:308,getCardTwoProducts
FN:338,getCardThreeProducts
FN:368,getProductsByCategoryId
FN:398,getProductsByBrandId
FN:430,getAllCategories
FN:434,getAllBrands
FN:438,getNewArrivals
FN:470,getHandPickedCollections
FNF:24
FNH:1
FNDA:0,updateUserReviewTransaction
FNDA:0,(anonymous_10)
FNDA:0,(anonymous_11)
FNDA:0,createNewProductTransaction
FNDA:0,(anonymous_14)
FNDA:0,(anonymous_15)
FNDA:0,(anonymous_16)
FNDA:0,(anonymous_17)
FNDA:1,getProductPageById
FNDA:0,searchByBrandName
FNDA:0,searchByProductNameOrTags
FNDA:0,searchForProductsOrBrands
FNDA:0,deleteProductById
FNDA:0,(anonymous_28)
FNDA:0,(anonymous_29)
FNDA:0,getCardOneProducts
FNDA:0,getCardTwoProducts
FNDA:0,getCardThreeProducts
FNDA:0,getProductsByCategoryId
FNDA:0,getProductsByBrandId
FNDA:0,getAllCategories
FNDA:0,getAllBrands
FNDA:0,getNewArrivals
FNDA:0,getHandPickedCollections
DA:1,1
DA:2,1
DA:3,1
DA:4,1
DA:8,1
DA:13,0
DA:14,0
DA:16,0
DA:19,0
DA:21,0
DA:22,0
DA:31,0
DA:35,0
DA:36,0
DA:43,0
DA:47,0
DA:48,0
DA:52,0
DA:56,0
DA:58,0
DA:59,0
DA:64,0
DA:67,0
DA:70,0
DA:73,0
DA:75,0
DA:78,1
DA:93,0
DA:94,0
DA:96,0
DA:97,0
DA:99,0
DA:100,0
DA:101,0
DA:125,0
DA:127,0
DA:158,1
DA:159,1
DA:194,1
DA:195,0
DA:198,1
DA:201,1
DA:202,0
DA:225,0
DA:226,0
DA:228,0
DA:231,1
DA:232,0
DA:255,0
DA:256,0
DA:258,0
DA:261,1
DA:262,0
DA:263,0
DA:265,0
DA:266,0
DA:268,1
DA:270,0
DA:271,0
DA:272,0
DA:273,0
DA:278,1
DA:279,0
DA:302,0
DA:303,0
DA:305,0
DA:308,1
DA:309,0
DA:332,0
DA:333,0
DA:335,0
DA:338,1
DA:339,0
DA:362,0
DA:363,0
DA:365,0
DA:368,1
DA:369,0
DA:392,0
DA:393,0
DA:395,0
DA:398,1
DA:399,0
DA:422,0
DA:423,0
DA:425,0
DA:430,1
DA:431,0
DA:432,0
DA:434,1
DA:435,0
DA:436,0
DA:438,1
DA:439,0
DA:440,0
DA:441,0
DA:464,0
DA:465,0
DA:467,0
DA:470,1
DA:471,0
DA:495,0
DA:496,0
DA:498,0
LF:104
LH:23
BRDA:19,0,0,0
BRDA:19,0,1,0
BRDA:25,1,0,0
BRDA:25,1,1,0
BRDA:26,2,0,0
BRDA:26,2,1,0
BRDA:38,3,0,0
BRDA:38,3,1,0
BRDA:39,4,0,0
BRDA:39,4,1,0
BRDA:56,5,0,0
BRDA:56,5,1,0
BRDA:56,6,0,0
BRDA:56,6,1,0
BRDA:194,7,0,0
BRDA:194,7,1,1
BRDA:225,8,0,0
BRDA:225,8,1,0
BRDA:255,9,0,0
BRDA:255,9,1,0
BRDA:265,10,0,0
BRDA:265,11,0,0
BRDA:265,11,1,0
BRDA:302,12,0,0
BRDA:302,12,1,0
BRDA:332,13,0,0
BRDA:332,13,1,0
BRDA:362,14,0,0
BRDA:362,14,1,0
BRDA:392,15,0,0
BRDA:392,15,1,0
BRDA:422,16,0,0
BRDA:422,16,1,0
BRDA:464,17,0,0
BRDA:464,17,1,0
BRDA:495,18,0,0
BRDA:495,18,1,0
BRF:37
BRH:1
end_of_record
